2024-05-28 18:37:41,098 [INFO] Activator:176 - 


2024-05-28 18:37:41,107 [INFO] Activator:177 - !SESSION log4j initialized
2024-05-28 18:37:45,217 [INFO] LogOutputStream:77 - [STDOUT_REDIRECT] 
2024-05-28 18:37:53,938 [INFO] ApplicationProperties:184 - Using Application install path: C:\ST\STM32CubeIDE_1.14.1\STM32CubeIDE\plugins\com.st.stm32cube.common.mx_6.11.1.202404110753
2024-05-28 18:37:53,961 [INFO] DbMcusXml:78 - Set database path to: C:\ST\STM32CubeIDE_1.14.1\STM32CubeIDE\plugins\com.st.stm32cube.common.mx_6.11.1.202404110753\\db\/mcu/
2024-05-28 18:37:53,961 [INFO] ApiDb:274 - Set plugin database path to: C:\ST\STM32CubeIDE_1.14.1\STM32CubeIDE\plugins\com.st.stm32cube.common.mx_6.11.1.202404110753\\db\/plugins/boardmanager/
2024-05-28 18:37:53,962 [WARN] ApiDb:259 - Overriding images path with different value:  => C:\ST\STM32CubeIDE_1.14.1\STM32CubeIDE\plugins\com.st.stm32cube.common.mx_6.11.1.202404110753\\db\/plugins/mcufinder/images/
2024-05-28 18:37:53,974 [INFO] ApiDb:250 - Set database path to: C:\Users\ACER\.stmcufinder\plugins\mcufinder//mcu/
2024-05-28 18:37:53,975 [INFO] DbMcusAds:125 - Set database path to: C:\Users\ACER\.stmcufinder\plugins\mcufinder//mcu/
2024-05-28 18:37:53,977 [INFO] CrossReferenceDbSqlite:203 - Set database path to: C:\Users\ACER\.stmcufinder\plugins\mcufinder//mcu/cs/
2024-05-28 18:37:54,143 [INFO] RulesReader:64 - Compatibility file has been processed (297 Rules)
2024-05-28 18:37:54,293 [INFO] DbMcusXml:78 - Set database path to: C:\ST\STM32CubeIDE_1.14.1\STM32CubeIDE\plugins\com.st.stm32cube.common.mx_6.11.1.202404110753\\db\/mcu/
2024-05-28 18:37:54,293 [INFO] ApiDb:274 - Set plugin database path to: C:\ST\STM32CubeIDE_1.14.1\STM32CubeIDE\plugins\com.st.stm32cube.common.mx_6.11.1.202404110753\\db\/plugins/boardmanager/
2024-05-28 18:37:54,293 [INFO] ApiDb:261 - Set plugin images path to: C:\ST\STM32CubeIDE_1.14.1\STM32CubeIDE\plugins\com.st.stm32cube.common.mx_6.11.1.202404110753\\db\/plugins/mcufinder/images/
2024-05-28 18:37:54,293 [WARN] DbFile:41 - Overriding database path with different value: C:\Users\ACER\.stmcufinder\plugins\mcufinder/ => C:\Users\ACER\.stmcufinder\plugins\mcufinder
2024-05-28 18:37:54,294 [INFO] ApiDb:250 - Set database path to: C:\Users\ACER\.stmcufinder\plugins\mcufinder//mcu/
2024-05-28 18:37:54,294 [WARN] DbFile:41 - Overriding database path with different value: C:\Users\ACER\.stmcufinder\plugins\mcufinder/ => C:\Users\ACER\.stmcufinder\plugins\mcufinder
2024-05-28 18:37:54,294 [INFO] DbMcusAds:125 - Set database path to: C:\Users\ACER\.stmcufinder\plugins\mcufinder//mcu/
2024-05-28 18:37:54,294 [WARN] DbFile:41 - Overriding database path with different value: C:\Users\ACER\.stmcufinder\plugins\mcufinder/ => C:\Users\ACER\.stmcufinder\plugins\mcufinder
2024-05-28 18:37:54,294 [WARN] DbFile:41 - Overriding database path with different value: C:\Users\ACER\.stmcufinder\plugins\mcufinder/ => C:\Users\ACER\.stmcufinder\plugins\mcufinder
2024-05-28 18:37:54,294 [INFO] CrossReferenceDbSqlite:203 - Set database path to: C:\Users\ACER\.stmcufinder\plugins\mcufinder//mcu/cs/
2024-05-28 18:37:54,425 [INFO] MainPanel:264 - HeapMemory: 268435456
2024-05-28 18:37:54,575 [INFO] DbMcusXml:78 - Set database path to: C:\ST\STM32CubeIDE_1.14.1\STM32CubeIDE\plugins\com.st.stm32cube.common.mx_6.11.1.202404110753\\db\/mcu/
2024-05-28 18:37:54,575 [INFO] ApiDb:274 - Set plugin database path to: C:\ST\STM32CubeIDE_1.14.1\STM32CubeIDE\plugins\com.st.stm32cube.common.mx_6.11.1.202404110753\\db\/plugins/boardmanager/
2024-05-28 18:37:54,575 [INFO] ApiDb:261 - Set plugin images path to: C:\ST\STM32CubeIDE_1.14.1\STM32CubeIDE\plugins\com.st.stm32cube.common.mx_6.11.1.202404110753\\db\/plugins/mcufinder/images/
2024-05-28 18:37:54,576 [WARN] DbFile:41 - Overriding database path with different value: C:\Users\ACER\.stmcufinder\plugins\mcufinder/ => C:\Users\ACER\.stmcufinder\plugins\mcufinder
2024-05-28 18:37:54,576 [INFO] ApiDb:250 - Set database path to: C:\Users\ACER\.stmcufinder\plugins\mcufinder//mcu/
2024-05-28 18:37:54,576 [WARN] DbFile:41 - Overriding database path with different value: C:\Users\ACER\.stmcufinder\plugins\mcufinder/ => C:\Users\ACER\.stmcufinder\plugins\mcufinder
2024-05-28 18:37:54,576 [INFO] DbMcusAds:125 - Set database path to: C:\Users\ACER\.stmcufinder\plugins\mcufinder//mcu/
2024-05-28 18:37:54,576 [WARN] DbFile:41 - Overriding database path with different value: C:\Users\ACER\.stmcufinder\plugins\mcufinder/ => C:\Users\ACER\.stmcufinder\plugins\mcufinder
2024-05-28 18:37:54,577 [WARN] DbFile:41 - Overriding database path with different value: C:\Users\ACER\.stmcufinder\plugins\mcufinder/ => C:\Users\ACER\.stmcufinder\plugins\mcufinder
2024-05-28 18:37:54,577 [INFO] CrossReferenceDbSqlite:203 - Set database path to: C:\Users\ACER\.stmcufinder\plugins\mcufinder//mcu/cs/
2024-05-28 18:37:54,602 [INFO] ApplicationProperties:184 - Using Application install path: C:\ST\STM32CubeIDE_1.14.1\STM32CubeIDE\plugins\com.st.stm32cube.common.mx_6.11.1.202404110753
2024-05-28 18:37:54,604 [INFO] PluginManage:196 - Search for loadable plugins [exclusion list=, ]
2024-05-28 18:37:54,606 [INFO] PluginManage:310 - Check plugin analytics
2024-05-28 18:37:59,793 [INFO] AnalyticsPlugin:253 - Accepted Software Licenses: 
2024-05-28 18:37:59,793 [INFO] AnalyticsPlugin:255 - Accepted CMSIS Pack Licenses: 
2024-05-28 18:37:59,793 [INFO] AnalyticsPlugin:257 - Accepted Firmware Licenses: FW.F4.1.28.0
2024-05-28 18:37:59,794 [INFO] PluginManage:359 - Loaded plugin analytics (category:tool,tabindex:-1)
2024-05-28 18:37:59,794 [INFO] PluginManage:310 - Check plugin cadmodel
2024-05-28 18:37:59,853 [INFO] CADModel:105 - Init CAD model plugin
2024-05-28 18:37:59,853 [INFO] PluginManage:359 - Loaded plugin cadmodel (category:power,tabindex:5)
2024-05-28 18:37:59,853 [INFO] PluginManage:310 - Check plugin clock
2024-05-28 18:37:59,880 [INFO] PluginManage:359 - Loaded plugin clock (category:base,tabindex:2)
2024-05-28 18:37:59,880 [INFO] PluginManage:310 - Check plugin ddr
2024-05-28 18:37:59,882 [INFO] PluginManage:359 - Loaded plugin ddr (category:tool,tabindex:6)
2024-05-28 18:37:59,882 [INFO] PluginManage:310 - Check plugin filemanager
2024-05-28 18:38:00,050 [INFO] PluginManage:359 - Loaded plugin filemanager (category:base,tabindex:10)
2024-05-28 18:38:00,050 [INFO] PluginManage:310 - Check plugin ipmanager
2024-05-28 18:38:00,060 [INFO] PluginManage:359 - Loaded plugin ipmanager (category:base,tabindex:5)
2024-05-28 18:38:00,061 [INFO] PluginManage:310 - Check plugin lpbam
2024-05-28 18:38:00,086 [INFO] PluginManage:359 - Loaded plugin lpbam (category:base,tabindex:0)
2024-05-28 18:38:00,086 [INFO] PluginManage:310 - Check plugin memorymap
2024-05-28 18:38:00,120 [INFO] PluginManage:359 - Loaded plugin memorymap (category:base,tabindex:4)
2024-05-28 18:38:00,120 [INFO] PluginManage:310 - Check plugin pinoutandconfiguration
2024-05-28 18:38:00,144 [INFO] PluginManage:359 - Loaded plugin pinoutandconfiguration (category:base,tabindex:1)
2024-05-28 18:38:00,144 [INFO] PluginManage:310 - Check plugin pinoutconfig
2024-05-28 18:38:00,257 [WARN] SupportedApi:132 - Cannot load RTOS API schema: s4s-elt-must-match.1: The content of 'definitions' must match (annotation?, (simpleType | complexType)?, (unique | key | keyref)*)). A problem was found starting at: attribute.
2024-05-28 18:38:00,404 [INFO] PluginManage:359 - Loaded plugin pinoutconfig (category:base,tabindex:0)
2024-05-28 18:38:00,404 [INFO] PluginManage:310 - Check plugin power
2024-05-28 18:38:00,427 [INFO] PluginManage:359 - Loaded plugin power (category:power,tabindex:4)
2024-05-28 18:38:00,428 [INFO] PluginManage:310 - Check plugin projectmanager
2024-05-28 18:38:00,446 [INFO] PluginManage:359 - Loaded plugin projectmanager (category:projectmanager,tabindex:3)
2024-05-28 18:38:00,446 [INFO] PluginManage:310 - Check plugin thirdparty
2024-05-28 18:38:00,818 [INFO] PluginManage:359 - Loaded plugin thirdparty (category:base,tabindex:-1)
2024-05-28 18:38:00,818 [INFO] PluginManage:310 - Check plugin tools
2024-05-28 18:38:00,818 [WARN] IntegrityCheckThread:84 - waiting for thirdparty lock release [integrity check]
2024-05-28 18:38:00,819 [INFO] IntegrityCheckThread:86 - entering critical section [integrity check]
2024-05-28 18:38:00,819 [INFO] ThirdPartyUpdaterWithRetryManager:70 - Updater plugin not ready yet. [1/15]
2024-05-28 18:38:00,863 [INFO] PluginManage:359 - Loaded plugin tools (category:base,tabindex:7)
2024-05-28 18:38:00,863 [INFO] PluginManage:310 - Check plugin tutovideos
2024-05-28 18:38:01,080 [INFO] PluginManage:359 - Loaded plugin tutovideos (category:base,tabindex:-1)
2024-05-28 18:38:01,081 [INFO] PluginManage:310 - Check plugin updater
2024-05-28 18:38:01,095 [INFO] PluginManage:359 - Loaded plugin updater (category:base,tabindex:12)
2024-05-28 18:38:01,096 [INFO] PluginManage:310 - Check plugin userauth
2024-05-28 18:38:01,103 [INFO] UserAuth:114 - Init User Auth plugin
2024-05-28 18:38:01,103 [INFO] PluginManage:359 - Loaded plugin userauth (category:base,tabindex:14)
2024-05-28 18:38:01,104 [INFO] PluginManage:283 - PluginManage : Loaded plugins [17]
2024-05-28 18:38:01,374 [INFO] PinOutPanel:1561 - setPackage(No Configuration,No Configuration)
2024-05-28 18:38:01,499 [INFO] CADModel:165 - CPN selected for project level
2024-05-28 18:38:01,499 [INFO] CADModel:114 - Register for checkConnection events
2024-05-28 18:38:01,538 [INFO] IPUIPlugin:80 - create IPUIPlugin
2024-05-28 18:38:01,538 [INFO] PluginManager:220 - loadIPPluginJar : add adc
2024-05-28 18:38:01,583 [INFO] IPUIPlugin:80 - create IPUIPlugin
2024-05-28 18:38:01,583 [INFO] PluginManager:220 - loadIPPluginJar : add aes
2024-05-28 18:38:01,633 [INFO] IPUIPlugin:80 - create IPUIPlugin
2024-05-28 18:38:01,633 [INFO] PluginManager:220 - loadIPPluginJar : add can
2024-05-28 18:38:01,661 [INFO] IPUIPlugin:80 - create IPUIPlugin
2024-05-28 18:38:01,661 [INFO] PluginManager:220 - loadIPPluginJar : add comp
2024-05-28 18:38:01,701 [INFO] IPUIPlugin:80 - create IPUIPlugin
2024-05-28 18:38:01,701 [INFO] PluginManager:220 - loadIPPluginJar : add cryp
2024-05-28 18:38:01,742 [INFO] IPUIPlugin:80 - create IPUIPlugin
2024-05-28 18:38:01,742 [INFO] PluginManager:220 - loadIPPluginJar : add dfsdm
2024-05-28 18:38:01,765 [INFO] IPUIPlugin:80 - create IPUIPlugin
2024-05-28 18:38:01,766 [INFO] PluginManager:220 - loadIPPluginJar : add dma
2024-05-28 18:38:01,821 [INFO] IPUIPlugin:80 - create IPUIPlugin
2024-05-28 18:38:01,821 [INFO] PluginManager:220 - loadIPPluginJar : add dma3
2024-05-28 18:38:01,877 [INFO] IPUIPlugin:80 - create IPUIPlugin
2024-05-28 18:38:01,877 [INFO] PluginManager:220 - loadIPPluginJar : add extmemmanager
2024-05-28 18:38:01,906 [INFO] IPUIPlugin:80 - create IPUIPlugin
2024-05-28 18:38:01,906 [INFO] PluginManager:220 - loadIPPluginJar : add fatfs
2024-05-28 18:38:01,964 [INFO] IPUIPlugin:80 - create IPUIPlugin
2024-05-28 18:38:01,964 [INFO] PluginManager:220 - loadIPPluginJar : add fmc
2024-05-28 18:38:01,983 [INFO] IPUIPlugin:80 - create IPUIPlugin
2024-05-28 18:38:01,983 [INFO] PluginManager:220 - loadIPPluginJar : add freertos
2024-05-28 18:38:02,009 [INFO] IPUIPlugin:80 - create IPUIPlugin
2024-05-28 18:38:02,009 [INFO] PluginManager:220 - loadIPPluginJar : add genericplugin
2024-05-28 18:38:02,128 [INFO] IPUIPlugin:80 - create IPUIPlugin
2024-05-28 18:38:02,128 [INFO] PluginManager:220 - loadIPPluginJar : add gfxmmu
2024-05-28 18:38:02,288 [INFO] IPUIPlugin:80 - create IPUIPlugin
2024-05-28 18:38:02,288 [INFO] PluginManager:220 - loadIPPluginJar : add gic
2024-05-28 18:38:02,307 [INFO] IPUIPlugin:80 - create IPUIPlugin
2024-05-28 18:38:02,307 [INFO] PluginManager:220 - loadIPPluginJar : add gpio
2024-05-28 18:38:02,418 [INFO] IPUIPlugin:80 - create IPUIPlugin
2024-05-28 18:38:02,418 [INFO] PluginManager:220 - loadIPPluginJar : add gtzc
2024-05-28 18:38:02,460 [INFO] IPUIPlugin:80 - create IPUIPlugin
2024-05-28 18:38:02,460 [INFO] PluginManager:220 - loadIPPluginJar : add hash
2024-05-28 18:38:02,525 [INFO] IPUIPlugin:80 - create IPUIPlugin
2024-05-28 18:38:02,526 [INFO] PluginManager:220 - loadIPPluginJar : add i2c
2024-05-28 18:38:02,572 [INFO] IPUIPlugin:80 - create IPUIPlugin
2024-05-28 18:38:02,572 [INFO] PluginManager:220 - loadIPPluginJar : add i2s
2024-05-28 18:38:02,621 [INFO] IPUIPlugin:80 - create IPUIPlugin
2024-05-28 18:38:02,622 [INFO] PluginManager:220 - loadIPPluginJar : add i3c
2024-05-28 18:38:02,743 [INFO] IPUIPlugin:80 - create IPUIPlugin
2024-05-28 18:38:02,744 [INFO] PluginManager:220 - loadIPPluginJar : add ipddr
2024-05-28 18:38:02,857 [INFO] IPUIPlugin:80 - create IPUIPlugin
2024-05-28 18:38:02,857 [INFO] PluginManager:220 - loadIPPluginJar : add linkedlist
2024-05-28 18:38:02,902 [INFO] IPUIPlugin:80 - create IPUIPlugin
2024-05-28 18:38:02,902 [INFO] PluginManager:220 - loadIPPluginJar : add lorawan
2024-05-28 18:38:02,947 [INFO] IPUIPlugin:80 - create IPUIPlugin
2024-05-28 18:38:02,947 [INFO] PluginManager:220 - loadIPPluginJar : add ltdc
2024-05-28 18:38:02,966 [INFO] IPUIPlugin:80 - create IPUIPlugin
2024-05-28 18:38:02,966 [INFO] PluginManager:220 - loadIPPluginJar : add mdma
2024-05-28 18:38:02,981 [INFO] IPUIPlugin:80 - create IPUIPlugin
2024-05-28 18:38:02,981 [INFO] PluginManager:220 - loadIPPluginJar : add nvic
2024-05-28 18:38:03,025 [INFO] IPUIPlugin:80 - create IPUIPlugin
2024-05-28 18:38:03,026 [INFO] PluginManager:220 - loadIPPluginJar : add opamp
2024-05-28 18:38:03,101 [INFO] IPUIPlugin:80 - create IPUIPlugin
2024-05-28 18:38:03,101 [INFO] PluginManager:220 - loadIPPluginJar : add openamp
2024-05-28 18:38:03,153 [INFO] IPUIPlugin:80 - create IPUIPlugin
2024-05-28 18:38:03,153 [INFO] PluginManager:220 - loadIPPluginJar : add pdm2pcm
2024-05-28 18:38:03,171 [INFO] IPUIPlugin:80 - create IPUIPlugin
2024-05-28 18:38:03,174 [INFO] PluginManager:220 - loadIPPluginJar : add plateformsettings
2024-05-28 18:38:03,202 [INFO] IPUIPlugin:80 - create IPUIPlugin
2024-05-28 18:38:03,202 [INFO] PluginManager:220 - loadIPPluginJar : add quadspi
2024-05-28 18:38:03,218 [INFO] IPUIPlugin:80 - create IPUIPlugin
2024-05-28 18:38:03,218 [INFO] PluginManager:220 - loadIPPluginJar : add resmgrutility
2024-05-28 18:38:03,275 [INFO] IPUIPlugin:80 - create IPUIPlugin
2024-05-28 18:38:03,276 [INFO] PluginManager:220 - loadIPPluginJar : add sai
2024-05-28 18:38:03,321 [INFO] IPUIPlugin:80 - create IPUIPlugin
2024-05-28 18:38:03,321 [INFO] PluginManager:220 - loadIPPluginJar : add spi
2024-05-28 18:38:03,402 [INFO] IPUIPlugin:80 - create IPUIPlugin
2024-05-28 18:38:03,402 [INFO] PluginManager:220 - loadIPPluginJar : add stm32_wpan
2024-05-28 18:38:03,435 [INFO] IPUIPlugin:80 - create IPUIPlugin
2024-05-28 18:38:03,435 [INFO] PluginManager:220 - loadIPPluginJar : add tim
2024-05-28 18:38:03,518 [INFO] IPUIPlugin:80 - create IPUIPlugin
2024-05-28 18:38:03,518 [INFO] PluginManager:220 - loadIPPluginJar : add touchsensing
2024-05-28 18:38:03,546 [INFO] IPUIPlugin:80 - create IPUIPlugin
2024-05-28 18:38:03,546 [INFO] PluginManager:220 - loadIPPluginJar : add tracer_emb
2024-05-28 18:38:03,574 [INFO] IPUIPlugin:80 - create IPUIPlugin
2024-05-28 18:38:03,574 [INFO] PluginManager:220 - loadIPPluginJar : add ts
2024-05-28 18:38:03,601 [INFO] IPUIPlugin:80 - create IPUIPlugin
2024-05-28 18:38:03,601 [INFO] PluginManager:220 - loadIPPluginJar : add tsc
2024-05-28 18:38:03,627 [INFO] IPUIPlugin:80 - create IPUIPlugin
2024-05-28 18:38:03,627 [INFO] PluginManager:220 - loadIPPluginJar : add ucpd
2024-05-28 18:38:03,682 [INFO] IPUIPlugin:80 - create IPUIPlugin
2024-05-28 18:38:03,682 [INFO] PluginManager:220 - loadIPPluginJar : add usart
2024-05-28 18:38:03,737 [INFO] IPUIPlugin:80 - create IPUIPlugin
2024-05-28 18:38:03,737 [INFO] PluginManager:220 - loadIPPluginJar : add usbx
2024-05-28 18:38:03,824 [INFO] ThirdPartyUpdaterWithRetryManager:70 - Updater plugin not ready yet. [2/15]
2024-05-28 18:38:03,887 [INFO] CADModel:165 - CPN selected for project level
2024-05-28 18:38:03,887 [INFO] CADModel:114 - Register for checkConnection events
2024-05-28 18:38:03,888 [FATAL] Updater:308 - Updater called before beeing initialized
2024-05-28 18:38:03,888 [ERROR] CADModel:125 - Updater not yet initialized, retry later 
2024-05-28 18:38:04,059 [INFO] CADModel:165 - CPN selected for project level
2024-05-28 18:38:04,059 [INFO] CADModel:114 - Register for checkConnection events
2024-05-28 18:38:04,059 [FATAL] Updater:308 - Updater called before beeing initialized
2024-05-28 18:38:04,059 [ERROR] CADModel:125 - Updater not yet initialized, retry later 
2024-05-28 18:38:04,063 [FATAL] Updater:308 - Updater called before beeing initialized
2024-05-28 18:38:04,223 [FATAL] Updater:308 - Updater called before beeing initialized
2024-05-28 18:38:04,235 [INFO] DbMcusAds:53 - JSON generation date=Thu May 16 06:22:01 BRT 2024 (1715851321109)
2024-05-28 18:38:04,235 [FATAL] Updater:308 - Updater called before beeing initialized
2024-05-28 18:38:04,285 [WARN] DetailPanel:346 - Failed to get advertising image, set to default
2024-05-28 18:38:04,394 [FATAL] Updater:308 - Updater called before beeing initialized
2024-05-28 18:38:04,396 [FATAL] Updater:308 - Updater called before beeing initialized
2024-05-28 18:38:04,397 [FATAL] Updater:308 - Updater called before beeing initialized
2024-05-28 18:38:04,397 [WARN] DetailPanel:346 - Failed to get advertising image, set to default
2024-05-28 18:38:04,397 [FATAL] Updater:308 - Updater called before beeing initialized
2024-05-28 18:38:04,478 [ERROR] Updater:1120 - MainUpdater not yet initialized. External WinMGr cannot be set.
2024-05-28 18:38:04,491 [INFO] Updater:1056 - Updater Version found : 6.11.1
2024-05-28 18:38:04,513 [INFO] ApplicationProperties:184 - Using Application install path: C:\ST\STM32CubeIDE_1.14.1\STM32CubeIDE\plugins\com.st.stm32cube.common.mx_6.11.1.202404110753
2024-05-28 18:38:05,030 [INFO] MainUpdater:2873 - connection check result : 10
2024-05-28 18:38:05,030 [INFO] MainUpdater:3567 - Updater definition file requires update
2024-05-28 18:38:05,032 [INFO] MainUpdater:290 - Updater Check For Update Now.
2024-05-28 18:38:05,032 [INFO] MicroXplorer:498 - Change Database Version : DB.6.0.111
2024-05-28 18:38:05,054 [INFO] McuFinderGlobals:63 - Set McuFinder mode to 2 (CubeIDE integrated)
2024-05-28 18:38:05,069 [INFO] UserAuth:415 - Internet connection configuration mode: 1
2024-05-28 18:38:05,097 [INFO] JxBrowserEngine:152 - Initiate JxBrowser Engine with user profile folder
2024-05-28 18:38:05,208 [INFO] ServerAccessManage:473 - Download File updaters.zip
2024-05-28 18:38:05,358 [INFO] FileExtend:240 - Unzip File : updaters.zip
2024-05-28 18:38:05,358 [INFO] FileExtend:255 - Standard Zip Deflate
2024-05-28 18:38:05,971 [INFO] ServerAccessManage:473 - Download File PacksControlFlags.xml
2024-05-28 18:38:06,126 [INFO] ServerAccessManage:473 - Download File cubemx.pidx
2024-05-28 18:38:06,334 [INFO] LoadServerUpdatesThread:375 - End of LoadServerUpdate Thread
2024-05-28 18:38:06,590 [INFO] CheckServerUpdateThread:120 - End of CheckServer Thread
2024-05-28 18:38:07,281 [WARN] PackLoader:240 - Cannot read IP mode file for STMicroelectronics.FP-SNS-MOTENVWB1.1.4.0
2024-05-28 18:38:07,313 [WARN] PackLoader:240 - Cannot read IP mode file for STMicroelectronics.X-CUBE-SMBUS.2.1.0
2024-05-28 18:38:07,338 [WARN] PackLoader:240 - Cannot read IP mode file for STMicroelectronics.X-CUBE-TOUCHGFX.4.23.1
2024-05-28 18:38:07,358 [WARN] PackLoader:240 - Cannot read IP mode file for STMicroelectronics.X-CUBE-TOUCHGFX.4.23.0
2024-05-28 18:38:07,380 [WARN] PackLoader:240 - Cannot read IP mode file for STMicroelectronics.X-CUBE-TOUCHGFX.4.23.2
2024-05-28 18:38:07,464 [WARN] PackLoader:240 - Cannot read IP mode file for STMicroelectronics.X-CUBE-AZRTOS-F7.1.1.0
2024-05-28 18:38:07,499 [WARN] PackLoader:240 - Cannot read IP mode file for STMicroelectronics.FP-SNS-MOTENV1.4.3.2
2024-05-28 18:38:07,527 [WARN] PackLoader:240 - Cannot read IP mode file for STMicroelectronics.FP-SNS-FLIGHT1.5.0.2
2024-05-28 18:38:07,560 [WARN] PackLoader:240 - Cannot read IP mode file for STMicroelectronics.X-CUBE-DISPLAY.3.0.0
2024-05-28 18:38:07,599 [WARN] PackLoader:240 - Cannot read IP mode file for STMicroelectronics.X-CUBE-BLE1.7.0.0
2024-05-28 18:38:07,625 [WARN] PackLoader:240 - Cannot read IP mode file for emotas.I-CUBE-CANOPEN.1.3.0
2024-05-28 18:38:07,669 [WARN] PackLoader:240 - Cannot read IP mode file for STMicroelectronics.X-CUBE-BLEMGR.3.1.0
2024-05-28 18:38:07,697 [WARN] PackLoader:240 - Cannot read IP mode file for STMicroelectronics.FP-SNS-SMARTAG2.1.2.0
2024-05-28 18:38:07,732 [INFO] LogOutputStream:77 - [STDOUT_REDIRECT] 1 : Invalid condition id : UX_CORESTACK_Condition cause : null
2024-05-28 18:38:07,733 [INFO] LogOutputStream:77 - [STDOUT_REDIRECT] 1 : Invalid condition id : UX_CORESTACK_Condition cause : null
2024-05-28 18:38:07,735 [INFO] LogOutputStream:77 - [STDOUT_REDIRECT] 1 : Invalid condition id : UX_CORESTACK_Condition cause : null
2024-05-28 18:38:07,737 [INFO] LogOutputStream:77 - [STDOUT_REDIRECT] 1 : Invalid condition id : UX_CORESTACK_Condition cause : null
2024-05-28 18:38:07,738 [INFO] LogOutputStream:77 - [STDOUT_REDIRECT] 1 : Invalid condition id : UX_CORESTACK_Condition cause : null
2024-05-28 18:38:07,745 [WARN] PackLoader:240 - Cannot read IP mode file for STMicroelectronics.X-CUBE-AZRTOS-WL.2.0.0
2024-05-28 18:38:07,765 [WARN] PackLoader:240 - Cannot read IP mode file for STMicroelectronics.FP-SNS-MOTENV1.5.0.0
2024-05-28 18:38:07,789 [WARN] PackLoader:240 - Cannot read IP mode file for WES.I-CUBE-Cesium.1.3.0
2024-05-28 18:38:07,805 [WARN] PackLoader:240 - Cannot read IP mode file for STMicroelectronics.X-CUBE-BLE2.3.3.0
2024-05-28 18:38:07,823 [WARN] PackLoader:240 - Cannot read IP mode file for STMicroelectronics.X-CUBE-TCPP.4.1.0
2024-05-28 18:38:07,844 [WARN] PackLoader:240 - Cannot read IP mode file for STMicroelectronics.X-CUBE-ALGOBUILD.1.3.0
2024-05-28 18:38:07,889 [WARN] PackLoader:240 - Cannot read IP mode file for STMicroelectronics.X-CUBE-AZRTOS-G0.1.1.0
2024-05-28 18:38:07,916 [WARN] PackLoader:240 - Cannot read IP mode file for STMicroelectronics.X-CUBE-SAFEA1.1.2.2
2024-05-28 18:38:07,941 [WARN] PackLoader:240 - Cannot read IP mode file for STMicroelectronics.X-CUBE-NFC4.3.0.0
2024-05-28 18:38:07,964 [WARN] PackLoader:240 - Cannot read IP mode file for STMicroelectronics.FP-ATR-SIGFOX1.3.2.0
2024-05-28 18:38:07,987 [WARN] PackLoader:240 - Cannot read IP mode file for STMicroelectronics.X-CUBE-EEPRMA1.5.1.0
2024-05-28 18:38:08,055 [WARN] PackLoader:240 - Cannot read IP mode file for SEGGER.I-CUBE-embOS.1.3.1
2024-05-28 18:38:08,138 [WARN] PackLoader:240 - Cannot read IP mode file for STMicroelectronics.X-CUBE-ALGOBUILD.1.4.0
2024-05-28 18:38:08,159 [WARN] PackLoader:240 - Cannot read IP mode file for STMicroelectronics.X-CUBE-GNSS1.6.0.0
2024-05-28 18:38:08,207 [WARN] PackLoader:240 - Cannot read IP mode file for STMicroelectronics.X-CUBE-AZRTOS-F4.1.1.0
2024-05-28 18:38:08,236 [WARN] PackLoader:240 - Cannot read IP mode file for STMicroelectronics.X-CUBE-FREERTOS.1.2.0
2024-05-28 18:38:08,255 [WARN] PackLoader:240 - Cannot read IP mode file for wolfSSL.I-CUBE-wolfSSL.5.6.6
2024-05-28 18:38:08,301 [WARN] PackLoader:240 - Cannot read IP mode file for STMicroelectronics.X-CUBE-AZRTOS-L5.2.0.0
2024-05-28 18:38:08,328 [WARN] PackLoader:240 - Cannot read IP mode file for STMicroelectronics.X-CUBE-NFC6.3.1.0
2024-05-28 18:38:08,351 [WARN] PackLoader:240 - Cannot read IP mode file for ITTIA_DB.I-CUBE-ITTIADB.8.8.0
2024-05-28 18:38:08,369 [WARN] PackLoader:240 - Cannot read IP mode file for STMicroelectronics.X-CUBE-AI.9.0.0
2024-05-28 18:38:08,392 [WARN] PackLoader:240 - Cannot read IP mode file for STMicroelectronics.X-CUBE-NFC7.1.0.1
2024-05-28 18:38:08,419 [WARN] PackLoader:240 - Cannot read IP mode file for STMicroelectronics.X-CUBE-NFC6.3.0.0
2024-05-28 18:38:08,440 [WARN] PackLoader:240 - Cannot read IP mode file for STMicroelectronics.X-CUBE-AI.8.1.0
2024-05-28 18:38:08,484 [WARN] ConditionMgr:438 - getConditionDescription Invalid condition id : LAN8742 Phy interface Condition cause : null
2024-05-28 18:38:08,485 [WARN] PackLoader:240 - Cannot read IP mode file for STMicroelectronics.X-CUBE-AZRTOS-L4.2.0.0
2024-05-28 18:38:08,488 [WARN] ConditionMgr:1039 - genDependencies : Invalid condition id : LAN8742 Phy interface Condition cause : null
2024-05-28 18:38:08,489 [WARN] ConditionMgr:1039 - genDependencies : Invalid condition id : LAN8742 Phy interface Condition cause : null
2024-05-28 18:38:08,490 [WARN] ConditionMgr:1039 - genDependencies : Invalid condition id : LAN8742 Phy interface Condition cause : null
2024-05-28 18:38:08,517 [WARN] PackLoader:240 - Cannot read IP mode file for STMicroelectronics.X-CUBE-SFXS2LP1.4.0.0
2024-05-28 18:38:08,554 [WARN] ConditionMgr:438 - getConditionDescription Invalid condition id : UX DEVICE CLASS RTOS Condition cause : null
2024-05-28 18:38:08,555 [WARN] ConditionMgr:438 - getConditionDescription Invalid condition id : UX DEVICE CLASS RTOS Condition cause : null
2024-05-28 18:38:08,557 [WARN] PackLoader:240 - Cannot read IP mode file for STMicroelectronics.X-CUBE-AZRTOS-WB.2.0.0
2024-05-28 18:38:08,557 [WARN] ConditionMgr:1039 - genDependencies : Invalid condition id : UX DEVICE CLASS RTOS Condition cause : null
2024-05-28 18:38:08,558 [WARN] ConditionMgr:1039 - genDependencies : Invalid condition id : UX DEVICE CLASS RTOS Condition cause : null
2024-05-28 18:38:08,559 [WARN] ConditionMgr:1039 - genDependencies : Invalid condition id : UX DEVICE CLASS RTOS Condition cause : null
2024-05-28 18:38:08,559 [WARN] ConditionMgr:1039 - genDependencies : Invalid condition id : UX DEVICE CLASS RTOS Condition cause : null
2024-05-28 18:38:08,559 [WARN] ConditionMgr:1039 - genDependencies : Invalid condition id : UX DEVICE CLASS RTOS Condition cause : null
2024-05-28 18:38:08,586 [WARN] PackLoader:240 - Cannot read IP mode file for STMicroelectronics.X-CUBE-SUBG2.5.0.0
2024-05-28 18:38:08,631 [WARN] PackLoader:240 - Cannot read IP mode file for STMicroelectronics.X-CUBE-AZRTOS-G4.2.0.0
2024-05-28 18:38:08,665 [WARN] PackLoader:240 - Cannot read IP mode file for Infineon.AIROC-Wi-Fi-Bluetooth-STM32.1.5.1
2024-05-28 18:38:08,686 [WARN] PackLoader:240 - Cannot read IP mode file for STMicroelectronics.FP-SNS-MOTENVWB1.1.3.1
2024-05-28 18:38:08,705 [WARN] PackLoader:240 - Cannot read IP mode file for STMicroelectronics.X-CUBE-ISPU.2.0.0
2024-05-28 18:38:08,723 [WARN] PackLoader:240 - Cannot read IP mode file for STMicroelectronics.X-CUBE-ALS.1.0.2
2024-05-28 18:38:08,794 [WARN] PackLoader:240 - Cannot read IP mode file for STMicroelectronics.X-CUBE-MEMS1.10.0.0
2024-05-28 18:38:08,982 [WARN] PackLoader:240 - Cannot read IP mode file for STMicroelectronics.X-CUBE-FREERTOS.1.1.0
2024-05-28 18:38:09,004 [WARN] PackLoader:240 - Cannot read IP mode file for portGmbH.I-Cube-SoM-uGOAL.1.1.0
2024-05-28 18:38:09,024 [WARN] PackLoader:240 - Cannot read IP mode file for STMicroelectronics.X-CUBE-ALS.1.0.1
2024-05-28 18:38:09,076 [WARN] PackLoader:240 - Cannot read IP mode file for STMicroelectronics.X-CUBE-AZRTOS-H7RS.1.0.0
2024-05-28 18:38:09,097 [WARN] PackLoader:240 - Cannot read IP mode file for STMicroelectronics.FP-ATR-ASTRA1.2.0.0
2024-05-28 18:38:09,126 [WARN] PackLoader:240 - Cannot read IP mode file for STMicroelectronics.X-CUBE-TOF1.3.4.1
2024-05-28 18:38:09,181 [WARN] PackLoader:240 - Cannot read IP mode file for STMicroelectronics.X-CUBE-AZRTOS-H7.3.2.0
2024-05-28 18:38:09,184 [INFO] ThirdParty:978 - Integrity check success = true
2024-05-28 18:38:09,184 [INFO] IntegrityCheckThread:100 - exiting critical section [integrity check]
2024-05-28 18:38:09,184 [INFO] IntegrityCheckThread:103 - End integrity checks thread
2024-05-28 18:38:12,580 [INFO] WebApp:161 - Instantiating new browser for Auth
2024-05-28 18:38:13,636 [INFO] WebApp:779 - Register for checkConnection events
2024-05-28 18:38:13,637 [INFO] WebApp:414 - Apply proxy settings
2024-05-28 18:38:13,637 [INFO] WebApp:499 - Chromium requires no authentication
2024-05-28 18:38:13,651 [INFO] WebApp:442 - Direct internet connection detected
2024-05-28 18:38:13,922 [INFO] WebApp:192 - Starting web application
2024-05-28 18:38:13,923 [INFO] WebApp:544 - Web application path used C:\ST\STM32CubeIDE_1.14.1\STM32CubeIDE\plugins\com.st.stm32cube.common.mx_6.11.1.202404110753\db\plugins\mcufinder\reactClient1\index.html
