2024-06-01 13:04:10,423 [INFO] Activator:176 - 


2024-06-01 13:04:10,431 [INFO] Activator:177 - !SESSION log4j initialized
2024-06-01 13:04:17,414 [INFO] LogOutputStream:77 - [STDOUT_REDIRECT] 
2024-06-01 13:04:25,759 [INFO] ApplicationProperties:184 - Using Application install path: C:\ST\STM32CubeIDE_1.14.1\STM32CubeIDE\plugins\com.st.stm32cube.common.mx_6.11.1.202404110753
2024-06-01 13:04:25,787 [INFO] DbMcusXml:78 - Set database path to: C:\ST\STM32CubeIDE_1.14.1\STM32CubeIDE\plugins\com.st.stm32cube.common.mx_6.11.1.202404110753\\db\/mcu/
2024-06-01 13:04:25,787 [INFO] ApiDb:274 - Set plugin database path to: C:\ST\STM32CubeIDE_1.14.1\STM32CubeIDE\plugins\com.st.stm32cube.common.mx_6.11.1.202404110753\\db\/plugins/boardmanager/
2024-06-01 13:04:25,789 [WARN] ApiDb:259 - Overriding images path with different value:  => C:\ST\STM32CubeIDE_1.14.1\STM32CubeIDE\plugins\com.st.stm32cube.common.mx_6.11.1.202404110753\\db\/plugins/mcufinder/images/
2024-06-01 13:04:25,802 [INFO] ApiDb:250 - Set database path to: C:\Users\ACER\.stmcufinder\plugins\mcufinder//mcu/
2024-06-01 13:04:25,803 [INFO] DbMcusAds:125 - Set database path to: C:\Users\ACER\.stmcufinder\plugins\mcufinder//mcu/
2024-06-01 13:04:25,807 [INFO] CrossReferenceDbSqlite:203 - Set database path to: C:\Users\ACER\.stmcufinder\plugins\mcufinder//mcu/cs/
2024-06-01 13:04:26,007 [INFO] RulesReader:64 - Compatibility file has been processed (297 Rules)
2024-06-01 13:04:26,162 [INFO] DbMcusXml:78 - Set database path to: C:\ST\STM32CubeIDE_1.14.1\STM32CubeIDE\plugins\com.st.stm32cube.common.mx_6.11.1.202404110753\\db\/mcu/
2024-06-01 13:04:26,162 [INFO] ApiDb:274 - Set plugin database path to: C:\ST\STM32CubeIDE_1.14.1\STM32CubeIDE\plugins\com.st.stm32cube.common.mx_6.11.1.202404110753\\db\/plugins/boardmanager/
2024-06-01 13:04:26,163 [INFO] ApiDb:261 - Set plugin images path to: C:\ST\STM32CubeIDE_1.14.1\STM32CubeIDE\plugins\com.st.stm32cube.common.mx_6.11.1.202404110753\\db\/plugins/mcufinder/images/
2024-06-01 13:04:26,163 [WARN] DbFile:41 - Overriding database path with different value: C:\Users\ACER\.stmcufinder\plugins\mcufinder/ => C:\Users\ACER\.stmcufinder\plugins\mcufinder
2024-06-01 13:04:26,163 [INFO] ApiDb:250 - Set database path to: C:\Users\ACER\.stmcufinder\plugins\mcufinder//mcu/
2024-06-01 13:04:26,164 [WARN] DbFile:41 - Overriding database path with different value: C:\Users\ACER\.stmcufinder\plugins\mcufinder/ => C:\Users\ACER\.stmcufinder\plugins\mcufinder
2024-06-01 13:04:26,164 [INFO] DbMcusAds:125 - Set database path to: C:\Users\ACER\.stmcufinder\plugins\mcufinder//mcu/
2024-06-01 13:04:26,164 [WARN] DbFile:41 - Overriding database path with different value: C:\Users\ACER\.stmcufinder\plugins\mcufinder/ => C:\Users\ACER\.stmcufinder\plugins\mcufinder
2024-06-01 13:04:26,164 [WARN] DbFile:41 - Overriding database path with different value: C:\Users\ACER\.stmcufinder\plugins\mcufinder/ => C:\Users\ACER\.stmcufinder\plugins\mcufinder
2024-06-01 13:04:26,165 [INFO] CrossReferenceDbSqlite:203 - Set database path to: C:\Users\ACER\.stmcufinder\plugins\mcufinder//mcu/cs/
2024-06-01 13:04:26,292 [INFO] MainPanel:264 - HeapMemory: 268435456
2024-06-01 13:04:26,434 [INFO] DbMcusXml:78 - Set database path to: C:\ST\STM32CubeIDE_1.14.1\STM32CubeIDE\plugins\com.st.stm32cube.common.mx_6.11.1.202404110753\\db\/mcu/
2024-06-01 13:04:26,434 [INFO] ApiDb:274 - Set plugin database path to: C:\ST\STM32CubeIDE_1.14.1\STM32CubeIDE\plugins\com.st.stm32cube.common.mx_6.11.1.202404110753\\db\/plugins/boardmanager/
2024-06-01 13:04:26,434 [INFO] ApiDb:261 - Set plugin images path to: C:\ST\STM32CubeIDE_1.14.1\STM32CubeIDE\plugins\com.st.stm32cube.common.mx_6.11.1.202404110753\\db\/plugins/mcufinder/images/
2024-06-01 13:04:26,435 [WARN] DbFile:41 - Overriding database path with different value: C:\Users\ACER\.stmcufinder\plugins\mcufinder/ => C:\Users\ACER\.stmcufinder\plugins\mcufinder
2024-06-01 13:04:26,435 [INFO] ApiDb:250 - Set database path to: C:\Users\ACER\.stmcufinder\plugins\mcufinder//mcu/
2024-06-01 13:04:26,435 [WARN] DbFile:41 - Overriding database path with different value: C:\Users\ACER\.stmcufinder\plugins\mcufinder/ => C:\Users\ACER\.stmcufinder\plugins\mcufinder
2024-06-01 13:04:26,435 [INFO] DbMcusAds:125 - Set database path to: C:\Users\ACER\.stmcufinder\plugins\mcufinder//mcu/
2024-06-01 13:04:26,435 [WARN] DbFile:41 - Overriding database path with different value: C:\Users\ACER\.stmcufinder\plugins\mcufinder/ => C:\Users\ACER\.stmcufinder\plugins\mcufinder
2024-06-01 13:04:26,436 [WARN] DbFile:41 - Overriding database path with different value: C:\Users\ACER\.stmcufinder\plugins\mcufinder/ => C:\Users\ACER\.stmcufinder\plugins\mcufinder
2024-06-01 13:04:26,436 [INFO] CrossReferenceDbSqlite:203 - Set database path to: C:\Users\ACER\.stmcufinder\plugins\mcufinder//mcu/cs/
2024-06-01 13:04:26,467 [INFO] ApplicationProperties:184 - Using Application install path: C:\ST\STM32CubeIDE_1.14.1\STM32CubeIDE\plugins\com.st.stm32cube.common.mx_6.11.1.202404110753
2024-06-01 13:04:26,470 [INFO] PluginManage:196 - Search for loadable plugins [exclusion list=, ]
2024-06-01 13:04:26,472 [INFO] PluginManage:310 - Check plugin analytics
2024-06-01 13:04:31,687 [INFO] AnalyticsPlugin:253 - Accepted Software Licenses: 
2024-06-01 13:04:31,688 [INFO] AnalyticsPlugin:255 - Accepted CMSIS Pack Licenses: 
2024-06-01 13:04:31,688 [INFO] AnalyticsPlugin:257 - Accepted Firmware Licenses: FW.F4.1.28.0
2024-06-01 13:04:31,691 [INFO] PluginManage:359 - Loaded plugin analytics (category:tool,tabindex:-1)
2024-06-01 13:04:31,691 [INFO] PluginManage:310 - Check plugin cadmodel
2024-06-01 13:04:31,748 [INFO] CADModel:105 - Init CAD model plugin
2024-06-01 13:04:31,749 [INFO] PluginManage:359 - Loaded plugin cadmodel (category:power,tabindex:5)
2024-06-01 13:04:31,749 [INFO] PluginManage:310 - Check plugin clock
2024-06-01 13:04:31,772 [INFO] PluginManage:359 - Loaded plugin clock (category:base,tabindex:2)
2024-06-01 13:04:31,772 [INFO] PluginManage:310 - Check plugin ddr
2024-06-01 13:04:31,774 [INFO] PluginManage:359 - Loaded plugin ddr (category:tool,tabindex:6)
2024-06-01 13:04:31,774 [INFO] PluginManage:310 - Check plugin filemanager
2024-06-01 13:04:31,955 [INFO] PluginManage:359 - Loaded plugin filemanager (category:base,tabindex:10)
2024-06-01 13:04:31,955 [INFO] PluginManage:310 - Check plugin ipmanager
2024-06-01 13:04:31,965 [INFO] PluginManage:359 - Loaded plugin ipmanager (category:base,tabindex:5)
2024-06-01 13:04:31,965 [INFO] PluginManage:310 - Check plugin lpbam
2024-06-01 13:04:31,988 [INFO] PluginManage:359 - Loaded plugin lpbam (category:base,tabindex:0)
2024-06-01 13:04:31,988 [INFO] PluginManage:310 - Check plugin memorymap
2024-06-01 13:04:32,019 [INFO] PluginManage:359 - Loaded plugin memorymap (category:base,tabindex:4)
2024-06-01 13:04:32,020 [INFO] PluginManage:310 - Check plugin pinoutandconfiguration
2024-06-01 13:04:32,045 [INFO] PluginManage:359 - Loaded plugin pinoutandconfiguration (category:base,tabindex:1)
2024-06-01 13:04:32,045 [INFO] PluginManage:310 - Check plugin pinoutconfig
2024-06-01 13:04:32,169 [WARN] SupportedApi:132 - Cannot load RTOS API schema: s4s-elt-must-match.1: The content of 'definitions' must match (annotation?, (simpleType | complexType)?, (unique | key | keyref)*)). A problem was found starting at: attribute.
2024-06-01 13:04:32,329 [INFO] PluginManage:359 - Loaded plugin pinoutconfig (category:base,tabindex:0)
2024-06-01 13:04:32,330 [INFO] PluginManage:310 - Check plugin power
2024-06-01 13:04:32,359 [INFO] PluginManage:359 - Loaded plugin power (category:power,tabindex:4)
2024-06-01 13:04:32,359 [INFO] PluginManage:310 - Check plugin projectmanager
2024-06-01 13:04:32,407 [INFO] PluginManage:359 - Loaded plugin projectmanager (category:projectmanager,tabindex:3)
2024-06-01 13:04:32,408 [INFO] PluginManage:310 - Check plugin thirdparty
2024-06-01 13:04:32,879 [INFO] PluginManage:359 - Loaded plugin thirdparty (category:base,tabindex:-1)
2024-06-01 13:04:32,878 [WARN] IntegrityCheckThread:84 - waiting for thirdparty lock release [integrity check]
2024-06-01 13:04:32,879 [INFO] PluginManage:310 - Check plugin tools
2024-06-01 13:04:32,879 [INFO] IntegrityCheckThread:86 - entering critical section [integrity check]
2024-06-01 13:04:32,880 [INFO] ThirdPartyUpdaterWithRetryManager:70 - Updater plugin not ready yet. [1/15]
2024-06-01 13:04:32,943 [INFO] PluginManage:359 - Loaded plugin tools (category:base,tabindex:7)
2024-06-01 13:04:32,944 [INFO] PluginManage:310 - Check plugin tutovideos
2024-06-01 13:04:33,252 [INFO] PluginManage:359 - Loaded plugin tutovideos (category:base,tabindex:-1)
2024-06-01 13:04:33,252 [INFO] PluginManage:310 - Check plugin updater
2024-06-01 13:04:33,267 [INFO] PluginManage:359 - Loaded plugin updater (category:base,tabindex:12)
2024-06-01 13:04:33,267 [INFO] PluginManage:310 - Check plugin userauth
2024-06-01 13:04:33,275 [INFO] UserAuth:114 - Init User Auth plugin
2024-06-01 13:04:33,275 [INFO] PluginManage:359 - Loaded plugin userauth (category:base,tabindex:14)
2024-06-01 13:04:33,276 [INFO] PluginManage:283 - PluginManage : Loaded plugins [17]
2024-06-01 13:04:33,567 [INFO] PinOutPanel:1561 - setPackage(No Configuration,No Configuration)
2024-06-01 13:04:33,674 [INFO] CADModel:165 - CPN selected for project level
2024-06-01 13:04:33,674 [INFO] CADModel:114 - Register for checkConnection events
2024-06-01 13:04:33,709 [INFO] IPUIPlugin:80 - create IPUIPlugin
2024-06-01 13:04:33,710 [INFO] PluginManager:220 - loadIPPluginJar : add adc
2024-06-01 13:04:33,755 [INFO] IPUIPlugin:80 - create IPUIPlugin
2024-06-01 13:04:33,755 [INFO] PluginManager:220 - loadIPPluginJar : add aes
2024-06-01 13:04:33,808 [INFO] IPUIPlugin:80 - create IPUIPlugin
2024-06-01 13:04:33,808 [INFO] PluginManager:220 - loadIPPluginJar : add can
2024-06-01 13:04:33,841 [INFO] IPUIPlugin:80 - create IPUIPlugin
2024-06-01 13:04:33,842 [INFO] PluginManager:220 - loadIPPluginJar : add comp
2024-06-01 13:04:33,890 [INFO] IPUIPlugin:80 - create IPUIPlugin
2024-06-01 13:04:33,890 [INFO] PluginManager:220 - loadIPPluginJar : add cryp
2024-06-01 13:04:33,935 [INFO] IPUIPlugin:80 - create IPUIPlugin
2024-06-01 13:04:33,935 [INFO] PluginManager:220 - loadIPPluginJar : add dfsdm
2024-06-01 13:04:33,955 [INFO] IPUIPlugin:80 - create IPUIPlugin
2024-06-01 13:04:33,956 [INFO] PluginManager:220 - loadIPPluginJar : add dma
2024-06-01 13:04:34,016 [INFO] IPUIPlugin:80 - create IPUIPlugin
2024-06-01 13:04:34,017 [INFO] PluginManager:220 - loadIPPluginJar : add dma3
2024-06-01 13:04:34,075 [INFO] IPUIPlugin:80 - create IPUIPlugin
2024-06-01 13:04:34,075 [INFO] PluginManager:220 - loadIPPluginJar : add extmemmanager
2024-06-01 13:04:34,106 [INFO] IPUIPlugin:80 - create IPUIPlugin
2024-06-01 13:04:34,106 [INFO] PluginManager:220 - loadIPPluginJar : add fatfs
2024-06-01 13:04:34,172 [INFO] IPUIPlugin:80 - create IPUIPlugin
2024-06-01 13:04:34,172 [INFO] PluginManager:220 - loadIPPluginJar : add fmc
2024-06-01 13:04:34,196 [INFO] IPUIPlugin:80 - create IPUIPlugin
2024-06-01 13:04:34,197 [INFO] PluginManager:220 - loadIPPluginJar : add freertos
2024-06-01 13:04:34,230 [INFO] IPUIPlugin:80 - create IPUIPlugin
2024-06-01 13:04:34,230 [INFO] PluginManager:220 - loadIPPluginJar : add genericplugin
2024-06-01 13:04:34,372 [INFO] IPUIPlugin:80 - create IPUIPlugin
2024-06-01 13:04:34,372 [INFO] PluginManager:220 - loadIPPluginJar : add gfxmmu
2024-06-01 13:04:34,535 [INFO] IPUIPlugin:80 - create IPUIPlugin
2024-06-01 13:04:34,536 [INFO] PluginManager:220 - loadIPPluginJar : add gic
2024-06-01 13:04:34,551 [INFO] IPUIPlugin:80 - create IPUIPlugin
2024-06-01 13:04:34,551 [INFO] PluginManager:220 - loadIPPluginJar : add gpio
2024-06-01 13:04:34,668 [INFO] IPUIPlugin:80 - create IPUIPlugin
2024-06-01 13:04:34,668 [INFO] PluginManager:220 - loadIPPluginJar : add gtzc
2024-06-01 13:04:34,709 [INFO] IPUIPlugin:80 - create IPUIPlugin
2024-06-01 13:04:34,709 [INFO] PluginManager:220 - loadIPPluginJar : add hash
2024-06-01 13:04:34,777 [INFO] IPUIPlugin:80 - create IPUIPlugin
2024-06-01 13:04:34,778 [INFO] PluginManager:220 - loadIPPluginJar : add i2c
2024-06-01 13:04:34,826 [INFO] IPUIPlugin:80 - create IPUIPlugin
2024-06-01 13:04:34,826 [INFO] PluginManager:220 - loadIPPluginJar : add i2s
2024-06-01 13:04:34,877 [INFO] IPUIPlugin:80 - create IPUIPlugin
2024-06-01 13:04:34,877 [INFO] PluginManager:220 - loadIPPluginJar : add i3c
2024-06-01 13:04:35,028 [INFO] IPUIPlugin:80 - create IPUIPlugin
2024-06-01 13:04:35,028 [INFO] PluginManager:220 - loadIPPluginJar : add ipddr
2024-06-01 13:04:35,150 [INFO] IPUIPlugin:80 - create IPUIPlugin
2024-06-01 13:04:35,150 [INFO] PluginManager:220 - loadIPPluginJar : add linkedlist
2024-06-01 13:04:35,195 [INFO] IPUIPlugin:80 - create IPUIPlugin
2024-06-01 13:04:35,195 [INFO] PluginManager:220 - loadIPPluginJar : add lorawan
2024-06-01 13:04:35,241 [INFO] IPUIPlugin:80 - create IPUIPlugin
2024-06-01 13:04:35,241 [INFO] PluginManager:220 - loadIPPluginJar : add ltdc
2024-06-01 13:04:35,258 [INFO] IPUIPlugin:80 - create IPUIPlugin
2024-06-01 13:04:35,260 [INFO] PluginManager:220 - loadIPPluginJar : add mdma
2024-06-01 13:04:35,274 [INFO] IPUIPlugin:80 - create IPUIPlugin
2024-06-01 13:04:35,274 [INFO] PluginManager:220 - loadIPPluginJar : add nvic
2024-06-01 13:04:35,320 [INFO] IPUIPlugin:80 - create IPUIPlugin
2024-06-01 13:04:35,321 [INFO] PluginManager:220 - loadIPPluginJar : add opamp
2024-06-01 13:04:35,399 [INFO] IPUIPlugin:80 - create IPUIPlugin
2024-06-01 13:04:35,399 [INFO] PluginManager:220 - loadIPPluginJar : add openamp
2024-06-01 13:04:35,453 [INFO] IPUIPlugin:80 - create IPUIPlugin
2024-06-01 13:04:35,454 [INFO] PluginManager:220 - loadIPPluginJar : add pdm2pcm
2024-06-01 13:04:35,472 [INFO] IPUIPlugin:80 - create IPUIPlugin
2024-06-01 13:04:35,475 [INFO] PluginManager:220 - loadIPPluginJar : add plateformsettings
2024-06-01 13:04:35,505 [INFO] IPUIPlugin:80 - create IPUIPlugin
2024-06-01 13:04:35,505 [INFO] PluginManager:220 - loadIPPluginJar : add quadspi
2024-06-01 13:04:35,521 [INFO] IPUIPlugin:80 - create IPUIPlugin
2024-06-01 13:04:35,521 [INFO] PluginManager:220 - loadIPPluginJar : add resmgrutility
2024-06-01 13:04:35,578 [INFO] IPUIPlugin:80 - create IPUIPlugin
2024-06-01 13:04:35,578 [INFO] PluginManager:220 - loadIPPluginJar : add sai
2024-06-01 13:04:35,624 [INFO] IPUIPlugin:80 - create IPUIPlugin
2024-06-01 13:04:35,624 [INFO] PluginManager:220 - loadIPPluginJar : add spi
2024-06-01 13:04:35,705 [INFO] IPUIPlugin:80 - create IPUIPlugin
2024-06-01 13:04:35,705 [INFO] PluginManager:220 - loadIPPluginJar : add stm32_wpan
2024-06-01 13:04:35,733 [INFO] IPUIPlugin:80 - create IPUIPlugin
2024-06-01 13:04:35,733 [INFO] PluginManager:220 - loadIPPluginJar : add tim
2024-06-01 13:04:35,807 [INFO] IPUIPlugin:80 - create IPUIPlugin
2024-06-01 13:04:35,808 [INFO] PluginManager:220 - loadIPPluginJar : add touchsensing
2024-06-01 13:04:35,836 [INFO] IPUIPlugin:80 - create IPUIPlugin
2024-06-01 13:04:35,836 [INFO] PluginManager:220 - loadIPPluginJar : add tracer_emb
2024-06-01 13:04:35,863 [INFO] IPUIPlugin:80 - create IPUIPlugin
2024-06-01 13:04:35,863 [INFO] PluginManager:220 - loadIPPluginJar : add ts
2024-06-01 13:04:35,881 [INFO] ThirdPartyUpdaterWithRetryManager:70 - Updater plugin not ready yet. [2/15]
2024-06-01 13:04:35,889 [INFO] IPUIPlugin:80 - create IPUIPlugin
2024-06-01 13:04:35,889 [INFO] PluginManager:220 - loadIPPluginJar : add tsc
2024-06-01 13:04:35,919 [INFO] IPUIPlugin:80 - create IPUIPlugin
2024-06-01 13:04:35,919 [INFO] PluginManager:220 - loadIPPluginJar : add ucpd
2024-06-01 13:04:35,974 [INFO] IPUIPlugin:80 - create IPUIPlugin
2024-06-01 13:04:35,975 [INFO] PluginManager:220 - loadIPPluginJar : add usart
2024-06-01 13:04:36,032 [INFO] IPUIPlugin:80 - create IPUIPlugin
2024-06-01 13:04:36,032 [INFO] PluginManager:220 - loadIPPluginJar : add usbx
2024-06-01 13:04:36,188 [INFO] CADModel:165 - CPN selected for project level
2024-06-01 13:04:36,188 [INFO] CADModel:114 - Register for checkConnection events
2024-06-01 13:04:36,188 [FATAL] Updater:308 - Updater called before beeing initialized
2024-06-01 13:04:36,188 [ERROR] CADModel:125 - Updater not yet initialized, retry later 
2024-06-01 13:04:36,355 [INFO] CADModel:165 - CPN selected for project level
2024-06-01 13:04:36,355 [INFO] CADModel:114 - Register for checkConnection events
2024-06-01 13:04:36,355 [FATAL] Updater:308 - Updater called before beeing initialized
2024-06-01 13:04:36,355 [ERROR] CADModel:125 - Updater not yet initialized, retry later 
2024-06-01 13:04:36,374 [FATAL] Updater:308 - Updater called before beeing initialized
2024-06-01 13:04:36,586 [FATAL] Updater:308 - Updater called before beeing initialized
2024-06-01 13:04:36,599 [INFO] DbMcusAds:53 - JSON generation date=Thu May 16 06:22:01 BRT 2024 (1715851321109)
2024-06-01 13:04:36,600 [FATAL] Updater:308 - Updater called before beeing initialized
2024-06-01 13:04:36,653 [WARN] DetailPanel:346 - Failed to get advertising image, set to default
2024-06-01 13:04:36,753 [FATAL] Updater:308 - Updater called before beeing initialized
2024-06-01 13:04:36,756 [FATAL] Updater:308 - Updater called before beeing initialized
2024-06-01 13:04:36,756 [FATAL] Updater:308 - Updater called before beeing initialized
2024-06-01 13:04:36,756 [WARN] DetailPanel:346 - Failed to get advertising image, set to default
2024-06-01 13:04:36,757 [FATAL] Updater:308 - Updater called before beeing initialized
2024-06-01 13:04:36,844 [ERROR] Updater:1120 - MainUpdater not yet initialized. External WinMGr cannot be set.
2024-06-01 13:04:36,859 [INFO] Updater:1056 - Updater Version found : 6.11.1
2024-06-01 13:04:36,882 [INFO] ApplicationProperties:184 - Using Application install path: C:\ST\STM32CubeIDE_1.14.1\STM32CubeIDE\plugins\com.st.stm32cube.common.mx_6.11.1.202404110753
2024-06-01 13:04:37,456 [INFO] MainUpdater:2873 - connection check result : 10
2024-06-01 13:04:37,457 [INFO] MainUpdater:290 - Updater Check For Update Now.
2024-06-01 13:04:37,458 [INFO] MicroXplorer:498 - Change Database Version : DB.6.0.111
2024-06-01 13:04:37,481 [INFO] McuFinderGlobals:63 - Set McuFinder mode to 2 (CubeIDE integrated)
2024-06-01 13:04:37,498 [INFO] UserAuth:415 - Internet connection configuration mode: 1
2024-06-01 13:04:37,538 [INFO] JxBrowserEngine:152 - Initiate JxBrowser Engine with user profile folder
2024-06-01 13:04:37,728 [INFO] CheckServerUpdateThread:120 - End of CheckServer Thread
2024-06-01 13:04:39,174 [WARN] PackLoader:240 - Cannot read IP mode file for STMicroelectronics.FP-SNS-MOTENVWB1.1.4.0
2024-06-01 13:04:39,200 [WARN] PackLoader:240 - Cannot read IP mode file for STMicroelectronics.X-CUBE-SMBUS.2.1.0
2024-06-01 13:04:39,222 [WARN] PackLoader:240 - Cannot read IP mode file for STMicroelectronics.X-CUBE-TOUCHGFX.4.23.1
2024-06-01 13:04:39,240 [WARN] PackLoader:240 - Cannot read IP mode file for STMicroelectronics.X-CUBE-TOUCHGFX.4.23.0
2024-06-01 13:04:39,254 [WARN] PackLoader:240 - Cannot read IP mode file for STMicroelectronics.X-CUBE-TOUCHGFX.4.23.2
2024-06-01 13:04:39,327 [WARN] PackLoader:240 - Cannot read IP mode file for STMicroelectronics.X-CUBE-AZRTOS-F7.1.1.0
2024-06-01 13:04:39,356 [WARN] PackLoader:240 - Cannot read IP mode file for STMicroelectronics.FP-SNS-MOTENV1.4.3.2
2024-06-01 13:04:39,385 [WARN] PackLoader:240 - Cannot read IP mode file for STMicroelectronics.FP-SNS-FLIGHT1.5.0.2
2024-06-01 13:04:39,410 [WARN] PackLoader:240 - Cannot read IP mode file for STMicroelectronics.X-CUBE-DISPLAY.3.0.0
2024-06-01 13:04:39,443 [WARN] PackLoader:240 - Cannot read IP mode file for STMicroelectronics.X-CUBE-BLE1.7.0.0
2024-06-01 13:04:39,462 [WARN] PackLoader:240 - Cannot read IP mode file for emotas.I-CUBE-CANOPEN.1.3.0
2024-06-01 13:04:39,496 [WARN] PackLoader:240 - Cannot read IP mode file for STMicroelectronics.X-CUBE-BLEMGR.3.1.0
2024-06-01 13:04:39,522 [WARN] PackLoader:240 - Cannot read IP mode file for STMicroelectronics.FP-SNS-SMARTAG2.1.2.0
2024-06-01 13:04:39,554 [INFO] LogOutputStream:77 - [STDOUT_REDIRECT] 1 : Invalid condition id : UX_CORESTACK_Condition cause : null
2024-06-01 13:04:39,555 [INFO] LogOutputStream:77 - [STDOUT_REDIRECT] 1 : Invalid condition id : UX_CORESTACK_Condition cause : null
2024-06-01 13:04:39,557 [INFO] LogOutputStream:77 - [STDOUT_REDIRECT] 1 : Invalid condition id : UX_CORESTACK_Condition cause : null
2024-06-01 13:04:39,559 [INFO] LogOutputStream:77 - [STDOUT_REDIRECT] 1 : Invalid condition id : UX_CORESTACK_Condition cause : null
2024-06-01 13:04:39,561 [INFO] LogOutputStream:77 - [STDOUT_REDIRECT] 1 : Invalid condition id : UX_CORESTACK_Condition cause : null
2024-06-01 13:04:39,566 [WARN] PackLoader:240 - Cannot read IP mode file for STMicroelectronics.X-CUBE-AZRTOS-WL.2.0.0
2024-06-01 13:04:39,588 [WARN] PackLoader:240 - Cannot read IP mode file for STMicroelectronics.FP-SNS-MOTENV1.5.0.0
2024-06-01 13:04:39,611 [WARN] PackLoader:240 - Cannot read IP mode file for WES.I-CUBE-Cesium.1.3.0
2024-06-01 13:04:39,629 [WARN] PackLoader:240 - Cannot read IP mode file for STMicroelectronics.X-CUBE-BLE2.3.3.0
2024-06-01 13:04:39,645 [WARN] PackLoader:240 - Cannot read IP mode file for STMicroelectronics.X-CUBE-TCPP.4.1.0
2024-06-01 13:04:39,672 [WARN] PackLoader:240 - Cannot read IP mode file for STMicroelectronics.X-CUBE-ALGOBUILD.1.3.0
2024-06-01 13:04:39,735 [WARN] PackLoader:240 - Cannot read IP mode file for STMicroelectronics.X-CUBE-AZRTOS-G0.1.1.0
2024-06-01 13:04:39,775 [WARN] PackLoader:240 - Cannot read IP mode file for STMicroelectronics.X-CUBE-SAFEA1.1.2.2
2024-06-01 13:04:39,830 [WARN] PackLoader:240 - Cannot read IP mode file for STMicroelectronics.X-CUBE-NFC4.3.0.0
2024-06-01 13:04:39,865 [WARN] PackLoader:240 - Cannot read IP mode file for STMicroelectronics.FP-ATR-SIGFOX1.3.2.0
2024-06-01 13:04:39,890 [WARN] PackLoader:240 - Cannot read IP mode file for STMicroelectronics.X-CUBE-EEPRMA1.5.1.0
2024-06-01 13:04:39,971 [WARN] PackLoader:240 - Cannot read IP mode file for SEGGER.I-CUBE-embOS.1.3.1
2024-06-01 13:04:40,056 [WARN] PackLoader:240 - Cannot read IP mode file for STMicroelectronics.X-CUBE-ALGOBUILD.1.4.0
2024-06-01 13:04:40,078 [WARN] PackLoader:240 - Cannot read IP mode file for STMicroelectronics.X-CUBE-GNSS1.6.0.0
2024-06-01 13:04:40,124 [WARN] PackLoader:240 - Cannot read IP mode file for STMicroelectronics.X-CUBE-AZRTOS-F4.1.1.0
2024-06-01 13:04:40,148 [WARN] PackLoader:240 - Cannot read IP mode file for STMicroelectronics.X-CUBE-FREERTOS.1.2.0
2024-06-01 13:04:40,169 [WARN] PackLoader:240 - Cannot read IP mode file for wolfSSL.I-CUBE-wolfSSL.5.6.6
2024-06-01 13:04:40,216 [WARN] PackLoader:240 - Cannot read IP mode file for STMicroelectronics.X-CUBE-AZRTOS-L5.2.0.0
2024-06-01 13:04:40,240 [WARN] PackLoader:240 - Cannot read IP mode file for STMicroelectronics.X-CUBE-NFC6.3.1.0
2024-06-01 13:04:40,266 [WARN] PackLoader:240 - Cannot read IP mode file for ITTIA_DB.I-CUBE-ITTIADB.8.8.0
2024-06-01 13:04:40,285 [WARN] PackLoader:240 - Cannot read IP mode file for STMicroelectronics.X-CUBE-AI.9.0.0
2024-06-01 13:04:40,305 [WARN] PackLoader:240 - Cannot read IP mode file for STMicroelectronics.X-CUBE-NFC7.1.0.1
2024-06-01 13:04:40,329 [WARN] PackLoader:240 - Cannot read IP mode file for STMicroelectronics.X-CUBE-NFC6.3.0.0
2024-06-01 13:04:40,349 [WARN] PackLoader:240 - Cannot read IP mode file for STMicroelectronics.X-CUBE-AI.8.1.0
2024-06-01 13:04:40,396 [WARN] ConditionMgr:438 - getConditionDescription Invalid condition id : LAN8742 Phy interface Condition cause : null
2024-06-01 13:04:40,397 [WARN] PackLoader:240 - Cannot read IP mode file for STMicroelectronics.X-CUBE-AZRTOS-L4.2.0.0
2024-06-01 13:04:40,399 [WARN] ConditionMgr:1039 - genDependencies : Invalid condition id : LAN8742 Phy interface Condition cause : null
2024-06-01 13:04:40,399 [WARN] ConditionMgr:1039 - genDependencies : Invalid condition id : LAN8742 Phy interface Condition cause : null
2024-06-01 13:04:40,401 [WARN] ConditionMgr:1039 - genDependencies : Invalid condition id : LAN8742 Phy interface Condition cause : null
2024-06-01 13:04:40,425 [WARN] PackLoader:240 - Cannot read IP mode file for STMicroelectronics.X-CUBE-SFXS2LP1.4.0.0
2024-06-01 13:04:40,463 [WARN] ConditionMgr:438 - getConditionDescription Invalid condition id : UX DEVICE CLASS RTOS Condition cause : null
2024-06-01 13:04:40,463 [WARN] ConditionMgr:438 - getConditionDescription Invalid condition id : UX DEVICE CLASS RTOS Condition cause : null
2024-06-01 13:04:40,466 [WARN] PackLoader:240 - Cannot read IP mode file for STMicroelectronics.X-CUBE-AZRTOS-WB.2.0.0
2024-06-01 13:04:40,466 [WARN] ConditionMgr:1039 - genDependencies : Invalid condition id : UX DEVICE CLASS RTOS Condition cause : null
2024-06-01 13:04:40,467 [WARN] ConditionMgr:1039 - genDependencies : Invalid condition id : UX DEVICE CLASS RTOS Condition cause : null
2024-06-01 13:04:40,467 [WARN] ConditionMgr:1039 - genDependencies : Invalid condition id : UX DEVICE CLASS RTOS Condition cause : null
2024-06-01 13:04:40,468 [WARN] ConditionMgr:1039 - genDependencies : Invalid condition id : UX DEVICE CLASS RTOS Condition cause : null
2024-06-01 13:04:40,468 [WARN] ConditionMgr:1039 - genDependencies : Invalid condition id : UX DEVICE CLASS RTOS Condition cause : null
2024-06-01 13:04:40,519 [WARN] PackLoader:240 - Cannot read IP mode file for STMicroelectronics.X-CUBE-SUBG2.5.0.0
2024-06-01 13:04:40,582 [WARN] PackLoader:240 - Cannot read IP mode file for STMicroelectronics.X-CUBE-AZRTOS-G4.2.0.0
2024-06-01 13:04:40,635 [WARN] PackLoader:240 - Cannot read IP mode file for Infineon.AIROC-Wi-Fi-Bluetooth-STM32.1.5.1
2024-06-01 13:04:40,662 [WARN] PackLoader:240 - Cannot read IP mode file for STMicroelectronics.FP-SNS-MOTENVWB1.1.3.1
2024-06-01 13:04:40,697 [WARN] PackLoader:240 - Cannot read IP mode file for STMicroelectronics.X-CUBE-ISPU.2.0.0
2024-06-01 13:04:40,720 [WARN] PackLoader:240 - Cannot read IP mode file for STMicroelectronics.X-CUBE-ALS.1.0.2
2024-06-01 13:04:40,801 [WARN] PackLoader:240 - Cannot read IP mode file for STMicroelectronics.X-CUBE-MEMS1.10.0.0
2024-06-01 13:04:41,105 [WARN] PackLoader:240 - Cannot read IP mode file for STMicroelectronics.X-CUBE-FREERTOS.1.1.0
2024-06-01 13:04:41,128 [WARN] PackLoader:240 - Cannot read IP mode file for portGmbH.I-Cube-SoM-uGOAL.1.1.0
2024-06-01 13:04:41,151 [WARN] PackLoader:240 - Cannot read IP mode file for STMicroelectronics.X-CUBE-ALS.1.0.1
2024-06-01 13:04:41,243 [WARN] PackLoader:240 - Cannot read IP mode file for STMicroelectronics.X-CUBE-AZRTOS-H7RS.1.0.0
2024-06-01 13:04:41,265 [WARN] PackLoader:240 - Cannot read IP mode file for STMicroelectronics.FP-ATR-ASTRA1.2.0.0
2024-06-01 13:04:41,305 [WARN] PackLoader:240 - Cannot read IP mode file for STMicroelectronics.X-CUBE-TOF1.3.4.1
2024-06-01 13:04:41,367 [WARN] PackLoader:240 - Cannot read IP mode file for STMicroelectronics.X-CUBE-AZRTOS-H7.3.2.0
2024-06-01 13:04:41,372 [INFO] ThirdParty:978 - Integrity check success = true
2024-06-01 13:04:41,372 [INFO] IntegrityCheckThread:100 - exiting critical section [integrity check]
2024-06-01 13:04:41,372 [INFO] IntegrityCheckThread:103 - End integrity checks thread
2024-06-01 13:04:44,778 [INFO] WebApp:161 - Instantiating new browser for Auth
2024-06-01 13:04:45,631 [INFO] WebApp:779 - Register for checkConnection events
2024-06-01 13:04:45,632 [INFO] WebApp:414 - Apply proxy settings
2024-06-01 13:04:45,632 [INFO] WebApp:499 - Chromium requires no authentication
2024-06-01 13:04:45,645 [INFO] WebApp:442 - Direct internet connection detected
2024-06-01 13:04:46,023 [INFO] WebApp:192 - Starting web application
2024-06-01 13:04:46,024 [INFO] WebApp:544 - Web application path used C:\ST\STM32CubeIDE_1.14.1\STM32CubeIDE\plugins\com.st.stm32cube.common.mx_6.11.1.202404110753\db\plugins\mcufinder\reactClient1\index.html
2024-06-01 13:25:22,409 [INFO] McuFinderGlobals:63 - Set McuFinder mode to 2 (CubeIDE integrated)
2024-06-01 13:25:22,440 [INFO] MainUpdater:2873 - connection check result : 10
2024-06-01 13:25:22,456 [INFO] MainUpdater:2873 - connection check result : 10
2024-06-01 13:25:22,674 [INFO] MicroXplorer:468 - Change Database Path : 
2024-06-01 13:25:22,674 [INFO] MicroXplorer:498 - Change Database Version : DB.6.0.111
2024-06-01 13:25:22,674 [WARN] ThirdParty:871 - waiting for thirdparty lock release [close project]
2024-06-01 13:25:22,674 [INFO] ThirdParty:873 - entering critical section [close project]
2024-06-01 13:25:22,686 [INFO] ThirdParty:883 - exiting critical section [close project]
2024-06-01 13:25:22,686 [INFO] PinOutPanel:1561 - setPackage(No Configuration,No Configuration)
2024-06-01 13:25:22,686 [INFO] UtilMem:75 - Begin LoadConfig() Used Memory: 186112808 Bytes (584056832)
2024-06-01 13:25:22,686 [INFO] MicroXplorer:468 - Change Database Path : 
2024-06-01 13:25:22,686 [INFO] MicroXplorer:498 - Change Database Version : DB.6.0.111
2024-06-01 13:25:22,686 [INFO] OpenFileManager:312 - Change cursor
2024-06-01 13:25:22,748 [INFO] Mcu:2021 - Initializing MCU STM32F411C(C-E)Ux STM32F411CEUx STM32F411CEU6TR
2024-06-01 13:25:24,569 [INFO] Context:663 - Trying to add GPIOservice into a context  which must be forbidden
2024-06-01 13:25:25,366 [INFO] RtosManager:555 - Registered RTOS mode: class=CMSIS, group=RTOS, mode=CMSIS_V1, owner=FREERTOS
2024-06-01 13:25:25,367 [INFO] RtosManager:555 - Registered RTOS mode: class=CMSIS, group=RTOS2, mode=CMSIS_V2, owner=FREERTOS
2024-06-01 13:25:25,367 [INFO] RtosManager:555 - Registered RTOS mode: class=RTOS, group=Core, mode=CMSIS_V1, owner=FREERTOS
2024-06-01 13:25:25,367 [INFO] RtosManager:555 - Registered RTOS mode: class=RTOS, group=Core, mode=CMSIS_V2, owner=FREERTOS
2024-06-01 13:25:25,367 [WARN] ModelIntegratedComponent:184 - Missing modes for component STMicroelectronics:FreeRTOS:0.0.1:STMicroelectronics:RTOS:FreeRTOS:Core:::10.2.0:
2024-06-01 13:25:25,382 [WARN] ModelIntegratedComponent:182 - Modes not found for component STMicroelectronics:USB_HOST:1.0.0:STMicroelectronics:USB::USB Host:Audio HS::1.0:USB_HOST_1_0_RESTRICTED_HS
2024-06-01 13:25:25,383 [WARN] ModelIntegratedComponent:188 - Modes not found for component STMicroelectronics:USB_HOST:1.0.0:STMicroelectronics:USB::USB Host:Audio HS::1.0:USB_HOST_1_0_RESTRICTED_HS
2024-06-01 13:25:25,383 [WARN] ModelIntegratedComponent:182 - Modes not found for component STMicroelectronics:USB_HOST:1.0.0:STMicroelectronics:USB::USB Host:CDC HS::1.0:USB_HOST_1_0_RESTRICTED_HS
2024-06-01 13:25:25,383 [WARN] ModelIntegratedComponent:188 - Modes not found for component STMicroelectronics:USB_HOST:1.0.0:STMicroelectronics:USB::USB Host:CDC HS::1.0:USB_HOST_1_0_RESTRICTED_HS
2024-06-01 13:25:25,383 [WARN] ModelIntegratedComponent:182 - Modes not found for component STMicroelectronics:USB_HOST:1.0.0:STMicroelectronics:USB::USB Host:MSC HS::1.0:USB_HOST_1_0_RESTRICTED_HS
2024-06-01 13:25:25,383 [WARN] ModelIntegratedComponent:188 - Modes not found for component STMicroelectronics:USB_HOST:1.0.0:STMicroelectronics:USB::USB Host:MSC HS::1.0:USB_HOST_1_0_RESTRICTED_HS
2024-06-01 13:25:25,383 [WARN] ModelIntegratedComponent:182 - Modes not found for component STMicroelectronics:USB_HOST:1.0.0:STMicroelectronics:USB::USB Host:HID HS::1.0:USB_HOST_1_0_RESTRICTED_HS
2024-06-01 13:25:25,383 [WARN] ModelIntegratedComponent:188 - Modes not found for component STMicroelectronics:USB_HOST:1.0.0:STMicroelectronics:USB::USB Host:HID HS::1.0:USB_HOST_1_0_RESTRICTED_HS
2024-06-01 13:25:25,383 [WARN] ModelIntegratedComponent:182 - Modes not found for component STMicroelectronics:USB_HOST:1.0.0:STMicroelectronics:USB::USB Host:MTP HS::1.0:USB_HOST_1_0_RESTRICTED_HS
2024-06-01 13:25:25,383 [WARN] ModelIntegratedComponent:188 - Modes not found for component STMicroelectronics:USB_HOST:1.0.0:STMicroelectronics:USB::USB Host:MTP HS::1.0:USB_HOST_1_0_RESTRICTED_HS
2024-06-01 13:25:25,396 [WARN] ModelIntegratedComponent:63 - No mode defined for component null
2024-06-01 13:25:25,397 [WARN] ModelIntegratedComponent:63 - No mode defined for component null
2024-06-01 13:25:25,397 [WARN] ModelIntegratedComponent:63 - No mode defined for component null
2024-06-01 13:25:25,397 [WARN] ModelIntegratedComponent:63 - No mode defined for component null
2024-06-01 13:25:25,397 [WARN] ModelIntegratedComponent:63 - No mode defined for component null
2024-06-01 13:25:25,397 [WARN] ModelIntegratedComponent:63 - No mode defined for component null
2024-06-01 13:25:25,397 [WARN] ModelIntegratedComponent:63 - No mode defined for component null
2024-06-01 13:25:25,397 [WARN] ModelIntegratedComponent:63 - No mode defined for component null
2024-06-01 13:25:25,397 [WARN] ModelIntegratedComponent:63 - No mode defined for component null
2024-06-01 13:25:25,397 [WARN] ModelIntegratedComponent:63 - No mode defined for component null
2024-06-01 13:25:25,397 [WARN] ModelIntegratedComponent:63 - No mode defined for component null
2024-06-01 13:25:25,398 [WARN] ModelIntegratedComponent:63 - No mode defined for component null
2024-06-01 13:25:25,398 [WARN] ModelIntegratedComponent:63 - No mode defined for component null
2024-06-01 13:25:25,398 [WARN] ModelIntegratedComponent:63 - No mode defined for component null
2024-06-01 13:25:25,398 [WARN] ModelIntegratedComponent:63 - No mode defined for component null
2024-06-01 13:25:25,398 [WARN] ModelIntegratedComponent:63 - No mode defined for component null
2024-06-01 13:25:25,398 [WARN] ModelIntegratedComponent:63 - No mode defined for component null
2024-06-01 13:25:25,398 [WARN] ModelIntegratedComponent:63 - No mode defined for component null
2024-06-01 13:25:25,398 [WARN] ModelIntegratedComponent:63 - No mode defined for component null
2024-06-01 13:25:25,398 [WARN] ModelIntegratedComponent:63 - No mode defined for component null
2024-06-01 13:25:25,398 [WARN] ModelIntegratedComponent:63 - No mode defined for component null
2024-06-01 13:25:25,398 [WARN] ModelIntegratedComponent:63 - No mode defined for component null
2024-06-01 13:25:25,398 [WARN] ModelIntegratedComponent:63 - No mode defined for component null
2024-06-01 13:25:25,398 [WARN] ModelIntegratedComponent:63 - No mode defined for component null
2024-06-01 13:25:25,398 [WARN] ModelIntegratedComponent:63 - No mode defined for component null
2024-06-01 13:25:25,399 [WARN] ModelIntegratedComponent:63 - No mode defined for component null
2024-06-01 13:25:25,399 [WARN] ModelIntegratedComponent:63 - No mode defined for component null
2024-06-01 13:25:25,399 [WARN] ModelIntegratedComponent:63 - No mode defined for component null
2024-06-01 13:25:25,399 [WARN] ModelIntegratedComponent:63 - No mode defined for component null
2024-06-01 13:25:25,399 [WARN] ModelIntegratedComponent:63 - No mode defined for component null
2024-06-01 13:25:25,399 [WARN] ModelIntegratedComponent:63 - No mode defined for component null
2024-06-01 13:25:25,399 [WARN] ModelIntegratedComponent:63 - No mode defined for component null
2024-06-01 13:25:25,399 [WARN] ModelIntegratedComponent:63 - No mode defined for component null
2024-06-01 13:25:25,399 [WARN] ModelIntegratedComponent:63 - No mode defined for component null
2024-06-01 13:25:25,568 [WARN] ModelIntegratedComponent:182 - Modes not found for component STMicroelectronics:USB_DEVICE:1.0.0:STMicroelectronics:USB::USB Device:Audio HS::1.0:USB_DEVICE_1_0_RESTRICTED_HS
2024-06-01 13:25:25,568 [WARN] ModelIntegratedComponent:188 - Modes not found for component STMicroelectronics:USB_DEVICE:1.0.0:STMicroelectronics:USB::USB Device:Audio HS::1.0:USB_DEVICE_1_0_RESTRICTED_HS
2024-06-01 13:25:25,568 [WARN] ModelIntegratedComponent:182 - Modes not found for component STMicroelectronics:USB_DEVICE:1.0.0:STMicroelectronics:USB::USB Device:CDC HS::1.0:USB_DEVICE_1_0_RESTRICTED_HS
2024-06-01 13:25:25,568 [WARN] ModelIntegratedComponent:188 - Modes not found for component STMicroelectronics:USB_DEVICE:1.0.0:STMicroelectronics:USB::USB Device:CDC HS::1.0:USB_DEVICE_1_0_RESTRICTED_HS
2024-06-01 13:25:25,568 [WARN] ModelIntegratedComponent:182 - Modes not found for component STMicroelectronics:USB_DEVICE:1.0.0:STMicroelectronics:USB::USB Device:DFU HS::1.0:USB_DEVICE_1_0_RESTRICTED_HS
2024-06-01 13:25:25,569 [WARN] ModelIntegratedComponent:188 - Modes not found for component STMicroelectronics:USB_DEVICE:1.0.0:STMicroelectronics:USB::USB Device:DFU HS::1.0:USB_DEVICE_1_0_RESTRICTED_HS
2024-06-01 13:25:25,569 [WARN] ModelIntegratedComponent:182 - Modes not found for component STMicroelectronics:USB_DEVICE:1.0.0:STMicroelectronics:USB::USB Device:HID HS::1.0:USB_DEVICE_1_0_RESTRICTED_HS
2024-06-01 13:25:25,569 [WARN] ModelIntegratedComponent:188 - Modes not found for component STMicroelectronics:USB_DEVICE:1.0.0:STMicroelectronics:USB::USB Device:HID HS::1.0:USB_DEVICE_1_0_RESTRICTED_HS
2024-06-01 13:25:25,569 [WARN] ModelIntegratedComponent:182 - Modes not found for component STMicroelectronics:USB_DEVICE:1.0.0:STMicroelectronics:USB::USB Device:Custom HID HS::1.0:USB_DEVICE_1_0_RESTRICTED_HS
2024-06-01 13:25:25,569 [WARN] ModelIntegratedComponent:188 - Modes not found for component STMicroelectronics:USB_DEVICE:1.0.0:STMicroelectronics:USB::USB Device:Custom HID HS::1.0:USB_DEVICE_1_0_RESTRICTED_HS
2024-06-01 13:25:25,569 [WARN] ModelIntegratedComponent:182 - Modes not found for component STMicroelectronics:USB_DEVICE:1.0.0:STMicroelectronics:USB::USB Device:MSC HS::1.0:USB_DEVICE_1_0_RESTRICTED_HS
2024-06-01 13:25:25,569 [WARN] ModelIntegratedComponent:188 - Modes not found for component STMicroelectronics:USB_DEVICE:1.0.0:STMicroelectronics:USB::USB Device:MSC HS::1.0:USB_DEVICE_1_0_RESTRICTED_HS
2024-06-01 13:25:25,605 [INFO] ThirdPartyModel:298 - Start build external matchings
2024-06-01 13:25:25,917 [INFO] ThirdPartyModel:316 - End build external matchings
2024-06-01 13:25:25,942 [INFO] ImportTextPane:194 - (OptionalMessage_ERROR) IP (RCC) : Parameter (RTCHSEDivFreq_Value) has invalid value (12000000)
2024-06-01 13:25:25,950 [WARN] IP:2120 - DEVICE_SERIAL0_CDC_FS not found: check if there is a RefParameter without a condition.
2024-06-01 13:25:25,950 [WARN] IP:2120 - DEVICE_SERIAL1_CDC_FS not found: check if there is a RefParameter without a condition.
2024-06-01 13:25:25,950 [WARN] IP:2120 - DEVICE_SERIAL2_CDC_FS not found: check if there is a RefParameter without a condition.
2024-06-01 13:25:26,420 [INFO] ApiDb:581 - Connected to CubeFinder SQLite database (C:\Users\ACER\.stmcufinder\plugins\mcufinder\mcu\cube-finder-db.db)
2024-06-01 13:25:26,534 [INFO] ApiDb:668 - CubeFinder database Data Model version=2.1
2024-06-01 13:25:26,534 [INFO] ApiDb:669 - CubeFinder database Configuration version=3.0.39
2024-06-01 13:25:26,536 [INFO] ApiDb:670 - CubeFinder database generation date=2024-04-15 (1713193726)
2024-06-01 13:25:26,536 [INFO] ApiDb:671 - CubeFinder database FW Pack versions=[FP-ATR-ASTRA1_V2.0.0, FP-SNS-FLIGHT1_V5.0.1, FP-SNS-FLIGHT1_V5.0.2, FP-SNS-MOTENV1_V4.3.1, FP-SNS-MOTENV1_V4.3.2, FP-SNS-MOTENVWB1_V1.3.1, FP-SNS-SMARTAG2_V1.2.0, STM32Cube_FW_C0_V1.1.0, STM32Cube_FW_F4_V1.28.0, STM32Cube_FW_F7_V1.17.0, STM32Cube_FW_G0_V1.6.2, STM32Cube_FW_G4_V1.5.2, STM32Cube_FW_H5_V0.5.1, STM32Cube_FW_H5_V1.1.1, STM32Cube_FW_H5_V1.2.0, STM32Cube_FW_H5_V1.2.0RC4, STM32Cube_FW_H7RS_V1.0.0, STM32Cube_FW_H7RS_V1.0.0RC4, STM32Cube_FW_H7_V1.11.0, STM32Cube_FW_L0_V1.12.2, STM32Cube_FW_L5_V1.5.1, STM32Cube_FW_U0_V1.0.0, STM32Cube_FW_U0_V1.0.0RC1, STM32Cube_FW_U5_V1.3.0RC4, STM32Cube_FW_U5_V1.5.0, STM32Cube_FW_U5_V1.5.0RC1, STM32Cube_FW_WBA_V1.0.0RC1, STM32Cube_FW_WBA_V1.2.0, STM32Cube_FW_WBA_V1.2.0RC2, STM32Cube_FW_WBA_V1.3.0, STM32Cube_FW_WBA_V1.3.0RC1, STM32Cube_FW_WB_V1.15.0RC1, STM32Cube_FW_WB_V1.16.0, STM32Cube_FW_WB_V1.16.0RC2, STM32Cube_FW_WB_V1.18.0, STM32Cube_FW_WB_V1.19.0, STM32Cube_FW_WL_V1.3.0, X-CUBE-ALGOBUILD_V1.3.0, X-CUBE-ALS_V1.0.1, X-CUBE-AZRTOS-F4_V1.1.0, X-CUBE-AZRTOS-F7_V1.1.0, X-CUBE-AZRTOS-G0_V1.1.0, X-CUBE-AZRTOS-G4_V2.0.0, X-CUBE-AZRTOS-H7_V3.2.0, X-CUBE-AZRTOS-L4_V1.0.0, X-CUBE-AZRTOS-L4_V2.0.0, X-CUBE-AZRTOS-L5_V1.1.0, X-CUBE-AZRTOS-WB_V2.0.0, X-CUBE-AZRTOS-WL_V2.0.0, X-CUBE-BLE1_V7.0.0, X-CUBE-BLE2_V3.3.0, X-CUBE-BLEMGR_V3.1.0, X-CUBE-EEPRMA1_V4.1.0, X-CUBE-EEPRMA1_V5.1.0, X-CUBE-FREERTOS_V1.1.0, X-CUBE-GNSS1_V6.0.0, X-CUBE-MEMS1_V10.0.0, X-CUBE-MEMS1_V9.1.0, X-CUBE-MEMS1_V9.4.0, X-CUBE-MEMS1_V9.6.0, X-CUBE-NFC4_V3.0.0, X-CUBE-NFC7_V1.0.1, X-CUBE-SFXS2LP1_V4.0.0, X-CUBE-SUBG2_V5.0.0, X-CUBE-TOF1_V3.4.0]
2024-06-01 13:25:26,707 [INFO] DbBoardsSqlite:226 - include board P-NUCLEO-WB55-NUCLEO as a kit item of type 'Nucleo-64'
2024-06-01 13:25:26,707 [INFO] DbBoardsSqlite:226 - include board P-NUCLEO-WB55-USBDONGLE as a kit item of type 'Nucleo USB Dongle'
2024-06-01 13:25:26,708 [INFO] DbBoardsSqlite:226 - include board STEVAL-IDP005V1 as a kit item of type 'Evaluation Board'
2024-06-01 13:25:26,709 [INFO] DbBoardsSqlite:226 - include board STEVAL-IDP005V2 as a kit item of type 'Evaluation Board'
2024-06-01 13:25:27,187 [INFO] ApiDb:240 - Found 483 in-development CPN: [B-G473E-ZEST1S, B-WB1M-WPAN1, B-WL5M-SUBG1, NUCLEO-C031C6, NUCLEO-H503RB, NUCLEO-H533RE, NUCLEO-H563ZI, NUCLEO-H7S3L8, NUCLEO-U031R8, NUCLEO-U083RC, NUCLEO-U545RE-Q, NUCLEO-U5A5ZJ-Q, NUCLEO-WBA52CG, NUCLEO-WBA55CG, STEVAL-PROTEUS1, STEVAL-SMARTAG2, STEVAL-STWINBX1, STM320518-EVAL, STM32C0116-DK, STM32C011D6Y3TR, STM32C011D6Y6TR, STM32C011F4P3, STM32C011F4P6, STM32C011F4U3, STM32C011F4U6TR, STM32C011F6P3, STM32C011F6P6, STM32C011F6U3, STM32C011F6U6TR, STM32C011J4M3, STM32C011J4M6, STM32C011J6M3, STM32C011J6M6, STM32C0316-DK, STM32C031C4T3, STM32C031C4T6, STM32C031C4U3, STM32C031C4U6, STM32C031C6T3, STM32C031C6T6, STM32C031C6U3, STM32C031C6U6, STM32C031F4P3, STM32C031F4P6, STM32C031F6P3, STM32C031F6P6, STM32C031G4U3, STM32C031G4U6, STM32C031G6U3, STM32C031G6U6, STM32C031K4T3, STM32C031K4T6, STM32C031K4U3, STM32C031K4U6, STM32C031K6T3, STM32C031K6T6, STM32C031K6U3, STM32C031K6U6, STM32G071K8TXN, STM32G071K8UXN, STM32G081GBU6N, STM32G081KBT6N, STM32G081KBUXN, STM32G0B1CCT6N, STM32G0B1KCT6, STM32G0B1NEY6TR, STM32G0B1RCT6N, STM32G0C1CCT6, STM32G0C1CCT6N, STM32G0C1CCU6N, STM32G0C1CET6N, STM32G0C1CEU6N, STM32G0C1KCT6, STM32G0C1NEY6TR, STM32G0C1RCI6N, STM32G0C1RCT6N, STM32G0C1REI6N, STM32G0C1RET6N, STM32G0C1VCI6, STM32G0C1VEI6, STM32G471CCT6, STM32G471CCU6, STM32G471CET3, STM32G471CET6, STM32G471CEU3, STM32G471CEU6, STM32G471MCT6, STM32G471MET3, STM32G471MET6, STM32G471MEY6TR, STM32G471QCT6, STM32G471QET3, STM32G471RCT6, STM32G471RET3, STM32G471RET6, STM32G471VCH6, STM32G471VCI6, STM32G471VCT6, STM32G471VEH3, STM32G471VEH6, STM32G471VEI3, STM32G471VEI6, STM32G471VET3, STM32G471VET6, STM32G474CCT6, STM32H503CBT6, STM32H503CBU6, STM32H503EBY6TR, STM32H503KBU6, STM32H503RBT6, STM32H523CCT6, STM32H523CCU6, STM32H523CET6, STM32H523CEU6, STM32H523HEY6TR, STM32H523RCT6, STM32H523RET6, STM32H523VCI6, STM32H523VCT6, STM32H523VEI6, STM32H523VET6, STM32H523ZCJ6, STM32H523ZCT6, STM32H523ZEJ6, STM32H523ZET6, STM32H533CET6, STM32H533CEU6, STM32H533HEY6TR, STM32H533RET6, STM32H533VEI6, STM32H533VET6, STM32H533ZEJ6, STM32H533ZET6, STM32H562AGI6, STM32H562AII6, STM32H562IGK6, STM32H562IGT6, STM32H562IIK6, STM32H562IIT6, STM32H562RGT6, STM32H562RGV6, STM32H562RIT6, STM32H562RIV6, STM32H562VGT6, STM32H562VIT6, STM32H562ZGT6, STM32H562ZIT6, STM32H563AGI6, STM32H563AII3Q, STM32H563AII6, STM32H563IGK6, STM32H563IGT6, STM32H563IIK3Q, STM32H563IIK6, STM32H563IIT3Q, STM32H563IIT6, STM32H563MIY3QTR, STM32H563RGT6, STM32H563RGV6, STM32H563RIT6, STM32H563RIV6, STM32H563VGT6, STM32H563VIT3Q, STM32H563VIT6, STM32H563ZGT6, STM32H563ZIT3Q, STM32H563ZIT6, STM32H573AII3Q, STM32H573AII6, STM32H573I-DK, STM32H573IIK3Q, STM32H573IIK6, STM32H573IIT3Q, STM32H573IIT6, STM32H573MIY3QTR, STM32H573RIT6, STM32H573RIV6, STM32H573VIT3Q, STM32H573VIT6, STM32H573ZIT3Q, STM32H573ZIT6, STM32H7R3A8I6, STM32H7R3I8K6, STM32H7R3I8T6, STM32H7R3L8H6, STM32H7R3L8H6H, STM32H7R3R8V6, STM32H7R3V8H6, STM32H7R3V8T6, STM32H7R3V8Y6, STM32H7R3Z8J6, STM32H7R3Z8T6, STM32H7R7A8I6, STM32H7R7I8K6, STM32H7R7I8T6, STM32H7R7L8H6, STM32H7R7L8H6H, STM32H7R7Z8J6, STM32H7S3A8I6, STM32H7S3I8K6, STM32H7S3I8T6, STM32H7S3L8H6, STM32H7S3L8H6H, STM32H7S3R8V6, STM32H7S3V8H6, STM32H7S3V8T6, STM32H7S3V8Y6, STM32H7S3Z8J6, STM32H7S3Z8T6, STM32H7S78-DK, STM32H7S7A8I6, STM32H7S7I8K6, STM32H7S7I8T6, STM32H7S7L8H6, STM32H7S7L8H6H, STM32H7S7Z8J6, STM32L4R5QGI6STR, STM32MP131AAE3, STM32MP131AAF3, STM32MP131AAG3, STM32MP131CAE3, STM32MP131CAF3, STM32MP131CAG3, STM32MP131DAE7, STM32MP131DAF7, STM32MP131DAG7, STM32MP131FAE7, STM32MP131FAF7, STM32MP131FAG7, STM32MP133AAE3, STM32MP133AAF3, STM32MP133AAG3, STM32MP133CAE3, STM32MP133CAF3, STM32MP133CAG3, STM32MP133DAE7, STM32MP133DAF7, STM32MP133DAG7, STM32MP133FAE7, STM32MP133FAF7, STM32MP133FAG7, STM32MP135AAE3, STM32MP135AAF3, STM32MP135AAG3, STM32MP135CAE3, STM32MP135CAF3, STM32MP135CAG3, STM32MP135DAE7, STM32MP135DAF7, STM32MP135DAG7, STM32MP135F-DK, STM32MP135FAE7, STM32MP135FAF7, STM32MP135FAF7T, STM32MP135FAF7U, STM32MP135FAG7, STM32U031C6T6, STM32U031C6U6, STM32U031C8T6, STM32U031C8U6, STM32U031F4P6, STM32U031F6P6, STM32U031F8P6, STM32U031G6Y6TR, STM32U031G8Y6TR, STM32U031K4U6, STM32U031K6U6, STM32U031K8U6, STM32U031R6I6, STM32U031R6T6, STM32U031R8I6, STM32U031R8T6, STM32U073C8T6, STM32U073C8U6, STM32U073CBT6, STM32U073CBU6, STM32U073CCT6, STM32U073CCU6, STM32U073H8Y6TR, STM32U073HBY6TR, STM32U073HCY6TR, STM32U073K8U6, STM32U073KBU6, STM32U073KCU6, STM32U073M8I6, STM32U073M8T6, STM32U073MBI6, STM32U073MBT6, STM32U073MCI6, STM32U073MCT6, STM32U073R8I6, STM32U073R8T6, STM32U073RBI6, STM32U073RBT6, STM32U073RCI6, STM32U073RCT6, STM32U083C-DK, STM32U083CCT6, STM32U083CCU6, STM32U083HCY6TR, STM32U083KCU6, STM32U083MCI6, STM32U083MCT6, STM32U083RCI6, STM32U083RCT6, STM32U535CBT6, STM32U535CBT6Q, STM32U535CBU6, STM32U535CBU6Q, STM32U535CCT6, STM32U535CCT6Q, STM32U535CCU6, STM32U535CCU6Q, STM32U535CET6, STM32U535CET6Q, STM32U535CEU6, STM32U535CEU6Q, STM32U535JEY6QTR, STM32U535NCY6QTR, STM32U535NEY6QTR, STM32U535RBI6, STM32U535RBI6Q, STM32U535RBT6, STM32U535RBT6Q, STM32U535RCI6, STM32U535RCI6Q, STM32U535RCT6, STM32U535RCT6Q, STM32U535REI6, STM32U535REI6Q, STM32U535RET6, STM32U535RET6Q, STM32U535VCI6, STM32U535VCI6Q, STM32U535VCT6, STM32U535VCT6Q, STM32U535VEI6, STM32U535VEI6Q, STM32U535VET6, STM32U535VET6Q, STM32U545CET6, STM32U545CET6Q, STM32U545CEU6, STM32U545CEU6Q, STM32U545JEY6QTR, STM32U545NEY6QTR, STM32U545REI6, STM32U545REI6Q, STM32U545RET6, STM32U545RET6Q, STM32U545VEI6, STM32U545VEI6Q, STM32U545VET6, STM32U545VET6Q, STM32U595AIH6, STM32U595AIH6Q, STM32U595AJH6, STM32U595AJH6Q, STM32U595QII6, STM32U595QII6Q, STM32U595QJI6, STM32U595QJI6Q, STM32U595RIT6, STM32U595RIT6Q, STM32U595RJT6, STM32U595RJT6Q, STM32U595VIT6, STM32U595VIT6Q, STM32U595VJT6, STM32U595VJT6Q, STM32U595ZIT6, STM32U595ZIT6Q, STM32U595ZIY6QTR, STM32U595ZJT6, STM32U595ZJT6Q, STM32U595ZJY6QTR, STM32U599BJY6QTR, STM32U599NIH6Q, STM32U599NJH6Q, STM32U599VIT6Q, STM32U599VJT6, STM32U599VJT6Q, STM32U599ZIT6Q, STM32U599ZIY6QTR, STM32U599ZJT6Q, STM32U599ZJY6QTR, STM32U5A5AJH6, STM32U5A5AJH6Q, STM32U5A5QII3Q , STM32U5A5QJI6, STM32U5A5QJI6Q, STM32U5A5RJT6, STM32U5A5RJT6Q, STM32U5A5VJT6, STM32U5A5VJT6Q, STM32U5A5ZJT6, STM32U5A5ZJT6Q, STM32U5A5ZJY6QTR, STM32U5A9BJY6QTR, STM32U5A9J-DK, STM32U5A9NJH6Q, STM32U5A9VJT6Q, STM32U5A9ZJT6Q, STM32U5A9ZJY6QTR, STM32U5F7VIT6, STM32U5F7VIT6Q, STM32U5F7VJT6, STM32U5F7VJT6Q, STM32U5F9BJY6QTR, STM32U5F9NJH6Q, STM32U5F9VIT6Q, STM32U5F9VJT6Q, STM32U5F9ZIJ6QTR, STM32U5F9ZIT6Q, STM32U5F9ZJJ6QTR, STM32U5F9ZJT6Q, STM32U5G7VJT6, STM32U5G7VJT6Q, STM32U5G9BJY6QTR, STM32U5G9J-DK1, STM32U5G9J-DK2, STM32U5G9NJH6Q, STM32U5G9VJT6Q, STM32U5G9ZJJ6QTR, STM32U5G9ZJT6Q, STM32WB1MMCH6, STM32WBA50KEU6, STM32WBA50KEU6TR, STM32WBA50KGU6, STM32WBA50KGU6TR, STM32WBA52CEU6, STM32WBA52CEU6TR, STM32WBA52CEU7, STM32WBA52CEU7TR, STM32WBA52CGU6, STM32WBA52CGU6TR, STM32WBA52CGU6U, STM32WBA52CGU7, STM32WBA52CGU7TR, STM32WBA52KEU6, STM32WBA52KEU6TR, STM32WBA52KGU6, STM32WBA52KGU6TR, STM32WBA54CEU6, STM32WBA54CEU6TR, STM32WBA54CEU7, STM32WBA54CEU7TR, STM32WBA54CGU6, STM32WBA54CGU6TR, STM32WBA54CGU7, STM32WBA54CGU7TR, STM32WBA54KEU6, STM32WBA54KEU6TR, STM32WBA54KEU7, STM32WBA54KEU7TR, STM32WBA54KGU6, STM32WBA54KGU6TR, STM32WBA54KGU7, STM32WBA54KGU7TR, STM32WBA55CEU6, STM32WBA55CEU6TR, STM32WBA55CEU7, STM32WBA55CEU7TR, STM32WBA55CGU6, STM32WBA55CGU6TR, STM32WBA55CGU6U, STM32WBA55CGU7, STM32WBA55CGU7TR, STM32WBA55G-DK1, STM32WBA55HEF6, STM32WBA55HEF7, STM32WBA55HGF6, STM32WBA55HGF7, STM32WBA55UEI6, STM32WBA55UEI6TR, STM32WBA55UEI7, STM32WBA55UEI7TR, STM32WBA55UGI6, STM32WBA55UGI6TR, STM32WBA55UGI7, STM32WBA55UGI7TR, STM32WL5MOCH6, STM32WL5MOCH6TR]
2024-06-01 13:25:27,374 [INFO] BoardInfo:889 - No configuration file found for board P-NUCLEO-WB55
2024-06-01 13:25:27,374 [INFO] DbBoards:161 - Kit is not supported: P-NUCLEO-WB55
2024-06-01 13:25:27,390 [INFO] BoardInfo:889 - No configuration file found for board STEVAL-BFA001V1B
2024-06-01 13:25:27,390 [INFO] DbBoards:161 - Kit is not supported: STEVAL-BFA001V1B
2024-06-01 13:25:27,406 [INFO] BoardInfo:889 - No configuration file found for board STEVAL-BFA001V2B
2024-06-01 13:25:27,406 [INFO] DbBoards:161 - Kit is not supported: STEVAL-BFA001V2B
2024-06-01 13:25:27,593 [INFO] DbBoards:168 - Found 199 boards, 196 are supported
2024-06-01 13:25:27,593 [INFO] DbBoards:169 - Found 199 boards, 8 of them is supported for  Bsp
2024-06-01 13:25:27,593 [INFO] ApiDb:668 - CubeFinder database Data Model version=2.1
2024-06-01 13:25:27,593 [INFO] ApiDb:669 - CubeFinder database Configuration version=3.0.39
2024-06-01 13:25:27,593 [INFO] ApiDb:670 - CubeFinder database generation date=2024-04-15 (1713193726)
2024-06-01 13:25:27,593 [INFO] ApiDb:671 - CubeFinder database FW Pack versions=[FP-ATR-ASTRA1_V2.0.0, FP-SNS-FLIGHT1_V5.0.1, FP-SNS-FLIGHT1_V5.0.2, FP-SNS-MOTENV1_V4.3.1, FP-SNS-MOTENV1_V4.3.2, FP-SNS-MOTENVWB1_V1.3.1, FP-SNS-SMARTAG2_V1.2.0, STM32Cube_FW_C0_V1.1.0, STM32Cube_FW_F4_V1.28.0, STM32Cube_FW_F7_V1.17.0, STM32Cube_FW_G0_V1.6.2, STM32Cube_FW_G4_V1.5.2, STM32Cube_FW_H5_V0.5.1, STM32Cube_FW_H5_V1.1.1, STM32Cube_FW_H5_V1.2.0, STM32Cube_FW_H5_V1.2.0RC4, STM32Cube_FW_H7RS_V1.0.0, STM32Cube_FW_H7RS_V1.0.0RC4, STM32Cube_FW_H7_V1.11.0, STM32Cube_FW_L0_V1.12.2, STM32Cube_FW_L5_V1.5.1, STM32Cube_FW_U0_V1.0.0, STM32Cube_FW_U0_V1.0.0RC1, STM32Cube_FW_U5_V1.3.0RC4, STM32Cube_FW_U5_V1.5.0, STM32Cube_FW_U5_V1.5.0RC1, STM32Cube_FW_WBA_V1.0.0RC1, STM32Cube_FW_WBA_V1.2.0, STM32Cube_FW_WBA_V1.2.0RC2, STM32Cube_FW_WBA_V1.3.0, STM32Cube_FW_WBA_V1.3.0RC1, STM32Cube_FW_WB_V1.15.0RC1, STM32Cube_FW_WB_V1.16.0, STM32Cube_FW_WB_V1.16.0RC2, STM32Cube_FW_WB_V1.18.0, STM32Cube_FW_WB_V1.19.0, STM32Cube_FW_WL_V1.3.0, X-CUBE-ALGOBUILD_V1.3.0, X-CUBE-ALS_V1.0.1, X-CUBE-AZRTOS-F4_V1.1.0, X-CUBE-AZRTOS-F7_V1.1.0, X-CUBE-AZRTOS-G0_V1.1.0, X-CUBE-AZRTOS-G4_V2.0.0, X-CUBE-AZRTOS-H7_V3.2.0, X-CUBE-AZRTOS-L4_V1.0.0, X-CUBE-AZRTOS-L4_V2.0.0, X-CUBE-AZRTOS-L5_V1.1.0, X-CUBE-AZRTOS-WB_V2.0.0, X-CUBE-AZRTOS-WL_V2.0.0, X-CUBE-BLE1_V7.0.0, X-CUBE-BLE2_V3.3.0, X-CUBE-BLEMGR_V3.1.0, X-CUBE-EEPRMA1_V4.1.0, X-CUBE-EEPRMA1_V5.1.0, X-CUBE-FREERTOS_V1.1.0, X-CUBE-GNSS1_V6.0.0, X-CUBE-MEMS1_V10.0.0, X-CUBE-MEMS1_V9.1.0, X-CUBE-MEMS1_V9.4.0, X-CUBE-MEMS1_V9.6.0, X-CUBE-NFC4_V3.0.0, X-CUBE-NFC7_V1.0.1, X-CUBE-SFXS2LP1_V4.0.0, X-CUBE-SUBG2_V5.0.0, X-CUBE-TOF1_V3.4.0]
2024-06-01 13:25:29,946 [INFO] ApiDb:240 - Found 483 in-development CPN: [B-G473E-ZEST1S, B-WB1M-WPAN1, B-WL5M-SUBG1, NUCLEO-C031C6, NUCLEO-H503RB, NUCLEO-H533RE, NUCLEO-H563ZI, NUCLEO-H7S3L8, NUCLEO-U031R8, NUCLEO-U083RC, NUCLEO-U545RE-Q, NUCLEO-U5A5ZJ-Q, NUCLEO-WBA52CG, NUCLEO-WBA55CG, STEVAL-PROTEUS1, STEVAL-SMARTAG2, STEVAL-STWINBX1, STM320518-EVAL, STM32C0116-DK, STM32C011D6Y3TR, STM32C011D6Y6TR, STM32C011F4P3, STM32C011F4P6, STM32C011F4U3, STM32C011F4U6TR, STM32C011F6P3, STM32C011F6P6, STM32C011F6U3, STM32C011F6U6TR, STM32C011J4M3, STM32C011J4M6, STM32C011J6M3, STM32C011J6M6, STM32C0316-DK, STM32C031C4T3, STM32C031C4T6, STM32C031C4U3, STM32C031C4U6, STM32C031C6T3, STM32C031C6T6, STM32C031C6U3, STM32C031C6U6, STM32C031F4P3, STM32C031F4P6, STM32C031F6P3, STM32C031F6P6, STM32C031G4U3, STM32C031G4U6, STM32C031G6U3, STM32C031G6U6, STM32C031K4T3, STM32C031K4T6, STM32C031K4U3, STM32C031K4U6, STM32C031K6T3, STM32C031K6T6, STM32C031K6U3, STM32C031K6U6, STM32G071K8TXN, STM32G071K8UXN, STM32G081GBU6N, STM32G081KBT6N, STM32G081KBUXN, STM32G0B1CCT6N, STM32G0B1KCT6, STM32G0B1NEY6TR, STM32G0B1RCT6N, STM32G0C1CCT6, STM32G0C1CCT6N, STM32G0C1CCU6N, STM32G0C1CET6N, STM32G0C1CEU6N, STM32G0C1KCT6, STM32G0C1NEY6TR, STM32G0C1RCI6N, STM32G0C1RCT6N, STM32G0C1REI6N, STM32G0C1RET6N, STM32G0C1VCI6, STM32G0C1VEI6, STM32G471CCT6, STM32G471CCU6, STM32G471CET3, STM32G471CET6, STM32G471CEU3, STM32G471CEU6, STM32G471MCT6, STM32G471MET3, STM32G471MET6, STM32G471MEY6TR, STM32G471QCT6, STM32G471QET3, STM32G471RCT6, STM32G471RET3, STM32G471RET6, STM32G471VCH6, STM32G471VCI6, STM32G471VCT6, STM32G471VEH3, STM32G471VEH6, STM32G471VEI3, STM32G471VEI6, STM32G471VET3, STM32G471VET6, STM32G474CCT6, STM32H503CBT6, STM32H503CBU6, STM32H503EBY6TR, STM32H503KBU6, STM32H503RBT6, STM32H523CCT6, STM32H523CCU6, STM32H523CET6, STM32H523CEU6, STM32H523HEY6TR, STM32H523RCT6, STM32H523RET6, STM32H523VCI6, STM32H523VCT6, STM32H523VEI6, STM32H523VET6, STM32H523ZCJ6, STM32H523ZCT6, STM32H523ZEJ6, STM32H523ZET6, STM32H533CET6, STM32H533CEU6, STM32H533HEY6TR, STM32H533RET6, STM32H533VEI6, STM32H533VET6, STM32H533ZEJ6, STM32H533ZET6, STM32H562AGI6, STM32H562AII6, STM32H562IGK6, STM32H562IGT6, STM32H562IIK6, STM32H562IIT6, STM32H562RGT6, STM32H562RGV6, STM32H562RIT6, STM32H562RIV6, STM32H562VGT6, STM32H562VIT6, STM32H562ZGT6, STM32H562ZIT6, STM32H563AGI6, STM32H563AII3Q, STM32H563AII6, STM32H563IGK6, STM32H563IGT6, STM32H563IIK3Q, STM32H563IIK6, STM32H563IIT3Q, STM32H563IIT6, STM32H563MIY3QTR, STM32H563RGT6, STM32H563RGV6, STM32H563RIT6, STM32H563RIV6, STM32H563VGT6, STM32H563VIT3Q, STM32H563VIT6, STM32H563ZGT6, STM32H563ZIT3Q, STM32H563ZIT6, STM32H573AII3Q, STM32H573AII6, STM32H573I-DK, STM32H573IIK3Q, STM32H573IIK6, STM32H573IIT3Q, STM32H573IIT6, STM32H573MIY3QTR, STM32H573RIT6, STM32H573RIV6, STM32H573VIT3Q, STM32H573VIT6, STM32H573ZIT3Q, STM32H573ZIT6, STM32H7R3A8I6, STM32H7R3I8K6, STM32H7R3I8T6, STM32H7R3L8H6, STM32H7R3L8H6H, STM32H7R3R8V6, STM32H7R3V8H6, STM32H7R3V8T6, STM32H7R3V8Y6, STM32H7R3Z8J6, STM32H7R3Z8T6, STM32H7R7A8I6, STM32H7R7I8K6, STM32H7R7I8T6, STM32H7R7L8H6, STM32H7R7L8H6H, STM32H7R7Z8J6, STM32H7S3A8I6, STM32H7S3I8K6, STM32H7S3I8T6, STM32H7S3L8H6, STM32H7S3L8H6H, STM32H7S3R8V6, STM32H7S3V8H6, STM32H7S3V8T6, STM32H7S3V8Y6, STM32H7S3Z8J6, STM32H7S3Z8T6, STM32H7S78-DK, STM32H7S7A8I6, STM32H7S7I8K6, STM32H7S7I8T6, STM32H7S7L8H6, STM32H7S7L8H6H, STM32H7S7Z8J6, STM32L4R5QGI6STR, STM32MP131AAE3, STM32MP131AAF3, STM32MP131AAG3, STM32MP131CAE3, STM32MP131CAF3, STM32MP131CAG3, STM32MP131DAE7, STM32MP131DAF7, STM32MP131DAG7, STM32MP131FAE7, STM32MP131FAF7, STM32MP131FAG7, STM32MP133AAE3, STM32MP133AAF3, STM32MP133AAG3, STM32MP133CAE3, STM32MP133CAF3, STM32MP133CAG3, STM32MP133DAE7, STM32MP133DAF7, STM32MP133DAG7, STM32MP133FAE7, STM32MP133FAF7, STM32MP133FAG7, STM32MP135AAE3, STM32MP135AAF3, STM32MP135AAG3, STM32MP135CAE3, STM32MP135CAF3, STM32MP135CAG3, STM32MP135DAE7, STM32MP135DAF7, STM32MP135DAG7, STM32MP135F-DK, STM32MP135FAE7, STM32MP135FAF7, STM32MP135FAF7T, STM32MP135FAF7U, STM32MP135FAG7, STM32U031C6T6, STM32U031C6U6, STM32U031C8T6, STM32U031C8U6, STM32U031F4P6, STM32U031F6P6, STM32U031F8P6, STM32U031G6Y6TR, STM32U031G8Y6TR, STM32U031K4U6, STM32U031K6U6, STM32U031K8U6, STM32U031R6I6, STM32U031R6T6, STM32U031R8I6, STM32U031R8T6, STM32U073C8T6, STM32U073C8U6, STM32U073CBT6, STM32U073CBU6, STM32U073CCT6, STM32U073CCU6, STM32U073H8Y6TR, STM32U073HBY6TR, STM32U073HCY6TR, STM32U073K8U6, STM32U073KBU6, STM32U073KCU6, STM32U073M8I6, STM32U073M8T6, STM32U073MBI6, STM32U073MBT6, STM32U073MCI6, STM32U073MCT6, STM32U073R8I6, STM32U073R8T6, STM32U073RBI6, STM32U073RBT6, STM32U073RCI6, STM32U073RCT6, STM32U083C-DK, STM32U083CCT6, STM32U083CCU6, STM32U083HCY6TR, STM32U083KCU6, STM32U083MCI6, STM32U083MCT6, STM32U083RCI6, STM32U083RCT6, STM32U535CBT6, STM32U535CBT6Q, STM32U535CBU6, STM32U535CBU6Q, STM32U535CCT6, STM32U535CCT6Q, STM32U535CCU6, STM32U535CCU6Q, STM32U535CET6, STM32U535CET6Q, STM32U535CEU6, STM32U535CEU6Q, STM32U535JEY6QTR, STM32U535NCY6QTR, STM32U535NEY6QTR, STM32U535RBI6, STM32U535RBI6Q, STM32U535RBT6, STM32U535RBT6Q, STM32U535RCI6, STM32U535RCI6Q, STM32U535RCT6, STM32U535RCT6Q, STM32U535REI6, STM32U535REI6Q, STM32U535RET6, STM32U535RET6Q, STM32U535VCI6, STM32U535VCI6Q, STM32U535VCT6, STM32U535VCT6Q, STM32U535VEI6, STM32U535VEI6Q, STM32U535VET6, STM32U535VET6Q, STM32U545CET6, STM32U545CET6Q, STM32U545CEU6, STM32U545CEU6Q, STM32U545JEY6QTR, STM32U545NEY6QTR, STM32U545REI6, STM32U545REI6Q, STM32U545RET6, STM32U545RET6Q, STM32U545VEI6, STM32U545VEI6Q, STM32U545VET6, STM32U545VET6Q, STM32U595AIH6, STM32U595AIH6Q, STM32U595AJH6, STM32U595AJH6Q, STM32U595QII6, STM32U595QII6Q, STM32U595QJI6, STM32U595QJI6Q, STM32U595RIT6, STM32U595RIT6Q, STM32U595RJT6, STM32U595RJT6Q, STM32U595VIT6, STM32U595VIT6Q, STM32U595VJT6, STM32U595VJT6Q, STM32U595ZIT6, STM32U595ZIT6Q, STM32U595ZIY6QTR, STM32U595ZJT6, STM32U595ZJT6Q, STM32U595ZJY6QTR, STM32U599BJY6QTR, STM32U599NIH6Q, STM32U599NJH6Q, STM32U599VIT6Q, STM32U599VJT6, STM32U599VJT6Q, STM32U599ZIT6Q, STM32U599ZIY6QTR, STM32U599ZJT6Q, STM32U599ZJY6QTR, STM32U5A5AJH6, STM32U5A5AJH6Q, STM32U5A5QII3Q , STM32U5A5QJI6, STM32U5A5QJI6Q, STM32U5A5RJT6, STM32U5A5RJT6Q, STM32U5A5VJT6, STM32U5A5VJT6Q, STM32U5A5ZJT6, STM32U5A5ZJT6Q, STM32U5A5ZJY6QTR, STM32U5A9BJY6QTR, STM32U5A9J-DK, STM32U5A9NJH6Q, STM32U5A9VJT6Q, STM32U5A9ZJT6Q, STM32U5A9ZJY6QTR, STM32U5F7VIT6, STM32U5F7VIT6Q, STM32U5F7VJT6, STM32U5F7VJT6Q, STM32U5F9BJY6QTR, STM32U5F9NJH6Q, STM32U5F9VIT6Q, STM32U5F9VJT6Q, STM32U5F9ZIJ6QTR, STM32U5F9ZIT6Q, STM32U5F9ZJJ6QTR, STM32U5F9ZJT6Q, STM32U5G7VJT6, STM32U5G7VJT6Q, STM32U5G9BJY6QTR, STM32U5G9J-DK1, STM32U5G9J-DK2, STM32U5G9NJH6Q, STM32U5G9VJT6Q, STM32U5G9ZJJ6QTR, STM32U5G9ZJT6Q, STM32WB1MMCH6, STM32WBA50KEU6, STM32WBA50KEU6TR, STM32WBA50KGU6, STM32WBA50KGU6TR, STM32WBA52CEU6, STM32WBA52CEU6TR, STM32WBA52CEU7, STM32WBA52CEU7TR, STM32WBA52CGU6, STM32WBA52CGU6TR, STM32WBA52CGU6U, STM32WBA52CGU7, STM32WBA52CGU7TR, STM32WBA52KEU6, STM32WBA52KEU6TR, STM32WBA52KGU6, STM32WBA52KGU6TR, STM32WBA54CEU6, STM32WBA54CEU6TR, STM32WBA54CEU7, STM32WBA54CEU7TR, STM32WBA54CGU6, STM32WBA54CGU6TR, STM32WBA54CGU7, STM32WBA54CGU7TR, STM32WBA54KEU6, STM32WBA54KEU6TR, STM32WBA54KEU7, STM32WBA54KEU7TR, STM32WBA54KGU6, STM32WBA54KGU6TR, STM32WBA54KGU7, STM32WBA54KGU7TR, STM32WBA55CEU6, STM32WBA55CEU6TR, STM32WBA55CEU7, STM32WBA55CEU7TR, STM32WBA55CGU6, STM32WBA55CGU6TR, STM32WBA55CGU6U, STM32WBA55CGU7, STM32WBA55CGU7TR, STM32WBA55G-DK1, STM32WBA55HEF6, STM32WBA55HEF7, STM32WBA55HGF6, STM32WBA55HGF7, STM32WBA55UEI6, STM32WBA55UEI6TR, STM32WBA55UEI7, STM32WBA55UEI7TR, STM32WBA55UGI6, STM32WBA55UGI6TR, STM32WBA55UGI7, STM32WBA55UGI7TR, STM32WL5MOCH6, STM32WL5MOCH6TR]
2024-06-01 13:25:29,950 [INFO] DbMcus:218 - Found 4096 MCUs, 4096 are supported
2024-06-01 13:25:29,959 [INFO] ApiDb:423 - Load user favorites file C:\Users\ACER/.stm32cubeide/favorites.mcus.txt: 1 item(s)
2024-06-01 13:25:29,959 [INFO] ApiDb:427 - User favorites MCUs=[STM32F411CEU6]
2024-06-01 13:25:29,959 [INFO] DbMcus:224 - Set 1 / 1 favorites MCUs
2024-06-01 13:25:30,417 [INFO] ApiDb:423 - Load user favorites file C:\Users\ACER/.stm32cubeide/favorites.boards.txt: 0 item(s)
2024-06-01 13:25:30,417 [INFO] ApiDb:427 - User favorites Boards=[]
2024-06-01 13:25:30,418 [INFO] DbBoards:198 - Set 0 / 0 favorites Boards
2024-06-01 13:25:30,480 [INFO] UtilMem:75 - End LoadConfig() Used Memory: 367258208 Bytes (729808896)
2024-06-01 13:25:30,653 [WARN] ThirdParty:833 - waiting for thirdparty lock release [change project]
2024-06-01 13:25:30,653 [INFO] ThirdParty:835 - entering critical section [change project]
2024-06-01 13:25:30,653 [INFO] ThirdParty:1030 - CMSIS Pack Vendor :STMicroelectronics USBPD 4.1
2024-06-01 13:25:30,654 [INFO] ThirdParty:1030 - CMSIS Pack Vendor :STMicroelectronics X-CUBE-GNSS1 6.0.0
2024-06-01 13:25:30,654 [INFO] ThirdParty:1030 - CMSIS Pack Vendor :STMicroelectronics USB_HOST 2.0.0
2024-06-01 13:25:30,654 [INFO] ThirdParty:1030 - CMSIS Pack Vendor :STMicroelectronics FP-SNS-MOTENVWB1 1.4.0
2024-06-01 13:25:30,654 [INFO] ThirdParty:1030 - CMSIS Pack Vendor :STMicroelectronics X-CUBE-AZRTOS-F4 1.1.0
2024-06-01 13:25:30,654 [INFO] ThirdParty:1030 - CMSIS Pack Vendor :STMicroelectronics LIBJPEG 8.0.0
2024-06-01 13:25:30,654 [INFO] ThirdParty:1030 - CMSIS Pack Vendor :STMicroelectronics X-CUBE-SMBUS 2.1.0
2024-06-01 13:25:30,654 [INFO] ThirdParty:1030 - CMSIS Pack Vendor :STMicroelectronics USB_DEVICE 3.0.0
2024-06-01 13:25:30,654 [INFO] ThirdParty:1030 - CMSIS Pack Vendor :STMicroelectronics X-CUBE-TCPP 4.1.0
2024-06-01 13:25:30,654 [INFO] ThirdParty:1030 - CMSIS Pack Vendor :STMicroelectronics X-CUBE-FREERTOS 1.2.0
2024-06-01 13:25:30,654 [INFO] ThirdParty:1030 - CMSIS Pack Vendor :STMicroelectronics X-CUBE-AZRTOS-WB 2.0.0
2024-06-01 13:25:30,654 [INFO] ThirdParty:1030 - CMSIS Pack Vendor :wolfSSL I-CUBE-wolfSSL 5.6.6
2024-06-01 13:25:30,654 [INFO] ThirdParty:1030 - CMSIS Pack Vendor :STMicroelectronics X-CUBE-TOUCHGFX 4.23.1
2024-06-01 13:25:30,655 [INFO] ThirdParty:1030 - CMSIS Pack Vendor :STMicroelectronics X-CUBE-TOUCHGFX 4.23.0
2024-06-01 13:25:30,655 [INFO] ThirdParty:1030 - CMSIS Pack Vendor :STMicroelectronics X-CUBE-TOUCHGFX 4.23.2
2024-06-01 13:25:30,655 [INFO] ThirdParty:1030 - CMSIS Pack Vendor :STMicroelectronics X-CUBE-AZRTOS-F7 1.1.0
2024-06-01 13:25:30,655 [INFO] ThirdParty:1030 - CMSIS Pack Vendor :STMicroelectronics X-CUBE-AZRTOS-L5 2.0.0
2024-06-01 13:25:30,655 [INFO] ThirdParty:1030 - CMSIS Pack Vendor :STMicroelectronics USB_DEVICE 2.0.0
2024-06-01 13:25:30,655 [INFO] ThirdParty:1030 - CMSIS Pack Vendor :STMicroelectronics X-CUBE-NFC6 3.1.0
2024-06-01 13:25:30,655 [INFO] ThirdParty:1030 - CMSIS Pack Vendor :ITTIA_DB I-CUBE-ITTIADB 8.8.0
2024-06-01 13:25:30,655 [INFO] ThirdParty:1030 - CMSIS Pack Vendor :STMicroelectronics FP-SNS-MOTENV1 4.3.2
2024-06-01 13:25:30,655 [INFO] ThirdParty:1030 - CMSIS Pack Vendor :STMicroelectronics X-CUBE-ALGOBUILD 1.3.0
2024-06-01 13:25:30,655 [INFO] ThirdParty:1030 - CMSIS Pack Vendor :STMicroelectronics FreeRTOS 0.0.1
2024-06-01 13:25:30,655 [INFO] ThirdParty:1030 - CMSIS Pack Vendor :STMicroelectronics X-CUBE-AZRTOS-G0 1.1.0
2024-06-01 13:25:30,655 [INFO] ThirdParty:1030 - CMSIS Pack Vendor :STMicroelectronics X-CUBE-SAFEA1 1.2.2
2024-06-01 13:25:30,655 [INFO] ThirdParty:1030 - CMSIS Pack Vendor :STMicroelectronics X-CUBE-NFC4 3.0.0
2024-06-01 13:25:30,656 [INFO] ThirdParty:1030 - CMSIS Pack Vendor :STMicroelectronics X-CUBE-SUBG2 5.0.0
2024-06-01 13:25:30,656 [INFO] ThirdParty:1030 - CMSIS Pack Vendor :STMicroelectronics STM32_WPAN 1.0.0
2024-06-01 13:25:30,656 [INFO] ThirdParty:1030 - CMSIS Pack Vendor :STMicroelectronics lwIP 2.0.3
2024-06-01 13:25:30,656 [INFO] ThirdParty:1030 - CMSIS Pack Vendor :STMicroelectronics FP-SNS-FLIGHT1 5.0.2
2024-06-01 13:25:30,656 [INFO] ThirdParty:1030 - CMSIS Pack Vendor :STMicroelectronics USB_HOST 1.0.0
2024-06-01 13:25:30,656 [INFO] ThirdParty:1030 - CMSIS Pack Vendor :STMicroelectronics X-CUBE-AI 9.0.0
2024-06-01 13:25:30,656 [INFO] ThirdParty:1030 - CMSIS Pack Vendor :STMicroelectronics X-CUBE-AZRTOS-G4 2.0.0
2024-06-01 13:25:30,656 [INFO] ThirdParty:1030 - CMSIS Pack Vendor :STMicroelectronics PDM2PCM 3.1.0
2024-06-01 13:25:30,656 [INFO] ThirdParty:1030 - CMSIS Pack Vendor :Infineon AIROC-Wi-Fi-Bluetooth-STM32 1.5.1
2024-06-01 13:25:30,656 [INFO] ThirdParty:1030 - CMSIS Pack Vendor :STMicroelectronics PDM2PCM 3.3.0
2024-06-01 13:25:30,656 [INFO] ThirdParty:1030 - CMSIS Pack Vendor :STMicroelectronics X-CUBE-DISPLAY 3.0.0
2024-06-01 13:25:30,656 [INFO] ThirdParty:1030 - CMSIS Pack Vendor :STMicroelectronics FP-SNS-MOTENVWB1 1.3.1
2024-06-01 13:25:30,656 [INFO] ThirdParty:1030 - CMSIS Pack Vendor :STMicroelectronics X-CUBE-BLE1 7.0.0
2024-06-01 13:25:30,656 [INFO] ThirdParty:1030 - CMSIS Pack Vendor :STMicroelectronics FP-ATR-SIGFOX1 3.2.0
2024-06-01 13:25:30,656 [INFO] ThirdParty:1030 - CMSIS Pack Vendor :STMicroelectronics X-CUBE-ISPU 2.0.0
2024-06-01 13:25:30,656 [INFO] ThirdParty:1030 - CMSIS Pack Vendor :STMicroelectronics X-CUBE-EEPRMA1 5.1.0
2024-06-01 13:25:30,656 [INFO] ThirdParty:1030 - CMSIS Pack Vendor :STMicroelectronics HAL Drivers 0.0.0
2024-06-01 13:25:30,657 [INFO] ThirdParty:1030 - CMSIS Pack Vendor :STMicroelectronics MBEDTLS 2.16.2
2024-06-01 13:25:30,657 [INFO] ThirdParty:1030 - CMSIS Pack Vendor :STMicroelectronics X-CUBE-ALS 1.0.2
2024-06-01 13:25:30,657 [INFO] ThirdParty:1030 - CMSIS Pack Vendor :emotas I-CUBE-CANOPEN 1.3.0
2024-06-01 13:25:30,657 [INFO] ThirdParty:1030 - CMSIS Pack Vendor :STMicroelectronics X-CUBE-MEMS1 10.0.0
2024-06-01 13:25:30,657 [INFO] ThirdParty:1030 - CMSIS Pack Vendor :STMicroelectronics X-CUBE-FREERTOS 1.1.0
2024-06-01 13:25:30,657 [INFO] ThirdParty:1030 - CMSIS Pack Vendor :STMicroelectronics X-CUBE-NFC7 1.0.1
2024-06-01 13:25:30,657 [INFO] ThirdParty:1030 - CMSIS Pack Vendor :STMicroelectronics MBEDTLS 2.14.1
2024-06-01 13:25:30,657 [INFO] ThirdParty:1030 - CMSIS Pack Vendor :STMicroelectronics X-CUBE-NFC6 3.0.0
2024-06-01 13:25:30,657 [INFO] ThirdParty:1030 - CMSIS Pack Vendor :portGmbH I-Cube-SoM-uGOAL 1.1.0
2024-06-01 13:25:30,657 [INFO] ThirdParty:1030 - CMSIS Pack Vendor :STMicroelectronics X-CUBE-ALS 1.0.1
2024-06-01 13:25:30,657 [INFO] ThirdParty:1030 - CMSIS Pack Vendor :STMicroelectronics X-CUBE-BLEMGR 3.1.0
2024-06-01 13:25:30,657 [INFO] ThirdParty:1030 - CMSIS Pack Vendor :STMicroelectronics ThreadX 1.0.0
2024-06-01 13:25:30,657 [INFO] ThirdParty:1030 - CMSIS Pack Vendor :STMicroelectronics FP-SNS-SMARTAG2 1.2.0
2024-06-01 13:25:30,657 [INFO] ThirdParty:1030 - CMSIS Pack Vendor :STMicroelectronics X-CUBE-AZRTOS-WL 2.0.0
2024-06-01 13:25:30,657 [INFO] ThirdParty:1030 - CMSIS Pack Vendor :SEGGER I-CUBE-embOS 1.3.1
2024-06-01 13:25:30,657 [INFO] ThirdParty:1030 - CMSIS Pack Vendor :STMicroelectronics X-CUBE-ALGOBUILD 1.4.0
2024-06-01 13:25:30,658 [INFO] ThirdParty:1030 - CMSIS Pack Vendor :STMicroelectronics FP-SNS-MOTENV1 5.0.0
2024-06-01 13:25:30,658 [INFO] ThirdParty:1030 - CMSIS Pack Vendor :STMicroelectronics USB_DEVICE 1.0.0
2024-06-01 13:25:30,658 [INFO] ThirdParty:1030 - CMSIS Pack Vendor :STMicroelectronics X-CUBE-AI 8.1.0
2024-06-01 13:25:30,658 [INFO] ThirdParty:1030 - CMSIS Pack Vendor :STMicroelectronics X-CUBE-AZRTOS-H7RS 1.0.0
2024-06-01 13:25:30,658 [INFO] ThirdParty:1030 - CMSIS Pack Vendor :STMicroelectronics X-CUBE-AZRTOS-L4 2.0.0
2024-06-01 13:25:30,658 [INFO] ThirdParty:1030 - CMSIS Pack Vendor :STMicroelectronics ThreadX 0.0.2
2024-06-01 13:25:30,658 [INFO] ThirdParty:1030 - CMSIS Pack Vendor :WES I-CUBE-Cesium 1.3.0
2024-06-01 13:25:30,658 [INFO] ThirdParty:1030 - CMSIS Pack Vendor :STMicroelectronics FP-ATR-ASTRA1 2.0.0
2024-06-01 13:25:30,658 [INFO] ThirdParty:1030 - CMSIS Pack Vendor :STMicroelectronics lwIP 2.1.2
2024-06-01 13:25:30,658 [INFO] ThirdParty:1030 - CMSIS Pack Vendor :STMicroelectronics X-CUBE-SFXS2LP1 4.0.0
2024-06-01 13:25:30,658 [INFO] ThirdParty:1030 - CMSIS Pack Vendor :STMicroelectronics X-CUBE-BLE2 3.3.0
2024-06-01 13:25:30,658 [INFO] ThirdParty:1030 - CMSIS Pack Vendor :STMicroelectronics X-CUBE-TOF1 3.4.1
2024-06-01 13:25:30,658 [INFO] ThirdParty:1030 - CMSIS Pack Vendor :STMicroelectronics X-CUBE-AZRTOS-H7 3.2.0
2024-06-01 13:25:30,658 [INFO] ThirdParty:1030 - CMSIS Pack Vendor :STMicroelectronics PDM2PCM 3.2.0
2024-06-01 13:25:30,658 [INFO] ThirdParty:841 - exiting critical section [change project]
2024-06-01 13:25:31,535 [INFO] PinOutPanel:1561 - setPackage(No Configuration,No Configuration)
2024-06-01 13:25:31,537 [INFO] PinOutPanel:1561 - setPackage(STM32F411CEUx,UFQFPN48)
2024-06-01 13:25:32,101 [INFO] UtilMem:75 - Before build in PCC Used Memory: 219787192 Bytes (729808896)
2024-06-01 13:25:33,172 [INFO] UtilMem:75 - After build in PCC Used Memory: 306144000 Bytes (729808896)
2024-06-01 13:25:33,348 [INFO] ApiDbMcu:508 - Load IP Config File for USB_DEVICE
2024-06-01 13:25:33,408 [INFO] IPUIPlugin:80 - create IPUIPlugin
2024-06-01 13:25:33,408 [INFO] IPUIPlugin:80 - create IPUIPlugin
2024-06-01 13:25:33,409 [INFO] IPUIPlugin:80 - create IPUIPlugin
2024-06-01 13:25:33,409 [INFO] IPUIPlugin:80 - create IPUIPlugin
2024-06-01 13:25:33,409 [INFO] IPUIPlugin:80 - create IPUIPlugin
2024-06-01 13:25:33,409 [INFO] IPUIPlugin:80 - create IPUIPlugin
2024-06-01 13:25:33,409 [INFO] IPUIPlugin:80 - create IPUIPlugin
2024-06-01 13:25:33,409 [INFO] IPUIPlugin:80 - create IPUIPlugin
2024-06-01 13:25:33,410 [INFO] IPUIPlugin:80 - create IPUIPlugin
2024-06-01 13:25:33,410 [INFO] IPUIPlugin:80 - create IPUIPlugin
2024-06-01 13:25:33,410 [INFO] IPUIPlugin:80 - create IPUIPlugin
2024-06-01 13:25:33,410 [INFO] IPUIPlugin:80 - create IPUIPlugin
2024-06-01 13:25:33,411 [INFO] IPUIPlugin:80 - create IPUIPlugin
2024-06-01 13:25:33,411 [INFO] IPUIPlugin:80 - create IPUIPlugin
2024-06-01 13:25:33,412 [INFO] IPUIPlugin:80 - create IPUIPlugin
2024-06-01 13:25:33,412 [INFO] IPUIPlugin:80 - create IPUIPlugin
2024-06-01 13:25:33,413 [INFO] IPUIPlugin:80 - create IPUIPlugin
2024-06-01 13:25:33,413 [INFO] IPUIPlugin:80 - create IPUIPlugin
2024-06-01 13:25:33,414 [INFO] IPUIPlugin:80 - create IPUIPlugin
2024-06-01 13:25:33,414 [INFO] IPUIPlugin:80 - create IPUIPlugin
2024-06-01 13:25:33,414 [INFO] IPUIPlugin:80 - create IPUIPlugin
2024-06-01 13:25:33,415 [INFO] IPUIPlugin:80 - create IPUIPlugin
2024-06-01 13:25:33,415 [INFO] IPUIPlugin:80 - create IPUIPlugin
2024-06-01 13:25:33,416 [INFO] IPUIPlugin:80 - create IPUIPlugin
2024-06-01 13:25:33,416 [INFO] IPUIPlugin:80 - create IPUIPlugin
2024-06-01 13:25:33,416 [INFO] IPUIPlugin:80 - create IPUIPlugin
2024-06-01 13:25:33,416 [INFO] IPUIPlugin:80 - create IPUIPlugin
2024-06-01 13:25:33,417 [INFO] IPUIPlugin:80 - create IPUIPlugin
2024-06-01 13:25:33,417 [INFO] IPUIPlugin:80 - create IPUIPlugin
2024-06-01 13:25:33,417 [INFO] IPUIPlugin:80 - create IPUIPlugin
2024-06-01 13:25:33,418 [INFO] IPUIPlugin:80 - create IPUIPlugin
2024-06-01 13:25:33,418 [INFO] IPUIPlugin:80 - create IPUIPlugin
2024-06-01 13:25:33,418 [INFO] IPUIPlugin:80 - create IPUIPlugin
2024-06-01 13:25:33,419 [INFO] IPUIPlugin:80 - create IPUIPlugin
2024-06-01 13:25:33,419 [INFO] IPUIPlugin:80 - create IPUIPlugin
2024-06-01 13:25:33,419 [INFO] IPUIPlugin:80 - create IPUIPlugin
2024-06-01 13:25:33,420 [INFO] IPUIPlugin:80 - create IPUIPlugin
2024-06-01 13:25:33,420 [INFO] IPUIPlugin:80 - create IPUIPlugin
2024-06-01 13:25:33,421 [INFO] IPUIPlugin:80 - create IPUIPlugin
2024-06-01 13:25:33,421 [INFO] IPUIPlugin:80 - create IPUIPlugin
2024-06-01 13:25:33,422 [INFO] IPUIPlugin:80 - create IPUIPlugin
2024-06-01 13:25:33,422 [INFO] IPUIPlugin:80 - create IPUIPlugin
2024-06-01 13:25:33,423 [INFO] IPUIPlugin:80 - create IPUIPlugin
2024-06-01 13:25:33,451 [INFO] ApiDbMcu:508 - Load IP Config File for PDM2PCM
2024-06-01 13:25:33,751 [INFO] CADModel:165 - CPN selected for project levelSTM32F411CEU6TR
2024-06-01 13:25:33,751 [INFO] CADModel:114 - Register for checkConnection events
2024-06-01 13:25:33,809 [INFO] OpenFileManager:343 - Restore cursor
2024-06-01 13:25:33,999 [WARN] IP:2120 - DEVICE_SERIAL0_CDC_FS not found: check if there is a RefParameter without a condition.
2024-06-01 13:25:33,999 [WARN] IP:2120 - DEVICE_SERIAL1_CDC_FS not found: check if there is a RefParameter without a condition.
2024-06-01 13:25:33,999 [WARN] IP:2120 - DEVICE_SERIAL2_CDC_FS not found: check if there is a RefParameter without a condition.
2024-06-01 13:25:33,999 [WARN] IP:2120 - DEVICE_SERIAL0_CDC_FS not found: check if there is a RefParameter without a condition.
2024-06-01 13:25:33,999 [WARN] IP:2120 - DEVICE_SERIAL1_CDC_FS not found: check if there is a RefParameter without a condition.
2024-06-01 13:25:33,999 [WARN] IP:2120 - DEVICE_SERIAL2_CDC_FS not found: check if there is a RefParameter without a condition.
2024-06-01 13:25:48,636 [WARN] IP:2120 - DEVICE_SERIAL0_CDC_FS not found: check if there is a RefParameter without a condition.
2024-06-01 13:25:48,652 [WARN] IP:2120 - DEVICE_SERIAL1_CDC_FS not found: check if there is a RefParameter without a condition.
2024-06-01 13:25:48,652 [WARN] IP:2120 - DEVICE_SERIAL2_CDC_FS not found: check if there is a RefParameter without a condition.
2024-06-01 13:25:48,652 [WARN] IP:2120 - DEVICE_SERIAL0_CDC_FS not found: check if there is a RefParameter without a condition.
2024-06-01 13:25:48,652 [WARN] IP:2120 - DEVICE_SERIAL1_CDC_FS not found: check if there is a RefParameter without a condition.
2024-06-01 13:25:48,652 [WARN] IP:2120 - DEVICE_SERIAL2_CDC_FS not found: check if there is a RefParameter without a condition.
2024-06-01 13:26:00,151 [INFO] UtilMem:75 - End SaveConfig() Used Memory: 388862568 Bytes (729808896)
2024-06-01 13:26:00,253 [INFO] UtilMem:75 - End SaveConfig() Used Memory: 412602176 Bytes (729808896)
2024-06-01 13:26:00,539 [INFO] UtilMem:75 - End SaveConfig() Used Memory: 464321552 Bytes (729808896)
2024-06-01 13:26:01,118 [INFO] ProjectBuilder:2313 - IP not ready for code generation: Clock
2024-06-01 13:27:04,040 [INFO] NvicIntPanel:101 - NVIC parent = com.st.microxplorer.plugins.ip.nvic.MultiNvicIntPanel[,0,0,0x0,invalid,layout=javax.swing.BoxLayout,alignmentX=0.0,alignmentY=0.0,border=,flags=9,maximumSize=,minimumSize=,preferredSize=]
2024-06-01 13:28:10,691 [ERROR] LogOutputStream:75 - [STDERR_REDIRECT] Exception in thread "AWT-EventQueue-0" java.lang.ClassCastException: class sun.awt.windows.WEmbeddedFrame cannot be cast to class javax.swing.JFrame (sun.awt.windows.WEmbeddedFrame and javax.swing.JFrame are in module java.desktop of loader 'bootstrap')
2024-06-01 13:28:10,693 [ERROR] LogOutputStream:75 - [STDERR_REDIRECT] 	at com.st.microxplorer.plugins.clock.ClockConfigurationView.activatePlugin(ClockConfigurationView.java:425)
2024-06-01 13:28:10,695 [ERROR] LogOutputStream:75 - [STDERR_REDIRECT] 	at com.st.microxplorer.maingui.MainPanel$1.stateChanged(MainPanel.java:369)
2024-06-01 13:28:10,697 [ERROR] LogOutputStream:75 - [STDERR_REDIRECT] 	at java.desktop/javax.swing.JTabbedPane.fireStateChanged(JTabbedPane.java:444)
2024-06-01 13:28:10,699 [ERROR] LogOutputStream:75 - [STDERR_REDIRECT] 	at java.desktop/javax.swing.JTabbedPane$ModelListener.stateChanged(JTabbedPane.java:295)
2024-06-01 13:28:10,702 [ERROR] LogOutputStream:75 - [STDERR_REDIRECT] 	at java.desktop/javax.swing.DefaultSingleSelectionModel.fireStateChanged(DefaultSingleSelectionModel.java:148)
2024-06-01 13:28:10,704 [ERROR] LogOutputStream:75 - [STDERR_REDIRECT] 	at java.desktop/javax.swing.DefaultSingleSelectionModel.setSelectedIndex(DefaultSingleSelectionModel.java:79)
2024-06-01 13:28:10,706 [ERROR] LogOutputStream:75 - [STDERR_REDIRECT] 	at java.desktop/javax.swing.JTabbedPane.setSelectedIndexImpl(JTabbedPane.java:648)
2024-06-01 13:28:10,708 [ERROR] LogOutputStream:75 - [STDERR_REDIRECT] 	at java.desktop/javax.swing.JTabbedPane.setSelectedIndex(JTabbedPane.java:623)
2024-06-01 13:28:10,710 [ERROR] LogOutputStream:75 - [STDERR_REDIRECT] 	at java.desktop/javax.swing.plaf.basic.BasicTabbedPaneUI$Handler.mousePressed(BasicTabbedPaneUI.java:4101)
2024-06-01 13:28:10,712 [ERROR] LogOutputStream:75 - [STDERR_REDIRECT] 	at java.desktop/java.awt.Component.processMouseEvent(Component.java:6623)
2024-06-01 13:28:10,714 [ERROR] LogOutputStream:75 - [STDERR_REDIRECT] 	at java.desktop/javax.swing.JComponent.processMouseEvent(JComponent.java:3389)
2024-06-01 13:28:10,715 [ERROR] LogOutputStream:75 - [STDERR_REDIRECT] 	at java.desktop/java.awt.Component.processEvent(Component.java:6391)
2024-06-01 13:28:10,717 [ERROR] LogOutputStream:75 - [STDERR_REDIRECT] 	at java.desktop/java.awt.Container.processEvent(Container.java:2266)
2024-06-01 13:28:10,718 [ERROR] LogOutputStream:75 - [STDERR_REDIRECT] 	at java.desktop/java.awt.Component.dispatchEventImpl(Component.java:5001)
2024-06-01 13:28:10,719 [ERROR] LogOutputStream:75 - [STDERR_REDIRECT] 	at java.desktop/java.awt.Container.dispatchEventImpl(Container.java:2324)
2024-06-01 13:28:10,721 [ERROR] LogOutputStream:75 - [STDERR_REDIRECT] 	at java.desktop/java.awt.Component.dispatchEvent(Component.java:4833)
2024-06-01 13:28:10,723 [ERROR] LogOutputStream:75 - [STDERR_REDIRECT] 	at java.desktop/java.awt.LightweightDispatcher.retargetMouseEvent(Container.java:4948)
2024-06-01 13:28:10,725 [ERROR] LogOutputStream:75 - [STDERR_REDIRECT] 	at java.desktop/java.awt.LightweightDispatcher.processMouseEvent(Container.java:4572)
2024-06-01 13:28:10,727 [ERROR] LogOutputStream:75 - [STDERR_REDIRECT] 	at java.desktop/java.awt.LightweightDispatcher.dispatchEvent(Container.java:4516)
2024-06-01 13:28:10,729 [ERROR] LogOutputStream:75 - [STDERR_REDIRECT] 	at java.desktop/java.awt.Container.dispatchEventImpl(Container.java:2310)
2024-06-01 13:28:10,730 [ERROR] LogOutputStream:75 - [STDERR_REDIRECT] 	at java.desktop/java.awt.Component.dispatchEvent(Component.java:4833)
2024-06-01 13:28:10,732 [ERROR] LogOutputStream:75 - [STDERR_REDIRECT] 	at java.desktop/java.awt.EventQueue.dispatchEventImpl(EventQueue.java:775)
2024-06-01 13:28:10,733 [ERROR] LogOutputStream:75 - [STDERR_REDIRECT] 	at java.desktop/java.awt.EventQueue$4.run(EventQueue.java:720)
2024-06-01 13:28:10,734 [ERROR] LogOutputStream:75 - [STDERR_REDIRECT] 	at java.desktop/java.awt.EventQueue$4.run(EventQueue.java:714)
2024-06-01 13:28:10,736 [ERROR] LogOutputStream:75 - [STDERR_REDIRECT] 	at java.base/java.security.AccessController.doPrivileged(AccessController.java:399)
2024-06-01 13:28:10,737 [ERROR] LogOutputStream:75 - [STDERR_REDIRECT] 	at java.base/java.security.ProtectionDomain$JavaSecurityAccessImpl.doIntersectionPrivilege(ProtectionDomain.java:86)
2024-06-01 13:28:10,739 [ERROR] LogOutputStream:75 - [STDERR_REDIRECT] 	at java.base/java.security.ProtectionDomain$JavaSecurityAccessImpl.doIntersectionPrivilege(ProtectionDomain.java:97)
2024-06-01 13:28:10,740 [ERROR] LogOutputStream:75 - [STDERR_REDIRECT] 	at java.desktop/java.awt.EventQueue$5.run(EventQueue.java:747)
2024-06-01 13:28:10,741 [ERROR] LogOutputStream:75 - [STDERR_REDIRECT] 	at java.desktop/java.awt.EventQueue$5.run(EventQueue.java:745)
2024-06-01 13:28:10,743 [ERROR] LogOutputStream:75 - [STDERR_REDIRECT] 	at java.base/java.security.AccessController.doPrivileged(AccessController.java:399)
2024-06-01 13:28:10,745 [ERROR] LogOutputStream:75 - [STDERR_REDIRECT] 	at java.base/java.security.ProtectionDomain$JavaSecurityAccessImpl.doIntersectionPrivilege(ProtectionDomain.java:86)
2024-06-01 13:28:10,746 [ERROR] LogOutputStream:75 - [STDERR_REDIRECT] 	at java.desktop/java.awt.EventQueue.dispatchEvent(EventQueue.java:744)
2024-06-01 13:28:10,748 [ERROR] LogOutputStream:75 - [STDERR_REDIRECT] 	at java.desktop/java.awt.EventDispatchThread.pumpOneEventForFilters(EventDispatchThread.java:203)
2024-06-01 13:28:10,750 [ERROR] LogOutputStream:75 - [STDERR_REDIRECT] 	at java.desktop/java.awt.EventDispatchThread.pumpEventsForFilter(EventDispatchThread.java:124)
2024-06-01 13:28:10,752 [ERROR] LogOutputStream:75 - [STDERR_REDIRECT] 	at java.desktop/java.awt.EventDispatchThread.pumpEventsForHierarchy(EventDispatchThread.java:113)
2024-06-01 13:28:10,753 [ERROR] LogOutputStream:75 - [STDERR_REDIRECT] 	at java.desktop/java.awt.EventDispatchThread.pumpEvents(EventDispatchThread.java:109)
2024-06-01 13:28:10,754 [ERROR] LogOutputStream:75 - [STDERR_REDIRECT] 	at java.desktop/java.awt.EventDispatchThread.pumpEvents(EventDispatchThread.java:101)
2024-06-01 13:28:10,756 [ERROR] LogOutputStream:75 - [STDERR_REDIRECT] 	at java.desktop/java.awt.EventDispatchThread.run(EventDispatchThread.java:90)
2024-06-01 13:28:43,994 [INFO] UtilMem:75 - End SaveConfig() Used Memory: 396090096 Bytes (729808896)
2024-06-01 13:28:44,066 [INFO] UtilMem:75 - End SaveConfig() Used Memory: 411292400 Bytes (729808896)
2024-06-01 13:28:45,231 [INFO] UtilMem:75 - End SaveConfig() Used Memory: 481024752 Bytes (729808896)
2024-06-01 13:28:45,414 [INFO] BlockDiagram:2759 - set Specific Code input for plugin: NVIC
2024-06-01 13:28:45,414 [INFO] BlockDiagram:2759 - set Specific Code input for plugin: TIM1_8
2024-06-01 13:28:45,414 [INFO] BlockDiagram:2759 - set Specific Code input for plugin: SYS
2024-06-01 13:28:45,414 [INFO] BlockDiagram:2759 - set Specific Code input for plugin: GPIO
2024-06-01 13:28:45,414 [INFO] BlockDiagram:2759 - set Specific Code input for plugin: RCC
2024-06-01 13:28:45,414 [INFO] CodeGenerator:807 - code generatio: config db path: C:\ST\STM32CubeIDE_1.14.1\STM32CubeIDE\plugins\com.st.stm32cube.common.mx_6.11.1.202404110753\\db\
2024-06-01 13:28:45,633 [INFO] CodeEngine:255 - oldGeneratedFile, C:\Users\ACER\STM32CubeIDE\workspace_1.14.1\SQUAREWAVEGENERATOR\MXTmpFiles\license.tmp_save
2024-06-01 13:28:46,124 [INFO] CodeEngine:279 - Generated code: C:\Users\ACER\STM32CubeIDE\workspace_1.14.1\SQUAREWAVEGENERATOR\MXTmpFiles\license.tmp
2024-06-01 13:28:46,272 [INFO] CodeEngine:255 - oldGeneratedFile, C:\Users\ACER\STM32CubeIDE\workspace_1.14.1\SQUAREWAVEGENERATOR\MXTmpFiles\gpio.tmp_save
2024-06-01 13:28:46,484 [INFO] CodeEngine:279 - Generated code: C:\Users\ACER\STM32CubeIDE\workspace_1.14.1\SQUAREWAVEGENERATOR\MXTmpFiles\gpio.tmp
2024-06-01 13:28:46,671 [INFO] CodeEngine:255 - oldGeneratedFile, C:\Users\ACER\STM32CubeIDE\workspace_1.14.1\SQUAREWAVEGENERATOR\Core\Src\stm32f4xx_it.c_save
2024-06-01 13:28:46,894 [INFO] CodeEngine:279 - Generated code: C:\Users\ACER\STM32CubeIDE\workspace_1.14.1\SQUAREWAVEGENERATOR\Core\Src\stm32f4xx_it.c
2024-06-01 13:28:46,930 [INFO] CodeEngine:255 - oldGeneratedFile, C:\Users\ACER\STM32CubeIDE\workspace_1.14.1\SQUAREWAVEGENERATOR\Core\Inc\stm32f4xx_it.h_save
2024-06-01 13:28:47,084 [INFO] CodeEngine:279 - Generated code: C:\Users\ACER\STM32CubeIDE\workspace_1.14.1\SQUAREWAVEGENERATOR\Core\Inc\stm32f4xx_it.h
2024-06-01 13:28:47,137 [INFO] CodeEngine:255 - oldGeneratedFile, C:\Users\ACER\STM32CubeIDE\workspace_1.14.1\SQUAREWAVEGENERATOR\Core\Src\stm32f4xx_hal_msp.c_save
2024-06-01 13:28:47,356 [INFO] CodeEngine:279 - Generated code: C:\Users\ACER\STM32CubeIDE\workspace_1.14.1\SQUAREWAVEGENERATOR\Core\Src\stm32f4xx_hal_msp.c
2024-06-01 13:28:47,375 [INFO] CodeEngine:255 - oldGeneratedFile, C:\Users\ACER\STM32CubeIDE\workspace_1.14.1\SQUAREWAVEGENERATOR\MXTmpFiles\system.tmp_save
2024-06-01 13:28:47,496 [INFO] CodeEngine:279 - Generated code: C:\Users\ACER\STM32CubeIDE\workspace_1.14.1\SQUAREWAVEGENERATOR\MXTmpFiles\system.tmp
2024-06-01 13:28:47,542 [INFO] CodeEngine:311 - oldGeneratedFile, C:\Users\ACER\STM32CubeIDE\workspace_1.14.1\SQUAREWAVEGENERATOR\Core\Inc\stm32f4xx_hal_conf.h_save
2024-06-01 13:28:47,704 [INFO] CodeEngine:335 - Generated code: C:\Users\ACER\STM32CubeIDE\workspace_1.14.1\SQUAREWAVEGENERATOR\Core\Inc\stm32f4xx_hal_conf.h
2024-06-01 13:28:47,774 [WARN] IPConfigManager:3513 - IP not found : TIM
2024-06-01 13:28:47,776 [WARN] CodeGenerator:3951 - IP not found : null
2024-06-01 13:28:47,818 [INFO] CodeEngine:255 - oldGeneratedFile, C:\Users\ACER\STM32CubeIDE\workspace_1.14.1\SQUAREWAVEGENERATOR\Core\Inc\main.h_save
2024-06-01 13:28:47,976 [INFO] CodeEngine:279 - Generated code: C:\Users\ACER\STM32CubeIDE\workspace_1.14.1\SQUAREWAVEGENERATOR\Core\Inc\main.h
2024-06-01 13:28:48,005 [INFO] CodeEngine:255 - oldGeneratedFile, C:\Users\ACER\STM32CubeIDE\workspace_1.14.1\SQUAREWAVEGENERATOR\Core\Src\main.c_save
2024-06-01 13:28:48,299 [INFO] CodeEngine:279 - Generated code: C:\Users\ACER\STM32CubeIDE\workspace_1.14.1\SQUAREWAVEGENERATOR\Core\Src\main.c
2024-06-01 13:28:48,930 [INFO] ProjectBuilder:3163 - Time for Copy HAL[1] : 314mS.
2024-06-01 13:28:48,939 [INFO] ProjectBuilder:4736 - Project Generator version: 4.3.0-B58
2024-06-01 13:28:49,066 [INFO] ConfigFileManager:1503 - The Die is : DIE431
2024-06-01 13:28:49,084 [INFO] ApiDbMcu:508 - Load IP Config File for FATFS
2024-06-01 13:28:49,103 [INFO] ApiDbMcu:508 - Load IP Config File for FREERTOS
2024-06-01 13:28:49,118 [INFO] ApiDbMcu:508 - Load IP Config File for LIBJPEG
2024-06-01 13:28:49,141 [INFO] ApiDbMcu:508 - Load IP Config File for MBEDTLS
2024-06-01 13:28:49,156 [INFO] ApiDbMcu:508 - Load IP Config File for USB_HOST
2024-06-01 13:28:50,111 [INFO] LogOutputStream:77 - [STDOUT_REDIRECT] 
2024-06-01 13:28:52,675 [INFO] ProjectBuilder:5002 - Time for Generating toolchain IDE Files: 3734mS.
2024-06-01 13:28:52,677 [INFO] ProjectBuilder:3034 - Time for Copy CMSIS : 2mS.
2024-06-01 13:28:52,683 [INFO] ProjectBuilder:3034 - Time for Copy CMSIS : 0mS.
2024-06-01 21:55:03,103 [INFO] WebApp:354 - JxBrowser engine has been closed 
