2024-06-28 23:33:39,306 [INFO] Activator:176 - 


2024-06-28 23:33:39,315 [INFO] Activator:177 - !SESSION log4j initialized
2024-06-28 23:33:46,663 [INFO] LogOutputStream:77 - [STDOUT_REDIRECT] 
2024-06-28 23:33:55,202 [INFO] ApplicationProperties:184 - Using Application install path: C:\ST\STM32CubeIDE_1.14.1\STM32CubeIDE\plugins\com.st.stm32cube.common.mx_6.11.1.202404110753
2024-06-28 23:33:55,223 [INFO] DbMcusXml:78 - Set database path to: C:\ST\STM32CubeIDE_1.14.1\STM32CubeIDE\plugins\com.st.stm32cube.common.mx_6.11.1.202404110753\\db\/mcu/
2024-06-28 23:33:55,224 [INFO] ApiDb:274 - Set plugin database path to: C:\ST\STM32CubeIDE_1.14.1\STM32CubeIDE\plugins\com.st.stm32cube.common.mx_6.11.1.202404110753\\db\/plugins/boardmanager/
2024-06-28 23:33:55,225 [WARN] ApiDb:259 - Overriding images path with different value:  => C:\ST\STM32CubeIDE_1.14.1\STM32CubeIDE\plugins\com.st.stm32cube.common.mx_6.11.1.202404110753\\db\/plugins/mcufinder/images/
2024-06-28 23:33:55,236 [INFO] ApiDb:250 - Set database path to: C:\Users\ACER\.stmcufinder\plugins\mcufinder//mcu/
2024-06-28 23:33:55,237 [INFO] DbMcusAds:125 - Set database path to: C:\Users\ACER\.stmcufinder\plugins\mcufinder//mcu/
2024-06-28 23:33:55,240 [INFO] CrossReferenceDbSqlite:203 - Set database path to: C:\Users\ACER\.stmcufinder\plugins\mcufinder//mcu/cs/
2024-06-28 23:33:55,407 [INFO] RulesReader:64 - Compatibility file has been processed (297 Rules)
2024-06-28 23:33:55,528 [INFO] DbMcusXml:78 - Set database path to: C:\ST\STM32CubeIDE_1.14.1\STM32CubeIDE\plugins\com.st.stm32cube.common.mx_6.11.1.202404110753\\db\/mcu/
2024-06-28 23:33:55,528 [INFO] ApiDb:274 - Set plugin database path to: C:\ST\STM32CubeIDE_1.14.1\STM32CubeIDE\plugins\com.st.stm32cube.common.mx_6.11.1.202404110753\\db\/plugins/boardmanager/
2024-06-28 23:33:55,528 [INFO] ApiDb:261 - Set plugin images path to: C:\ST\STM32CubeIDE_1.14.1\STM32CubeIDE\plugins\com.st.stm32cube.common.mx_6.11.1.202404110753\\db\/plugins/mcufinder/images/
2024-06-28 23:33:55,528 [WARN] DbFile:41 - Overriding database path with different value: C:\Users\ACER\.stmcufinder\plugins\mcufinder/ => C:\Users\ACER\.stmcufinder\plugins\mcufinder
2024-06-28 23:33:55,529 [INFO] ApiDb:250 - Set database path to: C:\Users\ACER\.stmcufinder\plugins\mcufinder//mcu/
2024-06-28 23:33:55,529 [WARN] DbFile:41 - Overriding database path with different value: C:\Users\ACER\.stmcufinder\plugins\mcufinder/ => C:\Users\ACER\.stmcufinder\plugins\mcufinder
2024-06-28 23:33:55,529 [INFO] DbMcusAds:125 - Set database path to: C:\Users\ACER\.stmcufinder\plugins\mcufinder//mcu/
2024-06-28 23:33:55,529 [WARN] DbFile:41 - Overriding database path with different value: C:\Users\ACER\.stmcufinder\plugins\mcufinder/ => C:\Users\ACER\.stmcufinder\plugins\mcufinder
2024-06-28 23:33:55,529 [WARN] DbFile:41 - Overriding database path with different value: C:\Users\ACER\.stmcufinder\plugins\mcufinder/ => C:\Users\ACER\.stmcufinder\plugins\mcufinder
2024-06-28 23:33:55,529 [INFO] CrossReferenceDbSqlite:203 - Set database path to: C:\Users\ACER\.stmcufinder\plugins\mcufinder//mcu/cs/
2024-06-28 23:33:55,639 [INFO] MainPanel:264 - HeapMemory: 268435456
2024-06-28 23:33:55,777 [INFO] DbMcusXml:78 - Set database path to: C:\ST\STM32CubeIDE_1.14.1\STM32CubeIDE\plugins\com.st.stm32cube.common.mx_6.11.1.202404110753\\db\/mcu/
2024-06-28 23:33:55,777 [INFO] ApiDb:274 - Set plugin database path to: C:\ST\STM32CubeIDE_1.14.1\STM32CubeIDE\plugins\com.st.stm32cube.common.mx_6.11.1.202404110753\\db\/plugins/boardmanager/
2024-06-28 23:33:55,778 [INFO] ApiDb:261 - Set plugin images path to: C:\ST\STM32CubeIDE_1.14.1\STM32CubeIDE\plugins\com.st.stm32cube.common.mx_6.11.1.202404110753\\db\/plugins/mcufinder/images/
2024-06-28 23:33:55,778 [WARN] DbFile:41 - Overriding database path with different value: C:\Users\ACER\.stmcufinder\plugins\mcufinder/ => C:\Users\ACER\.stmcufinder\plugins\mcufinder
2024-06-28 23:33:55,778 [INFO] ApiDb:250 - Set database path to: C:\Users\ACER\.stmcufinder\plugins\mcufinder//mcu/
2024-06-28 23:33:55,778 [WARN] DbFile:41 - Overriding database path with different value: C:\Users\ACER\.stmcufinder\plugins\mcufinder/ => C:\Users\ACER\.stmcufinder\plugins\mcufinder
2024-06-28 23:33:55,779 [INFO] DbMcusAds:125 - Set database path to: C:\Users\ACER\.stmcufinder\plugins\mcufinder//mcu/
2024-06-28 23:33:55,779 [WARN] DbFile:41 - Overriding database path with different value: C:\Users\ACER\.stmcufinder\plugins\mcufinder/ => C:\Users\ACER\.stmcufinder\plugins\mcufinder
2024-06-28 23:33:55,779 [WARN] DbFile:41 - Overriding database path with different value: C:\Users\ACER\.stmcufinder\plugins\mcufinder/ => C:\Users\ACER\.stmcufinder\plugins\mcufinder
2024-06-28 23:33:55,779 [INFO] CrossReferenceDbSqlite:203 - Set database path to: C:\Users\ACER\.stmcufinder\plugins\mcufinder//mcu/cs/
2024-06-28 23:33:55,807 [INFO] ApplicationProperties:184 - Using Application install path: C:\ST\STM32CubeIDE_1.14.1\STM32CubeIDE\plugins\com.st.stm32cube.common.mx_6.11.1.202404110753
2024-06-28 23:33:55,810 [INFO] PluginManage:196 - Search for loadable plugins [exclusion list=, ]
2024-06-28 23:33:55,814 [INFO] PluginManage:310 - Check plugin analytics
2024-06-28 23:34:01,170 [INFO] AnalyticsPlugin:253 - Accepted Software Licenses: 
2024-06-28 23:34:01,170 [INFO] AnalyticsPlugin:255 - Accepted CMSIS Pack Licenses: 
2024-06-28 23:34:01,171 [INFO] AnalyticsPlugin:257 - Accepted Firmware Licenses: FW.F4.1.28.0
2024-06-28 23:34:01,174 [INFO] PluginManage:359 - Loaded plugin analytics (category:tool,tabindex:-1)
2024-06-28 23:34:01,174 [INFO] PluginManage:310 - Check plugin cadmodel
2024-06-28 23:34:01,231 [INFO] CADModel:105 - Init CAD model plugin
2024-06-28 23:34:01,231 [INFO] PluginManage:359 - Loaded plugin cadmodel (category:power,tabindex:5)
2024-06-28 23:34:01,232 [INFO] PluginManage:310 - Check plugin clock
2024-06-28 23:34:01,257 [INFO] PluginManage:359 - Loaded plugin clock (category:base,tabindex:2)
2024-06-28 23:34:01,257 [INFO] PluginManage:310 - Check plugin ddr
2024-06-28 23:34:01,259 [INFO] PluginManage:359 - Loaded plugin ddr (category:tool,tabindex:6)
2024-06-28 23:34:01,260 [INFO] PluginManage:310 - Check plugin filemanager
2024-06-28 23:34:01,436 [INFO] PluginManage:359 - Loaded plugin filemanager (category:base,tabindex:10)
2024-06-28 23:34:01,437 [INFO] PluginManage:310 - Check plugin ipmanager
2024-06-28 23:34:01,447 [INFO] PluginManage:359 - Loaded plugin ipmanager (category:base,tabindex:5)
2024-06-28 23:34:01,447 [INFO] PluginManage:310 - Check plugin lpbam
2024-06-28 23:34:01,470 [INFO] PluginManage:359 - Loaded plugin lpbam (category:base,tabindex:0)
2024-06-28 23:34:01,470 [INFO] PluginManage:310 - Check plugin memorymap
2024-06-28 23:34:01,500 [INFO] PluginManage:359 - Loaded plugin memorymap (category:base,tabindex:4)
2024-06-28 23:34:01,500 [INFO] PluginManage:310 - Check plugin pinoutandconfiguration
2024-06-28 23:34:01,523 [INFO] PluginManage:359 - Loaded plugin pinoutandconfiguration (category:base,tabindex:1)
2024-06-28 23:34:01,523 [INFO] PluginManage:310 - Check plugin pinoutconfig
2024-06-28 23:34:01,631 [WARN] SupportedApi:132 - Cannot load RTOS API schema: s4s-elt-must-match.1: The content of 'definitions' must match (annotation?, (simpleType | complexType)?, (unique | key | keyref)*)). A problem was found starting at: attribute.
2024-06-28 23:34:01,785 [INFO] PluginManage:359 - Loaded plugin pinoutconfig (category:base,tabindex:0)
2024-06-28 23:34:01,785 [INFO] PluginManage:310 - Check plugin power
2024-06-28 23:34:01,810 [INFO] PluginManage:359 - Loaded plugin power (category:power,tabindex:4)
2024-06-28 23:34:01,810 [INFO] PluginManage:310 - Check plugin projectmanager
2024-06-28 23:34:01,831 [INFO] PluginManage:359 - Loaded plugin projectmanager (category:projectmanager,tabindex:3)
2024-06-28 23:34:01,831 [INFO] PluginManage:310 - Check plugin thirdparty
2024-06-28 23:34:02,190 [INFO] PluginManage:359 - Loaded plugin thirdparty (category:base,tabindex:-1)
2024-06-28 23:34:02,191 [INFO] PluginManage:310 - Check plugin tools
2024-06-28 23:34:02,190 [WARN] IntegrityCheckThread:84 - waiting for thirdparty lock release [integrity check]
2024-06-28 23:34:02,191 [INFO] IntegrityCheckThread:86 - entering critical section [integrity check]
2024-06-28 23:34:02,192 [INFO] ThirdPartyUpdaterWithRetryManager:70 - Updater plugin not ready yet. [1/15]
2024-06-28 23:34:02,239 [INFO] PluginManage:359 - Loaded plugin tools (category:base,tabindex:7)
2024-06-28 23:34:02,239 [INFO] PluginManage:310 - Check plugin tutovideos
2024-06-28 23:34:02,471 [INFO] PluginManage:359 - Loaded plugin tutovideos (category:base,tabindex:-1)
2024-06-28 23:34:02,472 [INFO] PluginManage:310 - Check plugin updater
2024-06-28 23:34:02,486 [INFO] PluginManage:359 - Loaded plugin updater (category:base,tabindex:12)
2024-06-28 23:34:02,486 [INFO] PluginManage:310 - Check plugin userauth
2024-06-28 23:34:02,494 [INFO] UserAuth:114 - Init User Auth plugin
2024-06-28 23:34:02,494 [INFO] PluginManage:359 - Loaded plugin userauth (category:base,tabindex:14)
2024-06-28 23:34:02,495 [INFO] PluginManage:283 - PluginManage : Loaded plugins [17]
2024-06-28 23:34:02,766 [INFO] PinOutPanel:1561 - setPackage(No Configuration,No Configuration)
2024-06-28 23:34:02,893 [INFO] CADModel:165 - CPN selected for project level
2024-06-28 23:34:02,894 [INFO] CADModel:114 - Register for checkConnection events
2024-06-28 23:34:02,933 [INFO] IPUIPlugin:80 - create IPUIPlugin
2024-06-28 23:34:02,933 [INFO] PluginManager:220 - loadIPPluginJar : add adc
2024-06-28 23:34:02,990 [INFO] IPUIPlugin:80 - create IPUIPlugin
2024-06-28 23:34:02,990 [INFO] PluginManager:220 - loadIPPluginJar : add aes
2024-06-28 23:34:03,056 [INFO] IPUIPlugin:80 - create IPUIPlugin
2024-06-28 23:34:03,057 [INFO] PluginManager:220 - loadIPPluginJar : add can
2024-06-28 23:34:03,091 [INFO] IPUIPlugin:80 - create IPUIPlugin
2024-06-28 23:34:03,091 [INFO] PluginManager:220 - loadIPPluginJar : add comp
2024-06-28 23:34:03,136 [INFO] IPUIPlugin:80 - create IPUIPlugin
2024-06-28 23:34:03,137 [INFO] PluginManager:220 - loadIPPluginJar : add cryp
2024-06-28 23:34:03,176 [INFO] IPUIPlugin:80 - create IPUIPlugin
2024-06-28 23:34:03,176 [INFO] PluginManager:220 - loadIPPluginJar : add dfsdm
2024-06-28 23:34:03,193 [INFO] IPUIPlugin:80 - create IPUIPlugin
2024-06-28 23:34:03,194 [INFO] PluginManager:220 - loadIPPluginJar : add dma
2024-06-28 23:34:03,252 [INFO] IPUIPlugin:80 - create IPUIPlugin
2024-06-28 23:34:03,252 [INFO] PluginManager:220 - loadIPPluginJar : add dma3
2024-06-28 23:34:03,308 [INFO] IPUIPlugin:80 - create IPUIPlugin
2024-06-28 23:34:03,308 [INFO] PluginManager:220 - loadIPPluginJar : add extmemmanager
2024-06-28 23:34:03,333 [INFO] IPUIPlugin:80 - create IPUIPlugin
2024-06-28 23:34:03,334 [INFO] PluginManager:220 - loadIPPluginJar : add fatfs
2024-06-28 23:34:03,391 [INFO] IPUIPlugin:80 - create IPUIPlugin
2024-06-28 23:34:03,392 [INFO] PluginManager:220 - loadIPPluginJar : add fmc
2024-06-28 23:34:03,411 [INFO] IPUIPlugin:80 - create IPUIPlugin
2024-06-28 23:34:03,411 [INFO] PluginManager:220 - loadIPPluginJar : add freertos
2024-06-28 23:34:03,440 [INFO] IPUIPlugin:80 - create IPUIPlugin
2024-06-28 23:34:03,441 [INFO] PluginManager:220 - loadIPPluginJar : add genericplugin
2024-06-28 23:34:03,562 [INFO] IPUIPlugin:80 - create IPUIPlugin
2024-06-28 23:34:03,563 [INFO] PluginManager:220 - loadIPPluginJar : add gfxmmu
2024-06-28 23:34:03,731 [INFO] IPUIPlugin:80 - create IPUIPlugin
2024-06-28 23:34:03,731 [INFO] PluginManager:220 - loadIPPluginJar : add gic
2024-06-28 23:34:03,748 [INFO] IPUIPlugin:80 - create IPUIPlugin
2024-06-28 23:34:03,748 [INFO] PluginManager:220 - loadIPPluginJar : add gpio
2024-06-28 23:34:03,859 [INFO] IPUIPlugin:80 - create IPUIPlugin
2024-06-28 23:34:03,859 [INFO] PluginManager:220 - loadIPPluginJar : add gtzc
2024-06-28 23:34:03,899 [INFO] IPUIPlugin:80 - create IPUIPlugin
2024-06-28 23:34:03,900 [INFO] PluginManager:220 - loadIPPluginJar : add hash
2024-06-28 23:34:03,965 [INFO] IPUIPlugin:80 - create IPUIPlugin
2024-06-28 23:34:03,965 [INFO] PluginManager:220 - loadIPPluginJar : add i2c
2024-06-28 23:34:04,015 [INFO] IPUIPlugin:80 - create IPUIPlugin
2024-06-28 23:34:04,016 [INFO] PluginManager:220 - loadIPPluginJar : add i2s
2024-06-28 23:34:04,067 [INFO] IPUIPlugin:80 - create IPUIPlugin
2024-06-28 23:34:04,067 [INFO] PluginManager:220 - loadIPPluginJar : add i3c
2024-06-28 23:34:04,191 [INFO] IPUIPlugin:80 - create IPUIPlugin
2024-06-28 23:34:04,191 [INFO] PluginManager:220 - loadIPPluginJar : add ipddr
2024-06-28 23:34:04,309 [INFO] IPUIPlugin:80 - create IPUIPlugin
2024-06-28 23:34:04,309 [INFO] PluginManager:220 - loadIPPluginJar : add linkedlist
2024-06-28 23:34:04,354 [INFO] IPUIPlugin:80 - create IPUIPlugin
2024-06-28 23:34:04,355 [INFO] PluginManager:220 - loadIPPluginJar : add lorawan
2024-06-28 23:34:04,399 [INFO] IPUIPlugin:80 - create IPUIPlugin
2024-06-28 23:34:04,400 [INFO] PluginManager:220 - loadIPPluginJar : add ltdc
2024-06-28 23:34:04,417 [INFO] IPUIPlugin:80 - create IPUIPlugin
2024-06-28 23:34:04,418 [INFO] PluginManager:220 - loadIPPluginJar : add mdma
2024-06-28 23:34:04,432 [INFO] IPUIPlugin:80 - create IPUIPlugin
2024-06-28 23:34:04,432 [INFO] PluginManager:220 - loadIPPluginJar : add nvic
2024-06-28 23:34:04,477 [INFO] IPUIPlugin:80 - create IPUIPlugin
2024-06-28 23:34:04,478 [INFO] PluginManager:220 - loadIPPluginJar : add opamp
2024-06-28 23:34:04,555 [INFO] IPUIPlugin:80 - create IPUIPlugin
2024-06-28 23:34:04,555 [INFO] PluginManager:220 - loadIPPluginJar : add openamp
2024-06-28 23:34:04,610 [INFO] IPUIPlugin:80 - create IPUIPlugin
2024-06-28 23:34:04,610 [INFO] PluginManager:220 - loadIPPluginJar : add pdm2pcm
2024-06-28 23:34:04,629 [INFO] IPUIPlugin:80 - create IPUIPlugin
2024-06-28 23:34:04,632 [INFO] PluginManager:220 - loadIPPluginJar : add plateformsettings
2024-06-28 23:34:04,661 [INFO] IPUIPlugin:80 - create IPUIPlugin
2024-06-28 23:34:04,661 [INFO] PluginManager:220 - loadIPPluginJar : add quadspi
2024-06-28 23:34:04,675 [INFO] IPUIPlugin:80 - create IPUIPlugin
2024-06-28 23:34:04,675 [INFO] PluginManager:220 - loadIPPluginJar : add resmgrutility
2024-06-28 23:34:04,733 [INFO] IPUIPlugin:80 - create IPUIPlugin
2024-06-28 23:34:04,733 [INFO] PluginManager:220 - loadIPPluginJar : add sai
2024-06-28 23:34:04,780 [INFO] IPUIPlugin:80 - create IPUIPlugin
2024-06-28 23:34:04,780 [INFO] PluginManager:220 - loadIPPluginJar : add spi
2024-06-28 23:34:04,862 [INFO] IPUIPlugin:80 - create IPUIPlugin
2024-06-28 23:34:04,862 [INFO] PluginManager:220 - loadIPPluginJar : add stm32_wpan
2024-06-28 23:34:04,890 [INFO] IPUIPlugin:80 - create IPUIPlugin
2024-06-28 23:34:04,890 [INFO] PluginManager:220 - loadIPPluginJar : add tim
2024-06-28 23:34:04,965 [INFO] IPUIPlugin:80 - create IPUIPlugin
2024-06-28 23:34:04,965 [INFO] PluginManager:220 - loadIPPluginJar : add touchsensing
2024-06-28 23:34:04,993 [INFO] IPUIPlugin:80 - create IPUIPlugin
2024-06-28 23:34:04,994 [INFO] PluginManager:220 - loadIPPluginJar : add tracer_emb
2024-06-28 23:34:05,024 [INFO] IPUIPlugin:80 - create IPUIPlugin
2024-06-28 23:34:05,024 [INFO] PluginManager:220 - loadIPPluginJar : add ts
2024-06-28 23:34:05,053 [INFO] IPUIPlugin:80 - create IPUIPlugin
2024-06-28 23:34:05,053 [INFO] PluginManager:220 - loadIPPluginJar : add tsc
2024-06-28 23:34:05,080 [INFO] IPUIPlugin:80 - create IPUIPlugin
2024-06-28 23:34:05,080 [INFO] PluginManager:220 - loadIPPluginJar : add ucpd
2024-06-28 23:34:05,134 [INFO] IPUIPlugin:80 - create IPUIPlugin
2024-06-28 23:34:05,135 [INFO] PluginManager:220 - loadIPPluginJar : add usart
2024-06-28 23:34:05,187 [INFO] IPUIPlugin:80 - create IPUIPlugin
2024-06-28 23:34:05,187 [INFO] PluginManager:220 - loadIPPluginJar : add usbx
2024-06-28 23:34:05,194 [INFO] ThirdPartyUpdaterWithRetryManager:70 - Updater plugin not ready yet. [2/15]
2024-06-28 23:34:05,336 [INFO] CADModel:165 - CPN selected for project level
2024-06-28 23:34:05,336 [INFO] CADModel:114 - Register for checkConnection events
2024-06-28 23:34:05,336 [FATAL] Updater:308 - Updater called before beeing initialized
2024-06-28 23:34:05,336 [ERROR] CADModel:125 - Updater not yet initialized, retry later 
2024-06-28 23:34:05,532 [INFO] CADModel:165 - CPN selected for project level
2024-06-28 23:34:05,532 [INFO] CADModel:114 - Register for checkConnection events
2024-06-28 23:34:05,532 [FATAL] Updater:308 - Updater called before beeing initialized
2024-06-28 23:34:05,532 [ERROR] CADModel:125 - Updater not yet initialized, retry later 
2024-06-28 23:34:05,537 [FATAL] Updater:308 - Updater called before beeing initialized
2024-06-28 23:34:05,693 [FATAL] Updater:308 - Updater called before beeing initialized
2024-06-28 23:34:05,707 [INFO] DbMcusAds:53 - JSON generation date=Thu May 16 06:22:00 BRT 2024 (1715851320852)
2024-06-28 23:34:05,707 [FATAL] Updater:308 - Updater called before beeing initialized
2024-06-28 23:34:05,752 [WARN] DetailPanel:346 - Failed to get advertising image, set to default
2024-06-28 23:34:05,860 [FATAL] Updater:308 - Updater called before beeing initialized
2024-06-28 23:34:05,863 [FATAL] Updater:308 - Updater called before beeing initialized
2024-06-28 23:34:05,863 [FATAL] Updater:308 - Updater called before beeing initialized
2024-06-28 23:34:05,863 [WARN] DetailPanel:346 - Failed to get advertising image, set to default
2024-06-28 23:34:05,864 [FATAL] Updater:308 - Updater called before beeing initialized
2024-06-28 23:34:05,942 [ERROR] Updater:1120 - MainUpdater not yet initialized. External WinMGr cannot be set.
2024-06-28 23:34:05,956 [INFO] Updater:1056 - Updater Version found : 6.11.1
2024-06-28 23:34:05,980 [INFO] ApplicationProperties:184 - Using Application install path: C:\ST\STM32CubeIDE_1.14.1\STM32CubeIDE\plugins\com.st.stm32cube.common.mx_6.11.1.202404110753
2024-06-28 23:34:07,410 [INFO] MainUpdater:2873 - connection check result : 10
2024-06-28 23:34:07,411 [INFO] MainUpdater:290 - Updater Check For Update Now.
2024-06-28 23:34:07,411 [INFO] MicroXplorer:498 - Change Database Version : DB.6.0.111
2024-06-28 23:34:07,434 [INFO] McuFinderGlobals:63 - Set McuFinder mode to 2 (CubeIDE integrated)
2024-06-28 23:34:07,434 [INFO] UserAuth:179 - activating auth plugin
2024-06-28 23:34:07,438 [INFO] UserAuth:415 - Internet connection configuration mode: 1
2024-06-28 23:34:07,473 [INFO] JxBrowserEngine:152 - Initiate JxBrowser Engine with user profile folder
2024-06-28 23:34:07,652 [INFO] CheckServerUpdateThread:120 - End of CheckServer Thread
2024-06-28 23:34:08,459 [WARN] PackLoader:240 - Cannot read IP mode file for STMicroelectronics.FP-SNS-MOTENVWB1.1.4.0
2024-06-28 23:34:08,483 [WARN] PackLoader:240 - Cannot read IP mode file for STMicroelectronics.X-CUBE-SMBUS.2.1.0
2024-06-28 23:34:08,500 [WARN] PackLoader:240 - Cannot read IP mode file for STMicroelectronics.X-CUBE-TOUCHGFX.4.23.1
2024-06-28 23:34:08,515 [WARN] PackLoader:240 - Cannot read IP mode file for STMicroelectronics.X-CUBE-TOUCHGFX.4.23.0
2024-06-28 23:34:08,531 [WARN] PackLoader:240 - Cannot read IP mode file for STMicroelectronics.X-CUBE-TOUCHGFX.4.23.2
2024-06-28 23:34:08,587 [WARN] PackLoader:240 - Cannot read IP mode file for STMicroelectronics.X-CUBE-AZRTOS-F7.1.1.0
2024-06-28 23:34:08,614 [WARN] PackLoader:240 - Cannot read IP mode file for STMicroelectronics.FP-SNS-MOTENV1.4.3.2
2024-06-28 23:34:08,636 [WARN] PackLoader:240 - Cannot read IP mode file for STMicroelectronics.FP-SNS-FLIGHT1.5.0.2
2024-06-28 23:34:08,659 [WARN] PackLoader:240 - Cannot read IP mode file for STMicroelectronics.X-CUBE-DISPLAY.3.0.0
2024-06-28 23:34:08,687 [WARN] PackLoader:240 - Cannot read IP mode file for STMicroelectronics.X-CUBE-BLE1.7.0.0
2024-06-28 23:34:08,710 [WARN] PackLoader:240 - Cannot read IP mode file for emotas.I-CUBE-CANOPEN.1.3.0
2024-06-28 23:34:08,737 [WARN] PackLoader:240 - Cannot read IP mode file for STMicroelectronics.X-CUBE-BLEMGR.3.1.0
2024-06-28 23:34:08,762 [WARN] PackLoader:240 - Cannot read IP mode file for STMicroelectronics.FP-SNS-SMARTAG2.1.2.0
2024-06-28 23:34:08,793 [INFO] LogOutputStream:77 - [STDOUT_REDIRECT] 1 : Invalid condition id : UX_CORESTACK_Condition cause : null
2024-06-28 23:34:08,794 [INFO] LogOutputStream:77 - [STDOUT_REDIRECT] 1 : Invalid condition id : UX_CORESTACK_Condition cause : null
2024-06-28 23:34:08,795 [INFO] LogOutputStream:77 - [STDOUT_REDIRECT] 1 : Invalid condition id : UX_CORESTACK_Condition cause : null
2024-06-28 23:34:08,797 [INFO] LogOutputStream:77 - [STDOUT_REDIRECT] 1 : Invalid condition id : UX_CORESTACK_Condition cause : null
2024-06-28 23:34:08,799 [INFO] LogOutputStream:77 - [STDOUT_REDIRECT] 1 : Invalid condition id : UX_CORESTACK_Condition cause : null
2024-06-28 23:34:08,803 [WARN] PackLoader:240 - Cannot read IP mode file for STMicroelectronics.X-CUBE-AZRTOS-WL.2.0.0
2024-06-28 23:34:08,824 [WARN] PackLoader:240 - Cannot read IP mode file for STMicroelectronics.FP-SNS-MOTENV1.5.0.0
2024-06-28 23:34:08,841 [WARN] PackLoader:240 - Cannot read IP mode file for wolfSSL.I-CUBE-wolfMQTT.1.19.0
2024-06-28 23:34:08,862 [WARN] PackLoader:240 - Cannot read IP mode file for WES.I-CUBE-Cesium.1.3.0
2024-06-28 23:34:08,880 [WARN] PackLoader:240 - Cannot read IP mode file for STMicroelectronics.X-CUBE-BLE2.3.3.0
2024-06-28 23:34:08,900 [WARN] PackLoader:240 - Cannot read IP mode file for STMicroelectronics.X-CUBE-TCPP.4.1.0
2024-06-28 23:34:08,921 [WARN] PackLoader:240 - Cannot read IP mode file for STMicroelectronics.X-CUBE-ALGOBUILD.1.3.0
2024-06-28 23:34:08,965 [WARN] PackLoader:240 - Cannot read IP mode file for STMicroelectronics.X-CUBE-AZRTOS-G0.1.1.0
2024-06-28 23:34:08,986 [WARN] PackLoader:240 - Cannot read IP mode file for STMicroelectronics.X-CUBE-SAFEA1.1.2.2
2024-06-28 23:34:09,012 [WARN] PackLoader:240 - Cannot read IP mode file for STMicroelectronics.X-CUBE-NFC4.3.0.0
2024-06-28 23:34:09,033 [WARN] PackLoader:240 - Cannot read IP mode file for STMicroelectronics.FP-ATR-SIGFOX1.3.2.0
2024-06-28 23:34:09,052 [WARN] PackLoader:240 - Cannot read IP mode file for STMicroelectronics.X-CUBE-EEPRMA1.5.1.0
2024-06-28 23:34:09,102 [WARN] PackLoader:240 - Cannot read IP mode file for SEGGER.I-CUBE-embOS.1.3.1
2024-06-28 23:34:09,168 [WARN] PackLoader:240 - Cannot read IP mode file for STMicroelectronics.X-CUBE-ALGOBUILD.1.4.0
2024-06-28 23:34:09,185 [WARN] PackLoader:240 - Cannot read IP mode file for STMicroelectronics.X-CUBE-GNSS1.6.0.0
2024-06-28 23:34:09,225 [WARN] PackLoader:240 - Cannot read IP mode file for STMicroelectronics.X-CUBE-AZRTOS-F4.1.1.0
2024-06-28 23:34:09,244 [WARN] PackLoader:240 - Cannot read IP mode file for STMicroelectronics.X-CUBE-FREERTOS.1.2.0
2024-06-28 23:34:09,261 [WARN] PackLoader:240 - Cannot read IP mode file for wolfSSL.I-CUBE-wolfSSL.5.6.6
2024-06-28 23:34:09,299 [WARN] PackLoader:240 - Cannot read IP mode file for STMicroelectronics.X-CUBE-AZRTOS-L5.2.0.0
2024-06-28 23:34:09,321 [WARN] PackLoader:240 - Cannot read IP mode file for STMicroelectronics.X-CUBE-NFC6.3.1.0
2024-06-28 23:34:09,342 [WARN] PackLoader:240 - Cannot read IP mode file for ITTIA_DB.I-CUBE-ITTIADB.8.8.0
2024-06-28 23:34:09,363 [WARN] PackLoader:240 - Cannot read IP mode file for STMicroelectronics.X-CUBE-AI.9.0.0
2024-06-28 23:34:09,381 [WARN] PackLoader:240 - Cannot read IP mode file for STMicroelectronics.X-CUBE-NFC7.1.0.1
2024-06-28 23:34:09,403 [WARN] PackLoader:240 - Cannot read IP mode file for STMicroelectronics.X-CUBE-NFC6.3.0.0
2024-06-28 23:34:09,422 [WARN] PackLoader:240 - Cannot read IP mode file for STMicroelectronics.X-CUBE-AI.8.1.0
2024-06-28 23:34:09,458 [WARN] ConditionMgr:438 - getConditionDescription Invalid condition id : LAN8742 Phy interface Condition cause : null
2024-06-28 23:34:09,459 [WARN] PackLoader:240 - Cannot read IP mode file for STMicroelectronics.X-CUBE-AZRTOS-L4.2.0.0
2024-06-28 23:34:09,461 [WARN] ConditionMgr:1039 - genDependencies : Invalid condition id : LAN8742 Phy interface Condition cause : null
2024-06-28 23:34:09,461 [WARN] ConditionMgr:1039 - genDependencies : Invalid condition id : LAN8742 Phy interface Condition cause : null
2024-06-28 23:34:09,462 [WARN] ConditionMgr:1039 - genDependencies : Invalid condition id : LAN8742 Phy interface Condition cause : null
2024-06-28 23:34:09,488 [WARN] PackLoader:240 - Cannot read IP mode file for STMicroelectronics.X-CUBE-SFXS2LP1.4.0.0
2024-06-28 23:34:09,528 [WARN] ConditionMgr:438 - getConditionDescription Invalid condition id : UX DEVICE CLASS RTOS Condition cause : null
2024-06-28 23:34:09,529 [WARN] ConditionMgr:438 - getConditionDescription Invalid condition id : UX DEVICE CLASS RTOS Condition cause : null
2024-06-28 23:34:09,532 [WARN] PackLoader:240 - Cannot read IP mode file for STMicroelectronics.X-CUBE-AZRTOS-WB.2.0.0
2024-06-28 23:34:09,533 [WARN] ConditionMgr:1039 - genDependencies : Invalid condition id : UX DEVICE CLASS RTOS Condition cause : null
2024-06-28 23:34:09,534 [WARN] ConditionMgr:1039 - genDependencies : Invalid condition id : UX DEVICE CLASS RTOS Condition cause : null
2024-06-28 23:34:09,534 [WARN] ConditionMgr:1039 - genDependencies : Invalid condition id : UX DEVICE CLASS RTOS Condition cause : null
2024-06-28 23:34:09,535 [WARN] ConditionMgr:1039 - genDependencies : Invalid condition id : UX DEVICE CLASS RTOS Condition cause : null
2024-06-28 23:34:09,535 [WARN] ConditionMgr:1039 - genDependencies : Invalid condition id : UX DEVICE CLASS RTOS Condition cause : null
2024-06-28 23:34:09,565 [WARN] PackLoader:240 - Cannot read IP mode file for STMicroelectronics.X-CUBE-SUBG2.5.0.0
2024-06-28 23:34:09,625 [WARN] PackLoader:240 - Cannot read IP mode file for STMicroelectronics.X-CUBE-AZRTOS-G4.2.0.0
2024-06-28 23:34:09,657 [WARN] PackLoader:240 - Cannot read IP mode file for Infineon.AIROC-Wi-Fi-Bluetooth-STM32.1.5.1
2024-06-28 23:34:09,686 [WARN] PackLoader:240 - Cannot read IP mode file for STMicroelectronics.FP-SNS-MOTENVWB1.1.3.1
2024-06-28 23:34:09,713 [WARN] PackLoader:240 - Cannot read IP mode file for STMicroelectronics.X-CUBE-ISPU.2.0.0
2024-06-28 23:34:09,751 [WARN] PackLoader:240 - Cannot read IP mode file for STMicroelectronics.X-CUBE-ALS.1.0.2
2024-06-28 23:34:09,815 [WARN] PackLoader:240 - Cannot read IP mode file for STMicroelectronics.X-CUBE-MEMS1.10.0.0
2024-06-28 23:34:09,967 [WARN] PackLoader:240 - Cannot read IP mode file for STMicroelectronics.X-CUBE-FREERTOS.1.1.0
2024-06-28 23:34:09,986 [WARN] PackLoader:240 - Cannot read IP mode file for STMicroelectronics.X-CUBE-TOUCHGFX.4.24.0
2024-06-28 23:34:10,007 [WARN] PackLoader:240 - Cannot read IP mode file for portGmbH.I-Cube-SoM-uGOAL.1.1.0
2024-06-28 23:34:10,026 [WARN] PackLoader:240 - Cannot read IP mode file for STMicroelectronics.X-CUBE-ALS.1.0.1
2024-06-28 23:34:10,066 [WARN] PackLoader:240 - Cannot read IP mode file for STMicroelectronics.X-CUBE-AZRTOS-H7RS.1.0.0
2024-06-28 23:34:10,085 [WARN] PackLoader:240 - Cannot read IP mode file for STMicroelectronics.FP-ATR-ASTRA1.2.0.0
2024-06-28 23:34:10,112 [WARN] PackLoader:240 - Cannot read IP mode file for STMicroelectronics.X-CUBE-TOF1.3.4.1
2024-06-28 23:34:10,161 [WARN] PackLoader:240 - Cannot read IP mode file for STMicroelectronics.X-CUBE-AZRTOS-H7.3.2.0
2024-06-28 23:34:10,164 [INFO] ThirdParty:978 - Integrity check success = true
2024-06-28 23:34:10,165 [INFO] IntegrityCheckThread:100 - exiting critical section [integrity check]
2024-06-28 23:34:10,165 [INFO] IntegrityCheckThread:103 - End integrity checks thread
2024-06-28 23:34:13,511 [INFO] WebApp:161 - Instantiating new browser for Auth
2024-06-28 23:34:14,331 [INFO] WebApp:779 - Register for checkConnection events
2024-06-28 23:34:14,331 [INFO] WebApp:414 - Apply proxy settings
2024-06-28 23:34:14,331 [INFO] WebApp:499 - Chromium requires no authentication
2024-06-28 23:34:14,340 [INFO] WebApp:442 - Direct internet connection detected
2024-06-28 23:34:14,551 [INFO] WebApp:192 - Starting web application
2024-06-28 23:34:14,551 [INFO] WebApp:544 - Web application path used C:\ST\STM32CubeIDE_1.14.1\STM32CubeIDE\plugins\com.st.stm32cube.common.mx_6.11.1.202404110753\db\plugins\mcufinder\reactClient1\index.html
