2024-04-14 16:09:19,091 [INFO] NvicIntPanel:101 - NVIC parent = com.st.microxplorer.plugins.ip.nvic.MultiNvicIntPanel[,0,0,669x190,layout=javax.swing.BoxLayout,alignmentX=0.0,alignmentY=0.0,border=,flags=9,maximumSize=,minimumSize=,preferredSize=]
2024-04-14 16:09:35,153 [INFO] NvicIntPanel:101 - NVIC parent = com.st.microxplorer.plugins.ip.nvic.MultiNvicIntPanel[,0,0,0x0,invalid,layout=javax.swing.BoxLayout,alignmentX=0.0,alignmentY=0.0,border=,flags=9,maximumSize=,minimumSize=,preferredSize=]
2024-04-14 16:09:43,579 [INFO] NvicIntPanel:101 - NVIC parent = com.st.microxplorer.plugins.ip.nvic.MultiNvicIntPanel[,0,0,0x0,invalid,layout=javax.swing.BoxLayout,alignmentX=0.0,alignmentY=0.0,border=,flags=9,maximumSize=,minimumSize=,preferredSize=]
2024-04-14 16:09:51,407 [INFO] UtilMem:75 - End SaveConfig() Used Memory: 253617496 Bytes (573571072)
2024-04-14 16:09:54,144 [INFO] UtilMem:75 - End SaveConfig() Used Memory: 271969624 Bytes (573571072)
2024-04-14 16:09:58,210 [INFO] UtilMem:75 - End SaveConfig() Used Memory: 372632920 Bytes (573571072)
2024-04-14 16:09:58,893 [INFO] BlockDiagram:2759 - set Specific Code input for plugin: USB_OTG_FS
2024-04-14 16:09:58,894 [INFO] BlockDiagram:2759 - set Specific Code input for plugin: NVIC
2024-04-14 16:09:58,894 [INFO] BlockDiagram:2759 - set Specific Code input for plugin: TIM1_8
2024-04-14 16:09:58,895 [INFO] BlockDiagram:2759 - set Specific Code input for plugin: TIM1_8
2024-04-14 16:09:58,895 [INFO] BlockDiagram:2759 - set Specific Code input for plugin: USB_DEVICE
2024-04-14 16:09:58,896 [INFO] BlockDiagram:2759 - set Specific Code input for plugin: SYS
2024-04-14 16:09:58,896 [INFO] BlockDiagram:2759 - set Specific Code input for plugin: GPIO
2024-04-14 16:09:58,897 [INFO] BlockDiagram:2759 - set Specific Code input for plugin: RCC
2024-04-14 16:09:58,899 [INFO] CodeGenerator:807 - code generatio: config db path: C:\ST\STM32CubeIDE_1.14.1\STM32CubeIDE\plugins\com.st.stm32cube.common.mx_6.11.0.202403141607\\db\
2024-04-14 16:09:58,926 [WARN] IP:2120 - DEVICE_SERIAL0_CDC_FS not found: check if there is a RefParameter without a condition.
2024-04-14 16:09:58,926 [WARN] IP:2120 - DEVICE_SERIAL1_CDC_FS not found: check if there is a RefParameter without a condition.
2024-04-14 16:09:58,926 [WARN] IP:2120 - DEVICE_SERIAL2_CDC_FS not found: check if there is a RefParameter without a condition.
2024-04-14 16:09:59,241 [INFO] CodeEngine:255 - oldGeneratedFile, C:\Users\ACER\STM32CubeIDE\workspace_1.14.1\TIMER_COUNTER\MXTmpFiles\license.tmp_save
2024-04-14 16:09:59,930 [INFO] CodeEngine:279 - Generated code: C:\Users\ACER\STM32CubeIDE\workspace_1.14.1\TIMER_COUNTER\MXTmpFiles\license.tmp
2024-04-14 16:10:00,079 [INFO] CodeEngine:255 - oldGeneratedFile, C:\Users\ACER\STM32CubeIDE\workspace_1.14.1\TIMER_COUNTER\MXTmpFiles\gpio.tmp_save
2024-04-14 16:10:00,274 [INFO] CodeEngine:279 - Generated code: C:\Users\ACER\STM32CubeIDE\workspace_1.14.1\TIMER_COUNTER\MXTmpFiles\gpio.tmp
2024-04-14 16:10:00,367 [WARN] IPConfigManager:2982 - Warning: the RefConfig PWREx_EnableUSBVoltageDetector is not available in your config.xml file
2024-04-14 16:10:00,393 [INFO] CodeEngine:255 - oldGeneratedFile, C:\Users\ACER\STM32CubeIDE\workspace_1.14.1\TIMER_COUNTER\MXTmpFiles\usb_otg_fs_vars.tmp_save
2024-04-14 16:10:00,535 [INFO] CodeEngine:279 - Generated code: C:\Users\ACER\STM32CubeIDE\workspace_1.14.1\TIMER_COUNTER\MXTmpFiles\usb_otg_fs_vars.tmp
2024-04-14 16:10:00,548 [INFO] CodeEngine:255 - oldGeneratedFile, C:\Users\ACER\STM32CubeIDE\workspace_1.14.1\TIMER_COUNTER\MXTmpFiles\usb_otg_fs_inc.tmp_save
2024-04-14 16:10:00,672 [INFO] CodeEngine:279 - Generated code: C:\Users\ACER\STM32CubeIDE\workspace_1.14.1\TIMER_COUNTER\MXTmpFiles\usb_otg_fs_inc.tmp
2024-04-14 16:10:00,700 [INFO] CodeEngine:255 - oldGeneratedFile, C:\Users\ACER\STM32CubeIDE\workspace_1.14.1\TIMER_COUNTER\MXTmpFiles\usb_otg_fs_HalInit.tmp_save
2024-04-14 16:10:00,853 [INFO] CodeEngine:279 - Generated code: C:\Users\ACER\STM32CubeIDE\workspace_1.14.1\TIMER_COUNTER\MXTmpFiles\usb_otg_fs_HalInit.tmp
2024-04-14 16:10:00,871 [INFO] CodeEngine:255 - oldGeneratedFile, C:\Users\ACER\STM32CubeIDE\workspace_1.14.1\TIMER_COUNTER\MXTmpFiles\usb_otg_fs_Msp.tmp_save
2024-04-14 16:10:01,049 [INFO] CodeEngine:279 - Generated code: C:\Users\ACER\STM32CubeIDE\workspace_1.14.1\TIMER_COUNTER\MXTmpFiles\usb_otg_fs_Msp.tmp
2024-04-14 16:10:01,281 [INFO] Middleware:1439 - No code input for Bsp Dependency
2024-04-14 16:10:01,301 [INFO] Middleware:1439 - No code input for Bsp Dependency
2024-04-14 16:10:01,342 [INFO] CodeEngine:255 - oldGeneratedFile, C:\Users\ACER\STM32CubeIDE\workspace_1.14.1\TIMER_COUNTER\USB_DEVICE\App\usb_device.c_save
2024-04-14 16:10:01,495 [INFO] CodeEngine:279 - Generated code: C:\Users\ACER\STM32CubeIDE\workspace_1.14.1\TIMER_COUNTER\USB_DEVICE\App\usb_device.c
2024-04-14 16:10:01,528 [INFO] CodeEngine:255 - oldGeneratedFile, C:\Users\ACER\STM32CubeIDE\workspace_1.14.1\TIMER_COUNTER\USB_DEVICE\App\usb_device.h_save
2024-04-14 16:10:01,653 [INFO] CodeEngine:279 - Generated code: C:\Users\ACER\STM32CubeIDE\workspace_1.14.1\TIMER_COUNTER\USB_DEVICE\App\usb_device.h
2024-04-14 16:10:01,685 [INFO] CodeEngine:255 - oldGeneratedFile, C:\Users\ACER\STM32CubeIDE\workspace_1.14.1\TIMER_COUNTER\USB_DEVICE\Target\usbd_conf.h_save
2024-04-14 16:10:01,867 [INFO] CodeEngine:279 - Generated code: C:\Users\ACER\STM32CubeIDE\workspace_1.14.1\TIMER_COUNTER\USB_DEVICE\Target\usbd_conf.h
2024-04-14 16:10:01,901 [INFO] CodeEngine:255 - oldGeneratedFile, C:\Users\ACER\STM32CubeIDE\workspace_1.14.1\TIMER_COUNTER\USB_DEVICE\Target\usbd_conf.c_save
2024-04-14 16:10:02,094 [INFO] CodeEngine:279 - Generated code: C:\Users\ACER\STM32CubeIDE\workspace_1.14.1\TIMER_COUNTER\USB_DEVICE\Target\usbd_conf.c
2024-04-14 16:10:02,128 [INFO] CodeEngine:255 - oldGeneratedFile, C:\Users\ACER\STM32CubeIDE\workspace_1.14.1\TIMER_COUNTER\USB_DEVICE\App\usbd_desc.h_save
2024-04-14 16:10:02,233 [INFO] CodeEngine:279 - Generated code: C:\Users\ACER\STM32CubeIDE\workspace_1.14.1\TIMER_COUNTER\USB_DEVICE\App\usbd_desc.h
2024-04-14 16:10:02,263 [INFO] CodeEngine:255 - oldGeneratedFile, C:\Users\ACER\STM32CubeIDE\workspace_1.14.1\TIMER_COUNTER\USB_DEVICE\App\usbd_desc.c_save
2024-04-14 16:10:02,386 [INFO] CodeEngine:279 - Generated code: C:\Users\ACER\STM32CubeIDE\workspace_1.14.1\TIMER_COUNTER\USB_DEVICE\App\usbd_desc.c
2024-04-14 16:10:02,415 [INFO] CodeEngine:255 - oldGeneratedFile, C:\Users\ACER\STM32CubeIDE\workspace_1.14.1\TIMER_COUNTER\USB_DEVICE\App\usbd_cdc_if.h_save
2024-04-14 16:10:02,520 [INFO] CodeEngine:279 - Generated code: C:\Users\ACER\STM32CubeIDE\workspace_1.14.1\TIMER_COUNTER\USB_DEVICE\App\usbd_cdc_if.h
2024-04-14 16:10:02,550 [INFO] CodeEngine:255 - oldGeneratedFile, C:\Users\ACER\STM32CubeIDE\workspace_1.14.1\TIMER_COUNTER\USB_DEVICE\App\usbd_cdc_if.c_save
2024-04-14 16:10:02,663 [INFO] CodeEngine:279 - Generated code: C:\Users\ACER\STM32CubeIDE\workspace_1.14.1\TIMER_COUNTER\USB_DEVICE\App\usbd_cdc_if.c
2024-04-14 16:10:02,704 [INFO] CodeEngine:255 - oldGeneratedFile, C:\Users\ACER\STM32CubeIDE\workspace_1.14.1\TIMER_COUNTER\Core\Src\stm32f4xx_it.c_save
2024-04-14 16:10:02,837 [INFO] CodeEngine:279 - Generated code: C:\Users\ACER\STM32CubeIDE\workspace_1.14.1\TIMER_COUNTER\Core\Src\stm32f4xx_it.c
2024-04-14 16:10:02,865 [INFO] CodeEngine:255 - oldGeneratedFile, C:\Users\ACER\STM32CubeIDE\workspace_1.14.1\TIMER_COUNTER\Core\Inc\stm32f4xx_it.h_save
2024-04-14 16:10:02,975 [INFO] CodeEngine:279 - Generated code: C:\Users\ACER\STM32CubeIDE\workspace_1.14.1\TIMER_COUNTER\Core\Inc\stm32f4xx_it.h
2024-04-14 16:10:03,033 [INFO] CodeEngine:255 - oldGeneratedFile, C:\Users\ACER\STM32CubeIDE\workspace_1.14.1\TIMER_COUNTER\Core\Src\stm32f4xx_hal_msp.c_save
2024-04-14 16:10:03,193 [INFO] CodeEngine:279 - Generated code: C:\Users\ACER\STM32CubeIDE\workspace_1.14.1\TIMER_COUNTER\Core\Src\stm32f4xx_hal_msp.c
2024-04-14 16:10:03,209 [INFO] CodeEngine:255 - oldGeneratedFile, C:\Users\ACER\STM32CubeIDE\workspace_1.14.1\TIMER_COUNTER\MXTmpFiles\system.tmp_save
2024-04-14 16:10:03,302 [INFO] CodeEngine:279 - Generated code: C:\Users\ACER\STM32CubeIDE\workspace_1.14.1\TIMER_COUNTER\MXTmpFiles\system.tmp
2024-04-14 16:10:03,338 [INFO] CodeEngine:311 - oldGeneratedFile, C:\Users\ACER\STM32CubeIDE\workspace_1.14.1\TIMER_COUNTER\Core\Inc\stm32f4xx_hal_conf.h_save
2024-04-14 16:10:03,454 [INFO] CodeEngine:335 - Generated code: C:\Users\ACER\STM32CubeIDE\workspace_1.14.1\TIMER_COUNTER\Core\Inc\stm32f4xx_hal_conf.h
2024-04-14 16:10:03,501 [WARN] IPConfigManager:3513 - IP not found : TIM
2024-04-14 16:10:03,503 [WARN] CodeGenerator:3951 - IP not found : null
2024-04-14 16:10:03,540 [INFO] CodeEngine:255 - oldGeneratedFile, C:\Users\ACER\STM32CubeIDE\workspace_1.14.1\TIMER_COUNTER\Core\Inc\main.h_save
2024-04-14 16:10:03,681 [INFO] CodeEngine:279 - Generated code: C:\Users\ACER\STM32CubeIDE\workspace_1.14.1\TIMER_COUNTER\Core\Inc\main.h
2024-04-14 16:10:03,709 [INFO] CodeEngine:255 - oldGeneratedFile, C:\Users\ACER\STM32CubeIDE\workspace_1.14.1\TIMER_COUNTER\Core\Src\main.c_save
2024-04-14 16:10:03,919 [INFO] CodeEngine:279 - Generated code: C:\Users\ACER\STM32CubeIDE\workspace_1.14.1\TIMER_COUNTER\Core\Src\main.c
2024-04-14 16:10:04,521 [INFO] ProjectBuilder:3163 - Time for Copy HAL[1] : 348mS.
2024-04-14 16:10:04,533 [INFO] ProjectBuilder:4736 - Project Generator version: 4.3.0-B58
2024-04-14 16:10:04,669 [INFO] ConfigFileManager:1503 - The Die is : DIE431
2024-04-14 16:10:04,691 [INFO] ApiDbMcu:508 - Load IP Config File for FATFS
2024-04-14 16:10:04,712 [INFO] ApiDbMcu:508 - Load IP Config File for FREERTOS
2024-04-14 16:10:04,727 [INFO] ApiDbMcu:508 - Load IP Config File for LIBJPEG
2024-04-14 16:10:04,747 [INFO] ApiDbMcu:508 - Load IP Config File for MBEDTLS
2024-04-14 16:10:04,763 [INFO] ApiDbMcu:508 - Load IP Config File for USB_HOST
