15:54:24 **** Incremental Build of configuration Debug for project SQUAREWAVEGENERATOR ****
make -j4 all 
arm-none-eabi-gcc "../Core/Src/main.c" -mcpu=cortex-m4 -std=gnu11 -g3 -DDEBUG -DUSE_HAL_DRIVER -DSTM32F411xE -c -I../Core/Inc -I../Drivers/STM32F4xx_HAL_Driver/Inc -I../Drivers/STM32F4xx_HAL_Driver/Inc/Legacy -I../Drivers/CMSIS/Device/ST/STM32F4xx/Include -I../Drivers/CMSIS/Include -I../USB_DEVICE/App -I../USB_DEVICE/Target -I../Middlewares/ST/STM32_USB_Device_Library/Core/Inc -I../Middlewares/ST/STM32_USB_Device_Library/Class/CDC/Inc -O0 -ffunction-sections -fdata-sections -Wall -fstack-usage -fcyclomatic-complexity -MMD -MP -MF"Core/Src/main.d" -MT"Core/Src/main.o" --specs=nano.specs -mfpu=fpv4-sp-d16 -mfloat-abi=hard -mthumb -o "Core/Src/main.o"
../Core/Src/main.c: In function 'HAL_ADC_ConvCpltCallback':
../Core/Src/main.c:472:17: warning: implicit declaration of function 'CDC_Transmit_FS' [-Wimplicit-function-declaration]
  472 |                 CDC_Transmit_FS((uint8_t*) buffer, strlen(buffer));
      |                 ^~~~~~~~~~~~~~~
../Core/Src/main.c:471:39: warning: '

' directive writing 2 bytes into a region of size between 0 and 3 [-Wformat-overflow=]
  471 |                 sprintf(buffer, "%1.4f\n\r", volts);
      |                                       ^~~~
../Core/Src/main.c:471:17: note: 'sprintf' output between 6 and 318 bytes into a destination of size 6
  471 |                 sprintf(buffer, "%1.4f\n\r", volts);
      |                 ^~~~~~~~~~~~~~~~~~~~~~~~~~~~~~~~~~~
arm-none-eabi-gcc -o "SQUAREWAVEGENERATOR.elf" @"objects.list"   -mcpu=cortex-m4 -T"C:\Users\fariaslcfs\STM32CubeIDE\workspace_1.14.1\SQUAREWAVEGENERATOR\STM32F411CEUX_FLASH.ld" --specs=nosys.specs -Wl,-Map="SQUAREWAVEGENERATOR.map" -Wl,--gc-sections -static --specs=nano.specs -mfpu=fpv4-sp-d16 -mfloat-abi=hard -mthumb -u _printf_float -u _scanf_float -Wl,--start-group -lc -lm -Wl,--end-group
Finished building target: SQUAREWAVEGENERATOR.elf
 
arm-none-eabi-size  SQUAREWAVEGENERATOR.elf 
arm-none-eabi-objdump -h -S SQUAREWAVEGENERATOR.elf  > "SQUAREWAVEGENERATOR.list"
   text	   data	    bss	    dec	    hex	filename
  73412	    728	  10112	  84252	  1491c	SQUAREWAVEGENERATOR.elf
Finished building: default.size.stdout
 
Finished building: SQUAREWAVEGENERATOR.list
 
16:32:16 **** Incremental Build of configuration Debug for project VARIABLESQUAREWAVEGENERATOR ****
make -j4 all 
arm-none-eabi-gcc "../Core/Src/main.c" -mcpu=cortex-m4 -std=gnu11 -g3 -DDEBUG -DUSE_HAL_DRIVER -DSTM32F411xE -c -I../Core/Inc -I../Drivers/STM32F4xx_HAL_Driver/Inc -I../Drivers/STM32F4xx_HAL_Driver/Inc/Legacy -I../Drivers/CMSIS/Device/ST/STM32F4xx/Include -I../Drivers/CMSIS/Include -O0 -ffunction-sections -fdata-sections -Wall -fstack-usage -fcyclomatic-complexity -MMD -MP -MF"Core/Src/main.d" -MT"Core/Src/main.o" --specs=nano.specs -mfpu=fpv4-sp-d16 -mfloat-abi=hard -mthumb -o "Core/Src/main.o"
../Core/Src/main.c: In function 'main':
../Core/Src/main.c:110:27: error: 'counts' undeclared (first use in this function)
  110 |                 sendToI2C(counts);
      |                           ^~~~~~
../Core/Src/main.c:110:27: note: each undeclared identifier is reported only once for each function it appears in
make: *** [Core/Src/subdir.mk:34: Core/Src/main.o] Error 1
"make -j4 all" terminated with exit code 2. Build might be incomplete.
16:34:36 **** Incremental Build of configuration Debug for project VARIABLESQUAREWAVEGENERATOR ****
make -j4 all 
arm-none-eabi-gcc "../Core/Src/main.c" -mcpu=cortex-m4 -std=gnu11 -g3 -DDEBUG -DUSE_HAL_DRIVER -DSTM32F411xE -c -I../Core/Inc -I../Drivers/STM32F4xx_HAL_Driver/Inc -I../Drivers/STM32F4xx_HAL_Driver/Inc/Legacy -I../Drivers/CMSIS/Device/ST/STM32F4xx/Include -I../Drivers/CMSIS/Include -O0 -ffunction-sections -fdata-sections -Wall -fstack-usage -fcyclomatic-complexity -MMD -MP -MF"Core/Src/main.d" -MT"Core/Src/main.o" --specs=nano.specs -mfpu=fpv4-sp-d16 -mfloat-abi=hard -mthumb -o "Core/Src/main.o"
arm-none-eabi-gcc -o "VARIABLESQUAREWAVEGENERATOR.elf" @"objects.list"   -mcpu=cortex-m4 -T"C:\Users\fariaslcfs\STM32CubeIDE\workspace_1.14.1\VARIABLESQUAREWAVEGENERATOR\STM32F411CEUX_FLASH.ld" --specs=nosys.specs -Wl,-Map="VARIABLESQUAREWAVEGENERATOR.map" -Wl,--gc-sections -static --specs=nano.specs -mfpu=fpv4-sp-d16 -mfloat-abi=hard -mthumb -u _printf_float -u _scanf_float -Wl,--start-group -lc -lm -Wl,--end-group
Finished building target: VARIABLESQUAREWAVEGENERATOR.elf
 
arm-none-eabi-size  VARIABLESQUAREWAVEGENERATOR.elf 
arm-none-eabi-objdump -h -S VARIABLESQUAREWAVEGENERATOR.elf  > "VARIABLESQUAREWAVEGENERATOR.list"
   text	   data	    bss	    dec	    hex	filename
  42340	    468	   2148	  44956	   af9c	VARIABLESQUAREWAVEGENERATOR.elf
Finished building: default.size.stdout
 
Finished building: VARIABLESQUAREWAVEGENERATOR.list
 
16:37:02 **** Incremental Build of configuration Debug for project VARIABLESQUAREWAVEGENERATOR ****
make -j4 all 
arm-none-eabi-gcc "../Core/Src/main.c" -mcpu=cortex-m4 -std=gnu11 -g3 -DDEBUG -DUSE_HAL_DRIVER -DSTM32F411xE -c -I../Core/Inc -I../Drivers/STM32F4xx_HAL_Driver/Inc -I../Drivers/STM32F4xx_HAL_Driver/Inc/Legacy -I../Drivers/CMSIS/Device/ST/STM32F4xx/Include -I../Drivers/CMSIS/Include -O0 -ffunction-sections -fdata-sections -Wall -fstack-usage -fcyclomatic-complexity -MMD -MP -MF"Core/Src/main.d" -MT"Core/Src/main.o" --specs=nano.specs -mfpu=fpv4-sp-d16 -mfloat-abi=hard -mthumb -o "Core/Src/main.o"
arm-none-eabi-gcc -o "VARIABLESQUAREWAVEGENERATOR.elf" @"objects.list"   -mcpu=cortex-m4 -T"C:\Users\fariaslcfs\STM32CubeIDE\workspace_1.14.1\VARIABLESQUAREWAVEGENERATOR\STM32F411CEUX_FLASH.ld" --specs=nosys.specs -Wl,-Map="VARIABLESQUAREWAVEGENERATOR.map" -Wl,--gc-sections -static --specs=nano.specs -mfpu=fpv4-sp-d16 -mfloat-abi=hard -mthumb -u _printf_float -u _scanf_float -Wl,--start-group -lc -lm -Wl,--end-group
Finished building target: VARIABLESQUAREWAVEGENERATOR.elf
 
arm-none-eabi-size  VARIABLESQUAREWAVEGENERATOR.elf 
arm-none-eabi-objdump -h -S VARIABLESQUAREWAVEGENERATOR.elf  > "VARIABLESQUAREWAVEGENERATOR.list"
   text	   data	    bss	    dec	    hex	filename
  42508	    468	   2148	  45124	   b044	VARIABLESQUAREWAVEGENERATOR.elf
Finished building: default.size.stdout
 
Finished building: VARIABLESQUAREWAVEGENERATOR.list
 
16:37:33 **** Incremental Build of configuration Debug for project VARIABLESQUAREWAVEGENERATOR ****
make -j4 all 
arm-none-eabi-gcc "../Core/Src/main.c" -mcpu=cortex-m4 -std=gnu11 -g3 -DDEBUG -DUSE_HAL_DRIVER -DSTM32F411xE -c -I../Core/Inc -I../Drivers/STM32F4xx_HAL_Driver/Inc -I../Drivers/STM32F4xx_HAL_Driver/Inc/Legacy -I../Drivers/CMSIS/Device/ST/STM32F4xx/Include -I../Drivers/CMSIS/Include -O0 -ffunction-sections -fdata-sections -Wall -fstack-usage -fcyclomatic-complexity -MMD -MP -MF"Core/Src/main.d" -MT"Core/Src/main.o" --specs=nano.specs -mfpu=fpv4-sp-d16 -mfloat-abi=hard -mthumb -o "Core/Src/main.o"
arm-none-eabi-gcc -o "VARIABLESQUAREWAVEGENERATOR.elf" @"objects.list"   -mcpu=cortex-m4 -T"C:\Users\fariaslcfs\STM32CubeIDE\workspace_1.14.1\VARIABLESQUAREWAVEGENERATOR\STM32F411CEUX_FLASH.ld" --specs=nosys.specs -Wl,-Map="VARIABLESQUAREWAVEGENERATOR.map" -Wl,--gc-sections -static --specs=nano.specs -mfpu=fpv4-sp-d16 -mfloat-abi=hard -mthumb -u _printf_float -u _scanf_float -Wl,--start-group -lc -lm -Wl,--end-group
Finished building target: VARIABLESQUAREWAVEGENERATOR.elf
 
arm-none-eabi-size  VARIABLESQUAREWAVEGENERATOR.elf 
arm-none-eabi-objdump -h -S VARIABLESQUAREWAVEGENERATOR.elf  > "VARIABLESQUAREWAVEGENERATOR.list"
   text	   data	    bss	    dec	    hex	filename
  42508	    468	   2148	  45124	   b044	VARIABLESQUAREWAVEGENERATOR.elf
Finished building: default.size.stdout
 
Finished building: VARIABLESQUAREWAVEGENERATOR.list
 
16:38:26 **** Incremental Build of configuration Debug for project VARIABLESQUAREWAVEGENERATOR ****
make -j4 all 
arm-none-eabi-gcc "../Core/Src/main.c" -mcpu=cortex-m4 -std=gnu11 -g3 -DDEBUG -DUSE_HAL_DRIVER -DSTM32F411xE -c -I../Core/Inc -I../Drivers/STM32F4xx_HAL_Driver/Inc -I../Drivers/STM32F4xx_HAL_Driver/Inc/Legacy -I../Drivers/CMSIS/Device/ST/STM32F4xx/Include -I../Drivers/CMSIS/Include -O0 -ffunction-sections -fdata-sections -Wall -fstack-usage -fcyclomatic-complexity -MMD -MP -MF"Core/Src/main.d" -MT"Core/Src/main.o" --specs=nano.specs -mfpu=fpv4-sp-d16 -mfloat-abi=hard -mthumb -o "Core/Src/main.o"
arm-none-eabi-gcc -o "VARIABLESQUAREWAVEGENERATOR.elf" @"objects.list"   -mcpu=cortex-m4 -T"C:\Users\fariaslcfs\STM32CubeIDE\workspace_1.14.1\VARIABLESQUAREWAVEGENERATOR\STM32F411CEUX_FLASH.ld" --specs=nosys.specs -Wl,-Map="VARIABLESQUAREWAVEGENERATOR.map" -Wl,--gc-sections -static --specs=nano.specs -mfpu=fpv4-sp-d16 -mfloat-abi=hard -mthumb -u _printf_float -u _scanf_float -Wl,--start-group -lc -lm -Wl,--end-group
Finished building target: VARIABLESQUAREWAVEGENERATOR.elf
 
arm-none-eabi-size  VARIABLESQUAREWAVEGENERATOR.elf 
arm-none-eabi-objdump -h -S VARIABLESQUAREWAVEGENERATOR.elf  > "VARIABLESQUAREWAVEGENERATOR.list"
   text	   data	    bss	    dec	    hex	filename
  42484	    468	   2148	  45100	   b02c	VARIABLESQUAREWAVEGENERATOR.elf
Finished building: default.size.stdout
 
Finished building: VARIABLESQUAREWAVEGENERATOR.list
 
16:39:31 **** Incremental Build of configuration Debug for project VARIABLESQUAREWAVEGENERATOR ****
make -j4 all 
arm-none-eabi-gcc "../Core/Src/main.c" -mcpu=cortex-m4 -std=gnu11 -g3 -DDEBUG -DUSE_HAL_DRIVER -DSTM32F411xE -c -I../Core/Inc -I../Drivers/STM32F4xx_HAL_Driver/Inc -I../Drivers/STM32F4xx_HAL_Driver/Inc/Legacy -I../Drivers/CMSIS/Device/ST/STM32F4xx/Include -I../Drivers/CMSIS/Include -O0 -ffunction-sections -fdata-sections -Wall -fstack-usage -fcyclomatic-complexity -MMD -MP -MF"Core/Src/main.d" -MT"Core/Src/main.o" --specs=nano.specs -mfpu=fpv4-sp-d16 -mfloat-abi=hard -mthumb -o "Core/Src/main.o"
arm-none-eabi-gcc -o "VARIABLESQUAREWAVEGENERATOR.elf" @"objects.list"   -mcpu=cortex-m4 -T"C:\Users\fariaslcfs\STM32CubeIDE\workspace_1.14.1\VARIABLESQUAREWAVEGENERATOR\STM32F411CEUX_FLASH.ld" --specs=nosys.specs -Wl,-Map="VARIABLESQUAREWAVEGENERATOR.map" -Wl,--gc-sections -static --specs=nano.specs -mfpu=fpv4-sp-d16 -mfloat-abi=hard -mthumb -u _printf_float -u _scanf_float -Wl,--start-group -lc -lm -Wl,--end-group
Finished building target: VARIABLESQUAREWAVEGENERATOR.elf
 
arm-none-eabi-size  VARIABLESQUAREWAVEGENERATOR.elf 
arm-none-eabi-objdump -h -S VARIABLESQUAREWAVEGENERATOR.elf  > "VARIABLESQUAREWAVEGENERATOR.list"
   text	   data	    bss	    dec	    hex	filename
  42484	    468	   2148	  45100	   b02c	VARIABLESQUAREWAVEGENERATOR.elf
Finished building: default.size.stdout
 
Finished building: VARIABLESQUAREWAVEGENERATOR.list
 
16:40:44 **** Incremental Build of configuration Debug for project VARIABLESQUAREWAVEGENERATOR ****
make -j4 all 
arm-none-eabi-gcc "../Core/Src/main.c" -mcpu=cortex-m4 -std=gnu11 -g3 -DDEBUG -DUSE_HAL_DRIVER -DSTM32F411xE -c -I../Core/Inc -I../Drivers/STM32F4xx_HAL_Driver/Inc -I../Drivers/STM32F4xx_HAL_Driver/Inc/Legacy -I../Drivers/CMSIS/Device/ST/STM32F4xx/Include -I../Drivers/CMSIS/Include -O0 -ffunction-sections -fdata-sections -Wall -fstack-usage -fcyclomatic-complexity -MMD -MP -MF"Core/Src/main.d" -MT"Core/Src/main.o" --specs=nano.specs -mfpu=fpv4-sp-d16 -mfloat-abi=hard -mthumb -o "Core/Src/main.o"
arm-none-eabi-gcc -o "VARIABLESQUAREWAVEGENERATOR.elf" @"objects.list"   -mcpu=cortex-m4 -T"C:\Users\fariaslcfs\STM32CubeIDE\workspace_1.14.1\VARIABLESQUAREWAVEGENERATOR\STM32F411CEUX_FLASH.ld" --specs=nosys.specs -Wl,-Map="VARIABLESQUAREWAVEGENERATOR.map" -Wl,--gc-sections -static --specs=nano.specs -mfpu=fpv4-sp-d16 -mfloat-abi=hard -mthumb -u _printf_float -u _scanf_float -Wl,--start-group -lc -lm -Wl,--end-group
Finished building target: VARIABLESQUAREWAVEGENERATOR.elf
 
arm-none-eabi-size  VARIABLESQUAREWAVEGENERATOR.elf 
arm-none-eabi-objdump -h -S VARIABLESQUAREWAVEGENERATOR.elf  > "VARIABLESQUAREWAVEGENERATOR.list"
   text	   data	    bss	    dec	    hex	filename
  42484	    468	   2148	  45100	   b02c	VARIABLESQUAREWAVEGENERATOR.elf
Finished building: default.size.stdout
 
Finished building: VARIABLESQUAREWAVEGENERATOR.list
 
16:41:13 **** Incremental Build of configuration Debug for project VARIABLESQUAREWAVEGENERATOR ****
make -j4 all 
arm-none-eabi-gcc "../Core/Src/main.c" -mcpu=cortex-m4 -std=gnu11 -g3 -DDEBUG -DUSE_HAL_DRIVER -DSTM32F411xE -c -I../Core/Inc -I../Drivers/STM32F4xx_HAL_Driver/Inc -I../Drivers/STM32F4xx_HAL_Driver/Inc/Legacy -I../Drivers/CMSIS/Device/ST/STM32F4xx/Include -I../Drivers/CMSIS/Include -O0 -ffunction-sections -fdata-sections -Wall -fstack-usage -fcyclomatic-complexity -MMD -MP -MF"Core/Src/main.d" -MT"Core/Src/main.o" --specs=nano.specs -mfpu=fpv4-sp-d16 -mfloat-abi=hard -mthumb -o "Core/Src/main.o"
arm-none-eabi-gcc -o "VARIABLESQUAREWAVEGENERATOR.elf" @"objects.list"   -mcpu=cortex-m4 -T"C:\Users\fariaslcfs\STM32CubeIDE\workspace_1.14.1\VARIABLESQUAREWAVEGENERATOR\STM32F411CEUX_FLASH.ld" --specs=nosys.specs -Wl,-Map="VARIABLESQUAREWAVEGENERATOR.map" -Wl,--gc-sections -static --specs=nano.specs -mfpu=fpv4-sp-d16 -mfloat-abi=hard -mthumb -u _printf_float -u _scanf_float -Wl,--start-group -lc -lm -Wl,--end-group
Finished building target: VARIABLESQUAREWAVEGENERATOR.elf
 
arm-none-eabi-size  VARIABLESQUAREWAVEGENERATOR.elf 
arm-none-eabi-objdump -h -S VARIABLESQUAREWAVEGENERATOR.elf  > "VARIABLESQUAREWAVEGENERATOR.list"
   text	   data	    bss	    dec	    hex	filename
  42484	    468	   2148	  45100	   b02c	VARIABLESQUAREWAVEGENERATOR.elf
Finished building: default.size.stdout
 
Finished building: VARIABLESQUAREWAVEGENERATOR.list
 
16:41:46 **** Incremental Build of configuration Debug for project VARIABLESQUAREWAVEGENERATOR ****
make -j4 all 
arm-none-eabi-gcc "../Core/Src/main.c" -mcpu=cortex-m4 -std=gnu11 -g3 -DDEBUG -DUSE_HAL_DRIVER -DSTM32F411xE -c -I../Core/Inc -I../Drivers/STM32F4xx_HAL_Driver/Inc -I../Drivers/STM32F4xx_HAL_Driver/Inc/Legacy -I../Drivers/CMSIS/Device/ST/STM32F4xx/Include -I../Drivers/CMSIS/Include -O0 -ffunction-sections -fdata-sections -Wall -fstack-usage -fcyclomatic-complexity -MMD -MP -MF"Core/Src/main.d" -MT"Core/Src/main.o" --specs=nano.specs -mfpu=fpv4-sp-d16 -mfloat-abi=hard -mthumb -o "Core/Src/main.o"
arm-none-eabi-gcc -o "VARIABLESQUAREWAVEGENERATOR.elf" @"objects.list"   -mcpu=cortex-m4 -T"C:\Users\fariaslcfs\STM32CubeIDE\workspace_1.14.1\VARIABLESQUAREWAVEGENERATOR\STM32F411CEUX_FLASH.ld" --specs=nosys.specs -Wl,-Map="VARIABLESQUAREWAVEGENERATOR.map" -Wl,--gc-sections -static --specs=nano.specs -mfpu=fpv4-sp-d16 -mfloat-abi=hard -mthumb -u _printf_float -u _scanf_float -Wl,--start-group -lc -lm -Wl,--end-group
Finished building target: VARIABLESQUAREWAVEGENERATOR.elf
 
arm-none-eabi-size  VARIABLESQUAREWAVEGENERATOR.elf 
arm-none-eabi-objdump -h -S VARIABLESQUAREWAVEGENERATOR.elf  > "VARIABLESQUAREWAVEGENERATOR.list"
   text	   data	    bss	    dec	    hex	filename
  42500	    476	   2148	  45124	   b044	VARIABLESQUAREWAVEGENERATOR.elf
Finished building: default.size.stdout
 
Finished building: VARIABLESQUAREWAVEGENERATOR.list
 
16:42:30 **** Incremental Build of configuration Debug for project VARIABLESQUAREWAVEGENERATOR ****
make -j4 all 
arm-none-eabi-gcc "../Core/Src/main.c" -mcpu=cortex-m4 -std=gnu11 -g3 -DDEBUG -DUSE_HAL_DRIVER -DSTM32F411xE -c -I../Core/Inc -I../Drivers/STM32F4xx_HAL_Driver/Inc -I../Drivers/STM32F4xx_HAL_Driver/Inc/Legacy -I../Drivers/CMSIS/Device/ST/STM32F4xx/Include -I../Drivers/CMSIS/Include -O0 -ffunction-sections -fdata-sections -Wall -fstack-usage -fcyclomatic-complexity -MMD -MP -MF"Core/Src/main.d" -MT"Core/Src/main.o" --specs=nano.specs -mfpu=fpv4-sp-d16 -mfloat-abi=hard -mthumb -o "Core/Src/main.o"
arm-none-eabi-gcc -o "VARIABLESQUAREWAVEGENERATOR.elf" @"objects.list"   -mcpu=cortex-m4 -T"C:\Users\fariaslcfs\STM32CubeIDE\workspace_1.14.1\VARIABLESQUAREWAVEGENERATOR\STM32F411CEUX_FLASH.ld" --specs=nosys.specs -Wl,-Map="VARIABLESQUAREWAVEGENERATOR.map" -Wl,--gc-sections -static --specs=nano.specs -mfpu=fpv4-sp-d16 -mfloat-abi=hard -mthumb -u _printf_float -u _scanf_float -Wl,--start-group -lc -lm -Wl,--end-group
Finished building target: VARIABLESQUAREWAVEGENERATOR.elf
 
arm-none-eabi-size  VARIABLESQUAREWAVEGENERATOR.elf 
arm-none-eabi-objdump -h -S VARIABLESQUAREWAVEGENERATOR.elf  > "VARIABLESQUAREWAVEGENERATOR.list"
   text	   data	    bss	    dec	    hex	filename
  42516	    476	   2148	  45140	   b054	VARIABLESQUAREWAVEGENERATOR.elf
Finished building: default.size.stdout
 
Finished building: VARIABLESQUAREWAVEGENERATOR.list
 
16:43:44 **** Incremental Build of configuration Debug for project VARIABLESQUAREWAVEGENERATOR ****
make -j4 all 
arm-none-eabi-gcc "../Core/Src/main.c" -mcpu=cortex-m4 -std=gnu11 -g3 -DDEBUG -DUSE_HAL_DRIVER -DSTM32F411xE -c -I../Core/Inc -I../Drivers/STM32F4xx_HAL_Driver/Inc -I../Drivers/STM32F4xx_HAL_Driver/Inc/Legacy -I../Drivers/CMSIS/Device/ST/STM32F4xx/Include -I../Drivers/CMSIS/Include -O0 -ffunction-sections -fdata-sections -Wall -fstack-usage -fcyclomatic-complexity -MMD -MP -MF"Core/Src/main.d" -MT"Core/Src/main.o" --specs=nano.specs -mfpu=fpv4-sp-d16 -mfloat-abi=hard -mthumb -o "Core/Src/main.o"
arm-none-eabi-gcc -o "VARIABLESQUAREWAVEGENERATOR.elf" @"objects.list"   -mcpu=cortex-m4 -T"C:\Users\fariaslcfs\STM32CubeIDE\workspace_1.14.1\VARIABLESQUAREWAVEGENERATOR\STM32F411CEUX_FLASH.ld" --specs=nosys.specs -Wl,-Map="VARIABLESQUAREWAVEGENERATOR.map" -Wl,--gc-sections -static --specs=nano.specs -mfpu=fpv4-sp-d16 -mfloat-abi=hard -mthumb -u _printf_float -u _scanf_float -Wl,--start-group -lc -lm -Wl,--end-group
Finished building target: VARIABLESQUAREWAVEGENERATOR.elf
 
arm-none-eabi-size  VARIABLESQUAREWAVEGENERATOR.elf 
arm-none-eabi-objdump -h -S VARIABLESQUAREWAVEGENERATOR.elf  > "VARIABLESQUAREWAVEGENERATOR.list"
   text	   data	    bss	    dec	    hex	filename
  42516	    476	   2148	  45140	   b054	VARIABLESQUAREWAVEGENERATOR.elf
Finished building: default.size.stdout
 
Finished building: VARIABLESQUAREWAVEGENERATOR.list
 
16:45:14 **** Incremental Build of configuration Debug for project VARIABLESQUAREWAVEGENERATOR ****
make -j4 all 
arm-none-eabi-gcc "../Core/Src/main.c" -mcpu=cortex-m4 -std=gnu11 -g3 -DDEBUG -DUSE_HAL_DRIVER -DSTM32F411xE -c -I../Core/Inc -I../Drivers/STM32F4xx_HAL_Driver/Inc -I../Drivers/STM32F4xx_HAL_Driver/Inc/Legacy -I../Drivers/CMSIS/Device/ST/STM32F4xx/Include -I../Drivers/CMSIS/Include -O0 -ffunction-sections -fdata-sections -Wall -fstack-usage -fcyclomatic-complexity -MMD -MP -MF"Core/Src/main.d" -MT"Core/Src/main.o" --specs=nano.specs -mfpu=fpv4-sp-d16 -mfloat-abi=hard -mthumb -o "Core/Src/main.o"
../Core/Src/main.c: In function 'main':
../Core/Src/main.c:117:27: error: 'counts' undeclared (first use in this function); did you mean 'dacCounts'?
  117 |                 sendToI2C(counts);
      |                           ^~~~~~
      |                           dacCounts
../Core/Src/main.c:117:27: note: each undeclared identifier is reported only once for each function it appears in
make: *** [Core/Src/subdir.mk:34: Core/Src/main.o] Error 1
"make -j4 all" terminated with exit code 2. Build might be incomplete.
16:45:33 **** Incremental Build of configuration Debug for project VARIABLESQUAREWAVEGENERATOR ****
make -j4 all 
arm-none-eabi-gcc "../Core/Src/main.c" -mcpu=cortex-m4 -std=gnu11 -g3 -DDEBUG -DUSE_HAL_DRIVER -DSTM32F411xE -c -I../Core/Inc -I../Drivers/STM32F4xx_HAL_Driver/Inc -I../Drivers/STM32F4xx_HAL_Driver/Inc/Legacy -I../Drivers/CMSIS/Device/ST/STM32F4xx/Include -I../Drivers/CMSIS/Include -O0 -ffunction-sections -fdata-sections -Wall -fstack-usage -fcyclomatic-complexity -MMD -MP -MF"Core/Src/main.d" -MT"Core/Src/main.o" --specs=nano.specs -mfpu=fpv4-sp-d16 -mfloat-abi=hard -mthumb -o "Core/Src/main.o"
arm-none-eabi-gcc -o "VARIABLESQUAREWAVEGENERATOR.elf" @"objects.list"   -mcpu=cortex-m4 -T"C:\Users\fariaslcfs\STM32CubeIDE\workspace_1.14.1\VARIABLESQUAREWAVEGENERATOR\STM32F411CEUX_FLASH.ld" --specs=nosys.specs -Wl,-Map="VARIABLESQUAREWAVEGENERATOR.map" -Wl,--gc-sections -static --specs=nano.specs -mfpu=fpv4-sp-d16 -mfloat-abi=hard -mthumb -u _printf_float -u _scanf_float -Wl,--start-group -lc -lm -Wl,--end-group
Finished building target: VARIABLESQUAREWAVEGENERATOR.elf
 
arm-none-eabi-size  VARIABLESQUAREWAVEGENERATOR.elf 
arm-none-eabi-objdump -h -S VARIABLESQUAREWAVEGENERATOR.elf  > "VARIABLESQUAREWAVEGENERATOR.list"
   text	   data	    bss	    dec	    hex	filename
  42516	    476	   2148	  45140	   b054	VARIABLESQUAREWAVEGENERATOR.elf
Finished building: default.size.stdout
 
Finished building: VARIABLESQUAREWAVEGENERATOR.list
 
16:45:59 **** Incremental Build of configuration Debug for project VARIABLESQUAREWAVEGENERATOR ****
make -j4 all 
arm-none-eabi-gcc "../Core/Src/main.c" -mcpu=cortex-m4 -std=gnu11 -g3 -DDEBUG -DUSE_HAL_DRIVER -DSTM32F411xE -c -I../Core/Inc -I../Drivers/STM32F4xx_HAL_Driver/Inc -I../Drivers/STM32F4xx_HAL_Driver/Inc/Legacy -I../Drivers/CMSIS/Device/ST/STM32F4xx/Include -I../Drivers/CMSIS/Include -O0 -ffunction-sections -fdata-sections -Wall -fstack-usage -fcyclomatic-complexity -MMD -MP -MF"Core/Src/main.d" -MT"Core/Src/main.o" --specs=nano.specs -mfpu=fpv4-sp-d16 -mfloat-abi=hard -mthumb -o "Core/Src/main.o"
arm-none-eabi-gcc -o "VARIABLESQUAREWAVEGENERATOR.elf" @"objects.list"   -mcpu=cortex-m4 -T"C:\Users\fariaslcfs\STM32CubeIDE\workspace_1.14.1\VARIABLESQUAREWAVEGENERATOR\STM32F411CEUX_FLASH.ld" --specs=nosys.specs -Wl,-Map="VARIABLESQUAREWAVEGENERATOR.map" -Wl,--gc-sections -static --specs=nano.specs -mfpu=fpv4-sp-d16 -mfloat-abi=hard -mthumb -u _printf_float -u _scanf_float -Wl,--start-group -lc -lm -Wl,--end-group
Finished building target: VARIABLESQUAREWAVEGENERATOR.elf
 
arm-none-eabi-size  VARIABLESQUAREWAVEGENERATOR.elf 
arm-none-eabi-objdump -h -S VARIABLESQUAREWAVEGENERATOR.elf  > "VARIABLESQUAREWAVEGENERATOR.list"
   text	   data	    bss	    dec	    hex	filename
  42356	    476	   2148	  44980	   afb4	VARIABLESQUAREWAVEGENERATOR.elf
Finished building: default.size.stdout
 
Finished building: VARIABLESQUAREWAVEGENERATOR.list
 
16:47:12 **** Incremental Build of configuration Debug for project VARIABLESQUAREWAVEGENERATOR ****
make -j4 all 
arm-none-eabi-gcc "../Core/Src/main.c" -mcpu=cortex-m4 -std=gnu11 -g3 -DDEBUG -DUSE_HAL_DRIVER -DSTM32F411xE -c -I../Core/Inc -I../Drivers/STM32F4xx_HAL_Driver/Inc -I../Drivers/STM32F4xx_HAL_Driver/Inc/Legacy -I../Drivers/CMSIS/Device/ST/STM32F4xx/Include -I../Drivers/CMSIS/Include -O0 -ffunction-sections -fdata-sections -Wall -fstack-usage -fcyclomatic-complexity -MMD -MP -MF"Core/Src/main.d" -MT"Core/Src/main.o" --specs=nano.specs -mfpu=fpv4-sp-d16 -mfloat-abi=hard -mthumb -o "Core/Src/main.o"
arm-none-eabi-gcc -o "VARIABLESQUAREWAVEGENERATOR.elf" @"objects.list"   -mcpu=cortex-m4 -T"C:\Users\fariaslcfs\STM32CubeIDE\workspace_1.14.1\VARIABLESQUAREWAVEGENERATOR\STM32F411CEUX_FLASH.ld" --specs=nosys.specs -Wl,-Map="VARIABLESQUAREWAVEGENERATOR.map" -Wl,--gc-sections -static --specs=nano.specs -mfpu=fpv4-sp-d16 -mfloat-abi=hard -mthumb -u _printf_float -u _scanf_float -Wl,--start-group -lc -lm -Wl,--end-group
Finished building target: VARIABLESQUAREWAVEGENERATOR.elf
 
arm-none-eabi-size  VARIABLESQUAREWAVEGENERATOR.elf 
arm-none-eabi-objdump -h -S VARIABLESQUAREWAVEGENERATOR.elf  > "VARIABLESQUAREWAVEGENERATOR.list"
   text	   data	    bss	    dec	    hex	filename
  42420	    468	   2148	  45036	   afec	VARIABLESQUAREWAVEGENERATOR.elf
Finished building: default.size.stdout
 
Finished building: VARIABLESQUAREWAVEGENERATOR.list
 
16:47:50 **** Incremental Build of configuration Debug for project VARIABLESQUAREWAVEGENERATOR ****
make -j4 all 
arm-none-eabi-gcc "../Core/Src/main.c" -mcpu=cortex-m4 -std=gnu11 -g3 -DDEBUG -DUSE_HAL_DRIVER -DSTM32F411xE -c -I../Core/Inc -I../Drivers/STM32F4xx_HAL_Driver/Inc -I../Drivers/STM32F4xx_HAL_Driver/Inc/Legacy -I../Drivers/CMSIS/Device/ST/STM32F4xx/Include -I../Drivers/CMSIS/Include -O0 -ffunction-sections -fdata-sections -Wall -fstack-usage -fcyclomatic-complexity -MMD -MP -MF"Core/Src/main.d" -MT"Core/Src/main.o" --specs=nano.specs -mfpu=fpv4-sp-d16 -mfloat-abi=hard -mthumb -o "Core/Src/main.o"
arm-none-eabi-gcc -o "VARIABLESQUAREWAVEGENERATOR.elf" @"objects.list"   -mcpu=cortex-m4 -T"C:\Users\fariaslcfs\STM32CubeIDE\workspace_1.14.1\VARIABLESQUAREWAVEGENERATOR\STM32F411CEUX_FLASH.ld" --specs=nosys.specs -Wl,-Map="VARIABLESQUAREWAVEGENERATOR.map" -Wl,--gc-sections -static --specs=nano.specs -mfpu=fpv4-sp-d16 -mfloat-abi=hard -mthumb -u _printf_float -u _scanf_float -Wl,--start-group -lc -lm -Wl,--end-group
Finished building target: VARIABLESQUAREWAVEGENERATOR.elf
 
arm-none-eabi-size  VARIABLESQUAREWAVEGENERATOR.elf 
arm-none-eabi-objdump -h -S VARIABLESQUAREWAVEGENERATOR.elf  > "VARIABLESQUAREWAVEGENERATOR.list"
   text	   data	    bss	    dec	    hex	filename
  42420	    468	   2148	  45036	   afec	VARIABLESQUAREWAVEGENERATOR.elf
Finished building: default.size.stdout
 
Finished building: VARIABLESQUAREWAVEGENERATOR.list
 
