2024-04-08 21:06:23,324 | topics | INFO | started session
2024-04-08 21:06:23,324 | topics | INFO | Cleared all topics and received data
2024-04-08 21:06:23,325 | cli | INFO | Module path : C:\Users\ACER\AppData\Local\Programs\Python\Python38-32\Lib\site-packages\pytelemetrycli
2024-04-08 21:06:23,325 | cli | WARNING | Module version : not found.
2024-04-08 21:06:47,308 | cli | WARNING | Already disconnected. Continuing happily. E : 'NoneType' object has no attribute 'close'
2024-04-08 21:06:47,308 | topics | INFO | Cleared all topics and received data
2024-04-08 21:06:47,309 | cli | INFO | Cleared all topics for new session.
2024-04-08 21:06:47,309 | cli | INFO | Cleared all stats for new session.
2024-04-08 21:06:47,309 | topics | INFO | new:topic baudspeed
2024-04-08 21:06:47,309 | topics | INFO | new:topic baudspeed_avg
2024-04-08 21:06:47,309 | topics | INFO | new:topic rx_in_waiting
2024-04-08 21:06:47,309 | topics | INFO | new:topic rx_in_waiting_max
2024-04-08 21:06:47,310 | topics | INFO | new:topic rx_in_waiting_avg
2024-04-08 21:06:47,342 | cli | INFO | Connected to com4 at 9600 (bauds).

2024-04-08 21:06:47,377 | topics | DEBUG | new sample | baudspeed 12483.873272041801
2024-04-08 21:06:47,377 | topics | DEBUG | new sample | baudspeed_avg 594.4701558115144
2024-04-08 21:06:47,377 | topics | DEBUG | new sample | rx_in_waiting 600
2024-04-08 21:06:47,377 | topics | DEBUG | new sample | rx_in_waiting_max 600
2024-04-08 21:06:47,377 | topics | DEBUG | new sample | rx_in_waiting_avg 75.16904583020286
2024-04-08 21:06:47,519 | topics | DEBUG | new sample | baudspeed 28237.40592377198
2024-04-08 21:06:47,519 | topics | DEBUG | new sample | baudspeed_avg 1910.8004304762985
2024-04-08 21:06:47,519 | topics | DEBUG | new sample | rx_in_waiting 2660
2024-04-08 21:06:47,519 | topics | DEBUG | new sample | rx_in_waiting_max 2660
2024-04-08 21:06:47,519 | topics | DEBUG | new sample | rx_in_waiting_avg 415.51160812413457
2024-04-08 21:06:47,726 | topics | DEBUG | new sample | baudspeed 28161.945889170926
2024-04-08 21:06:47,726 | topics | DEBUG | new sample | baudspeed_avg 3160.854976128424
2024-04-08 21:06:47,726 | topics | DEBUG | new sample | rx_in_waiting 5830
2024-04-08 21:06:47,726 | topics | DEBUG | new sample | rx_in_waiting_max 5830
2024-04-08 21:06:47,726 | topics | DEBUG | new sample | rx_in_waiting_avg 907.737825567395
2024-04-08 21:06:48,177 | topics | DEBUG | new sample | baudspeed 27575.787871515433
2024-04-08 21:06:48,177 | topics | DEBUG | new sample | baudspeed_avg 4323.47082828971
2024-04-08 21:06:48,177 | topics | DEBUG | new sample | rx_in_waiting 12410
2024-04-08 21:06:48,177 | topics | DEBUG | new sample | rx_in_waiting_max 12410
2024-04-08 21:06:48,177 | topics | DEBUG | new sample | rx_in_waiting_avg 1953.3980232430863
2024-04-08 21:06:48,942 | topics | DEBUG | new sample | baudspeed 29044.817461636474
2024-04-08 21:06:48,942 | topics | DEBUG | new sample | baudspeed_avg 5500.677810830032
2024-04-08 21:06:48,942 | topics | DEBUG | new sample | rx_in_waiting 22250
2024-04-08 21:06:48,943 | topics | DEBUG | new sample | rx_in_waiting_max 22250
2024-04-08 21:06:48,943 | topics | DEBUG | new sample | rx_in_waiting_avg 3798.543657493715
2024-04-08 21:06:49,557 | topics | DEBUG | new sample | baudspeed 28599.518995909195
2024-04-08 21:06:49,557 | topics | DEBUG | new sample | baudspeed_avg 6600.6226291671355
2024-04-08 21:06:49,557 | topics | DEBUG | new sample | rx_in_waiting 17590
2024-04-08 21:06:49,557 | topics | DEBUG | new sample | rx_in_waiting_max 22250
2024-04-08 21:06:49,557 | topics | DEBUG | new sample | rx_in_waiting_avg 5052.312415903377
2024-04-08 21:06:50,807 | topics | DEBUG | new sample | baudspeed 29457.819970293334
2024-04-08 21:06:50,807 | topics | DEBUG | new sample | baudspeed_avg 7689.060597792193
2024-04-08 21:06:50,807 | topics | DEBUG | new sample | rx_in_waiting 36825
2024-04-08 21:06:50,807 | topics | DEBUG | new sample | rx_in_waiting_max 36825
2024-04-08 21:06:50,807 | topics | DEBUG | new sample | rx_in_waiting_avg 7940.73855991216
2024-04-08 21:06:52,244 | topics | DEBUG | new sample | baudspeed 28860.01918153158
2024-04-08 21:06:52,246 | topics | DEBUG | new sample | baudspeed_avg 8697.201482732165
2024-04-08 21:06:52,246 | topics | DEBUG | new sample | rx_in_waiting 41475
2024-04-08 21:06:52,246 | topics | DEBUG | new sample | rx_in_waiting_max 41475
2024-04-08 21:06:52,246 | topics | DEBUG | new sample | rx_in_waiting_avg 10989.307781738327
2024-04-08 21:06:53,794 | topics | DEBUG | new sample | baudspeed 29010.09544186708
2024-04-08 21:06:53,794 | topics | DEBUG | new sample | baudspeed_avg 9664.482147452876
2024-04-08 21:06:53,794 | topics | DEBUG | new sample | rx_in_waiting 44940
2024-04-08 21:06:53,794 | topics | DEBUG | new sample | rx_in_waiting_max 44940
2024-04-08 21:06:53,795 | topics | DEBUG | new sample | rx_in_waiting_avg 14075.734347034844
2024-04-08 21:06:55,043 | topics | DEBUG | new sample | baudspeed 27788.18837156435
2024-04-08 21:06:55,043 | topics | DEBUG | new sample | baudspeed_avg 10527.51577717247
2024-04-08 21:06:55,044 | topics | DEBUG | new sample | rx_in_waiting 34710
2024-04-08 21:06:55,044 | topics | DEBUG | new sample | rx_in_waiting_max 44940
2024-04-08 21:06:55,044 | topics | DEBUG | new sample | rx_in_waiting_avg 15951.576679122587
2024-04-08 21:06:56,527 | topics | DEBUG | new sample | baudspeed 27898.828402882074
2024-04-08 21:06:56,527 | topics | DEBUG | new sample | baudspeed_avg 11354.721140301499
2024-04-08 21:06:56,527 | topics | DEBUG | new sample | rx_in_waiting 41405
2024-04-08 21:06:56,527 | topics | DEBUG | new sample | rx_in_waiting_max 44940
2024-04-08 21:06:56,527 | topics | DEBUG | new sample | rx_in_waiting_avg 18265.524253747808
2024-04-08 21:06:58,060 | topics | DEBUG | new sample | baudspeed 28357.33564404506
2024-04-08 21:06:58,060 | topics | DEBUG | new sample | baudspeed_avg 12164.369450003573
2024-04-08 21:06:58,060 | topics | DEBUG | new sample | rx_in_waiting 43475
2024-04-08 21:06:58,060 | topics | DEBUG | new sample | rx_in_waiting_max 44940
2024-04-08 21:06:58,060 | topics | DEBUG | new sample | rx_in_waiting_avg 20557.29477613437
2024-04-08 21:06:59,308 | topics | DEBUG | new sample | baudspeed 29380.78669113838
2024-04-08 21:06:59,308 | topics | DEBUG | new sample | baudspeed_avg 12984.198842438564
2024-04-08 21:06:59,308 | topics | DEBUG | new sample | rx_in_waiting 36670
2024-04-08 21:06:59,308 | topics | DEBUG | new sample | rx_in_waiting_max 44940
2024-04-08 21:06:59,308 | topics | DEBUG | new sample | rx_in_waiting_avg 22022.086160122155
2024-04-08 21:07:00,796 | topics | DEBUG | new sample | baudspeed 28751.219703828625
2024-04-08 21:07:00,796 | topics | DEBUG | new sample | baudspeed_avg 13735.009359647614
2024-04-08 21:07:00,796 | topics | DEBUG | new sample | rx_in_waiting 42785
2024-04-08 21:07:00,796 | topics | DEBUG | new sample | rx_in_waiting_max 44940
2024-04-08 21:07:00,796 | topics | DEBUG | new sample | rx_in_waiting_avg 23909.623781929233
2024-04-08 21:07:02,258 | topics | DEBUG | new sample | baudspeed 28718.76393041377
2024-04-08 21:07:02,258 | topics | DEBUG | new sample | baudspeed_avg 14448.521482065049
2024-04-08 21:07:02,258 | topics | DEBUG | new sample | rx_in_waiting 41990
2024-04-08 21:07:02,258 | topics | DEBUG | new sample | rx_in_waiting_max 44940
2024-04-08 21:07:02,258 | topics | DEBUG | new sample | rx_in_waiting_avg 25553.294347208397
2024-04-08 21:07:03,430 | topics | DEBUG | new sample | baudspeed 29289.64174766603
2024-04-08 21:07:03,430 | topics | DEBUG | new sample | baudspeed_avg 15155.241494712716
2024-04-08 21:07:03,430 | topics | DEBUG | new sample | rx_in_waiting 34330
2024-04-08 21:07:03,430 | topics | DEBUG | new sample | rx_in_waiting_max 44940
2024-04-08 21:07:03,430 | topics | DEBUG | new sample | rx_in_waiting_avg 26351.176679280365
2024-04-08 21:07:04,798 | topics | DEBUG | new sample | baudspeed 27055.74862780034
2024-04-08 21:07:04,798 | topics | DEBUG | new sample | baudspeed_avg 15721.932310574031
2024-04-08 21:07:04,799 | topics | DEBUG | new sample | rx_in_waiting 37015
2024-04-08 21:07:04,799 | topics | DEBUG | new sample | rx_in_waiting_max 44940
2024-04-08 21:07:04,799 | topics | DEBUG | new sample | rx_in_waiting_avg 27320.61516298215
2024-04-08 21:07:06,414 | topics | DEBUG | new sample | baudspeed 28678.15236761927
2024-04-08 21:07:06,414 | topics | DEBUG | new sample | baudspeed_avg 16338.895170433327
2024-04-08 21:07:06,414 | topics | DEBUG | new sample | rx_in_waiting 46290
2024-04-08 21:07:06,414 | topics | DEBUG | new sample | rx_in_waiting_max 46290
2024-04-08 21:07:06,414 | topics | DEBUG | new sample | rx_in_waiting_avg 29045.10469362014
2024-04-08 21:07:07,133 | cli | WARNING | Topic 'help' unknown. Type 'ls' to list all available topics.

2024-04-08 21:07:07,665 | topics | DEBUG | new sample | baudspeed 28588.081287697547
2024-04-08 21:07:07,665 | topics | DEBUG | new sample | baudspeed_avg 16922.189747445907
2024-04-08 21:07:07,665 | topics | DEBUG | new sample | rx_in_waiting 35795
2024-04-08 21:07:07,665 | topics | DEBUG | new sample | rx_in_waiting_max 46290
2024-04-08 21:07:07,665 | topics | DEBUG | new sample | rx_in_waiting_avg 29658.731539654673
2024-04-08 21:07:08,941 | topics | DEBUG | new sample | baudspeed 27688.13334589846
2024-04-08 21:07:08,941 | topics | DEBUG | new sample | baudspeed_avg 17434.8537283246
2024-04-08 21:07:08,941 | topics | DEBUG | new sample | rx_in_waiting 35305
2024-04-08 21:07:08,941 | topics | DEBUG | new sample | rx_in_waiting_max 46290
2024-04-08 21:07:08,941 | topics | DEBUG | new sample | rx_in_waiting_avg 30172.02867241334
2024-04-08 21:07:10,458 | topics | DEBUG | new sample | baudspeed 28146.769069032707
2024-04-08 21:07:10,458 | topics | DEBUG | new sample | baudspeed_avg 17944.944935024985
2024-04-08 21:07:10,458 | topics | DEBUG | new sample | rx_in_waiting 42730
2024-04-08 21:07:10,458 | topics | DEBUG | new sample | rx_in_waiting_max 46290
2024-04-08 21:07:10,458 | topics | DEBUG | new sample | rx_in_waiting_avg 31313.662429466673
2024-04-08 21:07:11,850 | topics | DEBUG | new sample | baudspeed 28804.470569322115
2024-04-08 21:07:11,850 | topics | DEBUG | new sample | baudspeed_avg 18462.065203324848
2024-04-08 21:07:11,850 | topics | DEBUG | new sample | rx_in_waiting 40070
2024-04-08 21:07:11,850 | topics | DEBUG | new sample | rx_in_waiting_max 46290
2024-04-08 21:07:11,850 | topics | DEBUG | new sample | rx_in_waiting_avg 32109.693117696977
2024-04-08 21:07:13,103 | topics | DEBUG | new sample | baudspeed 29188.43255743391
2024-04-08 21:07:13,103 | topics | DEBUG | new sample | baudspeed_avg 18972.844601139564
2024-04-08 21:07:13,103 | topics | DEBUG | new sample | rx_in_waiting 36605
2024-04-08 21:07:13,103 | topics | DEBUG | new sample | rx_in_waiting_max 46290
2024-04-08 21:07:13,103 | topics | DEBUG | new sample | rx_in_waiting_avg 32518.357379724526
2024-04-08 21:07:14,589 | topics | DEBUG | new sample | baudspeed 29025.428839119555
2024-04-08 21:07:14,589 | topics | DEBUG | new sample | baudspeed_avg 19451.539088662423
2024-04-08 21:07:14,589 | topics | DEBUG | new sample | rx_in_waiting 43135
2024-04-08 21:07:14,589 | topics | DEBUG | new sample | rx_in_waiting_max 46290
2024-04-08 21:07:14,589 | topics | DEBUG | new sample | rx_in_waiting_avg 33483.50670884048
2024-04-08 21:07:15,988 | cli | WARNING | Topic 'test' unknown. Type 'ls' to list all available topics.

2024-04-08 21:07:16,031 | topics | DEBUG | new sample | baudspeed 28839.718435926352
2024-04-08 21:07:16,031 | topics | DEBUG | new sample | baudspeed_avg 19898.595248055943
2024-04-08 21:07:16,031 | topics | DEBUG | new sample | rx_in_waiting 41590
2024-04-08 21:07:16,032 | topics | DEBUG | new sample | rx_in_waiting_max 46290
2024-04-08 21:07:16,032 | topics | DEBUG | new sample | rx_in_waiting_avg 34220.46064440044
2024-04-08 21:07:17,308 | topics | DEBUG | new sample | baudspeed 28584.402671508113
2024-04-08 21:07:17,309 | topics | DEBUG | new sample | baudspeed_avg 20312.205125363187
2024-04-08 21:07:17,309 | topics | DEBUG | new sample | rx_in_waiting 36505
2024-04-08 21:07:17,309 | topics | DEBUG | new sample | rx_in_waiting_max 46290
2024-04-08 21:07:17,309 | topics | DEBUG | new sample | rx_in_waiting_avg 34428.14604036404
2024-04-08 21:07:18,827 | topics | DEBUG | new sample | baudspeed 29194.62574025395
2024-04-08 21:07:18,827 | topics | DEBUG | new sample | baudspeed_avg 20735.17753559608
2024-04-08 21:07:18,827 | topics | DEBUG | new sample | rx_in_waiting 44350
2024-04-08 21:07:18,827 | topics | DEBUG | new sample | rx_in_waiting_max 46290
2024-04-08 21:07:18,827 | topics | DEBUG | new sample | rx_in_waiting_avg 35330.13276396731
2024-04-08 21:07:20,247 | topics | DEBUG | new sample | baudspeed 28229.025613369253
2024-04-08 21:07:20,247 | topics | DEBUG | new sample | baudspeed_avg 21092.02744406147
2024-04-08 21:07:20,247 | topics | DEBUG | new sample | rx_in_waiting 40060
2024-04-08 21:07:20,247 | topics | DEBUG | new sample | rx_in_waiting_max 46290
2024-04-08 21:07:20,247 | topics | DEBUG | new sample | rx_in_waiting_avg 35760.12069451574
2024-04-08 21:07:21,456 | topics | DEBUG | new sample | baudspeed 28819.228830562668
2024-04-08 21:07:21,456 | topics | DEBUG | new sample | baudspeed_avg 21459.98941484724
2024-04-08 21:07:21,457 | topics | DEBUG | new sample | rx_in_waiting 34845
2024-04-08 21:07:21,457 | topics | DEBUG | new sample | rx_in_waiting_max 46290
2024-04-08 21:07:21,457 | topics | DEBUG | new sample | rx_in_waiting_avg 35676.927904105214
2024-04-08 21:07:22,842 | topics | DEBUG | new sample | baudspeed 28540.40514325875
2024-04-08 21:07:22,843 | topics | DEBUG | new sample | baudspeed_avg 21797.152068581123
2024-04-08 21:07:22,843 | topics | DEBUG | new sample | rx_in_waiting 39560
2024-04-08 21:07:22,843 | topics | DEBUG | new sample | rx_in_waiting_max 46290
2024-04-08 21:07:22,843 | topics | DEBUG | new sample | rx_in_waiting_avg 36029.93445827747
2024-04-08 21:07:24,545 | topics | DEBUG | new sample | baudspeed 28788.232700537417
2024-04-08 21:07:24,545 | topics | DEBUG | new sample | baudspeed_avg 22130.060670102852
2024-04-08 21:07:24,545 | topics | DEBUG | new sample | rx_in_waiting 49030
2024-04-08 21:07:24,546 | topics | DEBUG | new sample | rx_in_waiting_max 49030
2024-04-08 21:07:24,546 | topics | DEBUG | new sample | rx_in_waiting_avg 37211.75859843407
2024-04-08 21:07:25,728 | topics | DEBUG | new sample | baudspeed 29287.778312483828
2024-04-08 21:07:25,729 | topics | DEBUG | new sample | baudspeed_avg 22470.90436735909
2024-04-08 21:07:25,729 | topics | DEBUG | new sample | rx_in_waiting 34650
2024-04-08 21:07:25,729 | topics | DEBUG | new sample | rx_in_waiting_max 49030
2024-04-08 21:07:25,729 | topics | DEBUG | new sample | rx_in_waiting_avg 36978.87145312188
2024-04-08 21:07:27,052 | topics | DEBUG | new sample | baudspeed 28751.59930561345
2024-04-08 21:07:27,053 | topics | DEBUG | new sample | baudspeed_avg 22769.985078704536
2024-04-08 21:07:27,053 | topics | DEBUG | new sample | rx_in_waiting 38070
2024-04-08 21:07:27,053 | topics | DEBUG | new sample | rx_in_waiting_max 49030
2024-04-08 21:07:27,053 | topics | DEBUG | new sample | rx_in_waiting_avg 37078.064957383525
2024-04-08 21:07:28,678 | topics | DEBUG | new sample | baudspeed 28361.959818187923
2024-04-08 21:07:28,678 | topics | DEBUG | new sample | baudspeed_avg 23036.26959010851
2024-04-08 21:07:28,679 | topics | DEBUG | new sample | rx_in_waiting 46120
2024-04-08 21:07:28,679 | topics | DEBUG | new sample | rx_in_waiting_max 49030
2024-04-08 21:07:28,679 | topics | DEBUG | new sample | rx_in_waiting_avg 37900.05905216684
2024-04-08 21:07:29,936 | topics | DEBUG | new sample | baudspeed 27736.347097192087
2024-04-08 21:07:29,936 | topics | DEBUG | new sample | baudspeed_avg 23260.082804731537
2024-04-08 21:07:29,937 | topics | DEBUG | new sample | rx_in_waiting 34895
2024-04-08 21:07:29,937 | topics | DEBUG | new sample | rx_in_waiting_max 49030
2024-04-08 21:07:29,937 | topics | DEBUG | new sample | rx_in_waiting_avg 37626.87186560622
2024-04-08 21:07:31,297 | topics | DEBUG | new sample | baudspeed 27999.42780910528
2024-04-08 21:07:31,298 | topics | DEBUG | new sample | baudspeed_avg 23485.765900177903
2024-04-08 21:07:31,298 | topics | DEBUG | new sample | rx_in_waiting 38110
2024-04-08 21:07:31,298 | topics | DEBUG | new sample | rx_in_waiting_max 49030
2024-04-08 21:07:31,298 | topics | DEBUG | new sample | rx_in_waiting_avg 37670.79260509656
2024-04-08 21:07:33,041 | topics | DEBUG | new sample | baudspeed 28018.56097848539
2024-04-08 21:07:33,041 | topics | DEBUG | new sample | baudspeed_avg 23701.613284859213
2024-04-08 21:07:33,041 | topics | DEBUG | new sample | rx_in_waiting 48840
2024-04-08 21:07:33,041 | topics | DEBUG | new sample | rx_in_waiting_max 49030
2024-04-08 21:07:33,041 | topics | DEBUG | new sample | rx_in_waiting_avg 38686.17509554233
2024-04-08 21:07:34,357 | topics | DEBUG | new sample | baudspeed 28405.924482049115
2024-04-08 21:07:34,357 | topics | DEBUG | new sample | baudspeed_avg 23925.62810377302
2024-04-08 21:07:34,357 | topics | DEBUG | new sample | rx_in_waiting 37385
2024-04-08 21:07:34,357 | topics | DEBUG | new sample | rx_in_waiting_max 49030
2024-04-08 21:07:34,357 | topics | DEBUG | new sample | rx_in_waiting_avg 38567.886450493024
2024-04-08 21:07:35,969 | topics | DEBUG | new sample | baudspeed 28763.32650322824
2024-04-08 21:07:35,969 | topics | DEBUG | new sample | baudspeed_avg 24155.994694223267
2024-04-08 21:07:35,969 | topics | DEBUG | new sample | rx_in_waiting 46370
2024-04-08 21:07:35,969 | topics | DEBUG | new sample | rx_in_waiting_max 49030
2024-04-08 21:07:35,969 | topics | DEBUG | new sample | rx_in_waiting_avg 39277.1695004482
2024-04-08 21:07:37,193 | topics | DEBUG | new sample | baudspeed 28351.676709441872
2024-04-08 21:07:37,193 | topics | DEBUG | new sample | baudspeed_avg 24355.789075900342
2024-04-08 21:07:37,193 | topics | DEBUG | new sample | rx_in_waiting 34705
2024-04-08 21:07:37,193 | topics | DEBUG | new sample | rx_in_waiting_max 49030
2024-04-08 21:07:37,193 | topics | DEBUG | new sample | rx_in_waiting_avg 38861.517727680184
2024-04-08 21:07:38,479 | topics | DEBUG | new sample | baudspeed 28221.074279476987
2024-04-08 21:07:38,479 | topics | DEBUG | new sample | baudspeed_avg 24539.850276070658
2024-04-08 21:07:38,479 | topics | DEBUG | new sample | rx_in_waiting 36295
2024-04-08 21:07:38,479 | topics | DEBUG | new sample | rx_in_waiting_max 49030
2024-04-08 21:07:38,479 | topics | DEBUG | new sample | rx_in_waiting_avg 38628.19793425471
2024-04-08 21:07:39,995 | topics | DEBUG | new sample | baudspeed 28088.266114340197
2024-04-08 21:07:39,996 | topics | DEBUG | new sample | baudspeed_avg 24708.8224588454
2024-04-08 21:07:39,996 | topics | DEBUG | new sample | rx_in_waiting 42585
2024-04-08 21:07:39,996 | topics | DEBUG | new sample | rx_in_waiting_max 49030
2024-04-08 21:07:39,996 | topics | DEBUG | new sample | rx_in_waiting_avg 38987.90721295883
2024-04-08 21:07:41,489 | topics | DEBUG | new sample | baudspeed 27477.890180129965
2024-04-08 21:07:41,489 | topics | DEBUG | new sample | baudspeed_avg 24840.68282652562
2024-04-08 21:07:41,489 | topics | DEBUG | new sample | rx_in_waiting 41055
2024-04-08 21:07:41,489 | topics | DEBUG | new sample | rx_in_waiting_max 49030
2024-04-08 21:07:41,489 | topics | DEBUG | new sample | rx_in_waiting_avg 39175.82473905349
2024-04-08 21:07:42,801 | topics | DEBUG | new sample | baudspeed 28393.43720960827
2024-04-08 21:07:42,802 | topics | DEBUG | new sample | baudspeed_avg 25009.861606672413
2024-04-08 21:07:42,802 | topics | DEBUG | new sample | rx_in_waiting 37255
2024-04-08 21:07:42,802 | topics | DEBUG | new sample | rx_in_waiting_max 49030
2024-04-08 21:07:42,802 | topics | DEBUG | new sample | rx_in_waiting_avg 39001.204308230444
2024-04-08 21:07:44,389 | topics | DEBUG | new sample | baudspeed 28574.684354758272
2024-04-08 21:07:44,389 | topics | DEBUG | new sample | baudspeed_avg 25179.615070866974
2024-04-08 21:07:44,389 | topics | DEBUG | new sample | rx_in_waiting 45380
2024-04-08 21:07:44,389 | topics | DEBUG | new sample | rx_in_waiting_max 49030
2024-04-08 21:07:44,389 | topics | DEBUG | new sample | rx_in_waiting_avg 39581.09482566404
2024-04-08 21:07:45,726 | topics | DEBUG | new sample | baudspeed 28329.972278107623
2024-04-08 21:07:45,726 | topics | DEBUG | new sample | baudspeed_avg 25329.632080735577
2024-04-08 21:07:45,726 | topics | DEBUG | new sample | rx_in_waiting 37880
2024-04-08 21:07:45,726 | topics | DEBUG | new sample | rx_in_waiting_max 49030
2024-04-08 21:07:45,726 | topics | DEBUG | new sample | rx_in_waiting_avg 39426.44984151277
2024-04-08 21:07:47,097 | topics | DEBUG | new sample | baudspeed 26738.877219432758
2024-04-08 21:07:47,097 | topics | DEBUG | new sample | baudspeed_avg 25396.738992102113
2024-04-08 21:07:47,097 | topics | DEBUG | new sample | rx_in_waiting 36635
2024-04-08 21:07:47,098 | topics | DEBUG | new sample | rx_in_waiting_max 49030
2024-04-08 21:07:47,098 | topics | DEBUG | new sample | rx_in_waiting_avg 39172.68167410252
2024-04-08 21:07:49,988 | topics | DEBUG | new sample | baudspeed 28408.456970071104
2024-04-08 21:07:49,988 | topics | DEBUG | new sample | baudspeed_avg 25540.154133910157
2024-04-08 21:07:49,988 | topics | DEBUG | new sample | rx_in_waiting 82135
2024-04-08 21:07:49,988 | topics | DEBUG | new sample | rx_in_waiting_max 82135
2024-04-08 21:07:49,988 | topics | DEBUG | new sample | rx_in_waiting_avg 43078.346976456836
2024-04-08 21:07:53,150 | topics | DEBUG | new sample | baudspeed 28838.771272388432
2024-04-08 21:07:53,150 | topics | DEBUG | new sample | baudspeed_avg 25697.23114050436
2024-04-08 21:07:53,150 | topics | DEBUG | new sample | rx_in_waiting 91195
2024-04-08 21:07:53,150 | topics | DEBUG | new sample | rx_in_waiting_max 91195
2024-04-08 21:07:53,150 | topics | DEBUG | new sample | rx_in_waiting_avg 47452.588160415304
2024-04-08 21:07:55,634 | topics | DEBUG | new sample | baudspeed 28347.3036378652
2024-04-08 21:07:55,634 | topics | DEBUG | new sample | baudspeed_avg 25823.425068950113
2024-04-08 21:07:55,634 | topics | DEBUG | new sample | rx_in_waiting 70420
2024-04-08 21:07:55,635 | topics | DEBUG | new sample | rx_in_waiting_max 91195
2024-04-08 21:07:55,635 | topics | DEBUG | new sample | rx_in_waiting_avg 49540.53469128663
2024-04-08 21:07:58,424 | topics | DEBUG | new sample | baudspeed 28682.421479908728
2024-04-08 21:07:58,425 | topics | DEBUG | new sample | baudspeed_avg 25959.56775518624
2024-04-08 21:07:58,425 | topics | DEBUG | new sample | rx_in_waiting 80030
2024-04-08 21:07:58,425 | topics | DEBUG | new sample | rx_in_waiting_max 91195
2024-04-08 21:07:58,425 | topics | DEBUG | new sample | rx_in_waiting_avg 52312.30426480602
2024-04-08 21:08:01,782 | topics | DEBUG | new sample | baudspeed 28688.679458036488
2024-04-08 21:08:01,782 | topics | DEBUG | new sample | baudspeed_avg 26089.52545532196
2024-04-08 21:08:01,782 | topics | DEBUG | new sample | rx_in_waiting 96315
2024-04-08 21:08:01,782 | topics | DEBUG | new sample | rx_in_waiting_max 96315
2024-04-08 21:08:01,782 | topics | DEBUG | new sample | rx_in_waiting_avg 56312.54933164184
2024-04-08 21:08:04,260 | topics | DEBUG | new sample | baudspeed 28833.616597474604
2024-04-08 21:08:04,260 | topics | DEBUG | new sample | baudspeed_avg 26220.19646209113
2024-04-08 21:08:04,260 | topics | DEBUG | new sample | rx_in_waiting 71455
2024-04-08 21:08:04,260 | topics | DEBUG | new sample | rx_in_waiting_max 96315
2024-04-08 21:08:04,260 | topics | DEBUG | new sample | rx_in_waiting_avg 57689.13575603804
2024-04-08 21:08:07,115 | topics | DEBUG | new sample | baudspeed 28626.562656646103
2024-04-08 21:08:07,115 | topics | DEBUG | new sample | baudspeed_avg 26334.78532849851
2024-04-08 21:08:07,115 | topics | DEBUG | new sample | rx_in_waiting 81735
2024-04-08 21:08:07,116 | topics | DEBUG | new sample | rx_in_waiting_max 96315
2024-04-08 21:08:07,116 | topics | DEBUG | new sample | rx_in_waiting_avg 59875.12341458003
2024-04-08 21:08:10,353 | topics | DEBUG | new sample | baudspeed 28841.27350508402
2024-04-08 21:08:10,353 | topics | DEBUG | new sample | baudspeed_avg 26454.141908335914
2024-04-08 21:08:10,353 | topics | DEBUG | new sample | rx_in_waiting 93395
2024-04-08 21:08:10,353 | topics | DEBUG | new sample | rx_in_waiting_max 96315
2024-04-08 21:08:10,353 | topics | DEBUG | new sample | rx_in_waiting_avg 62922.38492234549
2024-04-08 21:08:12,905 | topics | DEBUG | new sample | baudspeed 27724.292070745265
2024-04-08 21:08:12,905 | topics | DEBUG | new sample | baudspeed_avg 26514.625249403023
2024-04-08 21:08:12,905 | topics | DEBUG | new sample | rx_in_waiting 70730
2024-04-08 21:08:12,905 | topics | DEBUG | new sample | rx_in_waiting_max 96315
2024-04-08 21:08:12,906 | topics | DEBUG | new sample | rx_in_waiting_avg 63632.168111223174
2024-04-08 21:08:15,846 | topics | DEBUG | new sample | baudspeed 28331.789441737586
2024-04-08 21:08:15,846 | topics | DEBUG | new sample | baudspeed_avg 26601.15687760943
2024-04-08 21:08:15,846 | topics | DEBUG | new sample | rx_in_waiting 83330
2024-04-08 21:08:15,846 | topics | DEBUG | new sample | rx_in_waiting_max 96315
2024-04-08 21:08:15,846 | topics | DEBUG | new sample | rx_in_waiting_avg 65422.88010111197
2024-04-08 21:08:18,930 | topics | DEBUG | new sample | baudspeed 28610.067610303307
2024-04-08 21:08:18,930 | topics | DEBUG | new sample | baudspeed_avg 26696.819293451994
2024-04-08 21:08:18,930 | topics | DEBUG | new sample | rx_in_waiting 88240
2024-04-08 21:08:18,930 | topics | DEBUG | new sample | rx_in_waiting_max 96315
2024-04-08 21:08:18,930 | topics | DEBUG | new sample | rx_in_waiting_avg 67497.16372828362
2024-04-08 21:08:18,933 | cli | INFO | Disconnected.
2024-04-08 21:08:18,933 | cli | INFO | Raw IO : rx_bytes : 2609645
2024-04-08 21:08:18,934 | cli | INFO | Raw IO : tx_bytes : 0
2024-04-08 21:08:18,934 | cli | INFO | Raw IO : rx_chunks : 2609645
2024-04-08 21:08:18,934 | cli | INFO | Raw IO : tx_chunks : 0
2024-04-08 21:08:18,934 | cli | INFO | Raw IO : rx_in_waiting : 88240
2024-04-08 21:08:18,934 | cli | INFO | Raw IO : rx_in_waiting_avg : 67497.16372828362
2024-04-08 21:08:18,934 | cli | INFO | Raw IO : rx_in_waiting_max : 96315
2024-04-08 21:08:18,934 | cli | INFO | IO speeds : baudspeed : 28610.067610303307
2024-04-08 21:08:18,934 | cli | INFO | IO speeds : baudspeed_avg : 26696.819293451994
2024-04-08 21:08:18,934 | cli | INFO | IO speeds : baudratio : 2.9802153760732613
2024-04-08 21:08:18,934 | cli | INFO | IO speeds : baudratio_avg : 2.7809186764012495
2024-04-08 21:08:18,934 | cli | INFO | Framing : rx_processed_bytes : 2609645
2024-04-08 21:08:18,935 | cli | INFO | Framing : rx_discarded_bytes : 2609645
2024-04-08 21:08:18,935 | cli | INFO | Framing : rx_escaped_bytes : 0
2024-04-08 21:08:18,935 | cli | INFO | Framing : rx_complete_frames : 0
2024-04-08 21:08:18,935 | cli | INFO | Framing : rx_uncomplete_frames : 0
2024-04-08 21:08:18,935 | cli | INFO | Framing : tx_processed_bytes : 0
2024-04-08 21:08:18,935 | cli | INFO | Framing : tx_encoded_frames : 0
2024-04-08 21:08:18,935 | cli | INFO | Framing : tx_escaped_bytes : 0
2024-04-08 21:08:18,935 | cli | INFO | Protocol : rx_decoded_frames : 0
2024-04-08 21:08:18,935 | cli | INFO | Protocol : rx_corrupted_crc : 0
2024-04-08 21:08:18,936 | cli | INFO | Protocol : rx_corrupted_header : 0
2024-04-08 21:08:18,936 | cli | INFO | Protocol : rx_corrupted_eol : 0
2024-04-08 21:08:18,936 | cli | INFO | Protocol : rx_corrupted_topic : 0
2024-04-08 21:08:18,936 | cli | INFO | Protocol : rx_corrupted_payload : 0
2024-04-08 21:08:18,936 | cli | INFO | Protocol : tx_encoded_frames : 0
2024-04-08 21:08:18,936 | cli | INFO | Logged session statistics.
2024-04-08 21:08:18,936 | cli | INFO | Application quit.
